{"D:\\projetos-particular\\PetLife\\apps\\web\\src\\App.tsx": {"path":"D:\\projetos-particular\\PetLife\\apps\\web\\src\\App.tsx","all":false,"statementMap":{"0":{"start":{"line":1,"column":0},"end":{"line":1,"column":26}},"13":{"start":{"line":14,"column":0},"end":{"line":14,"column":36}},"14":{"start":{"line":15,"column":0},"end":{"line":15,"column":10}},"15":{"start":{"line":16,"column":0},"end":{"line":16,"column":19}},"16":{"start":{"line":17,"column":0},"end":{"line":17,"column":20}},"17":{"start":{"line":18,"column":0},"end":{"line":18,"column":23}},"18":{"start":{"line":19,"column":0},"end":{"line":19,"column":18}},"20":{"start":{"line":21,"column":0},"end":{"line":21,"column":59}},"21":{"start":{"line":22,"column":0},"end":{"line":22,"column":65}},"22":{"start":{"line":23,"column":0},"end":{"line":23,"column":78}},"23":{"start":{"line":24,"column":0},"end":{"line":24,"column":76}},"26":{"start":{"line":27,"column":0},"end":{"line":27,"column":18}},"27":{"start":{"line":28,"column":0},"end":{"line":28,"column":22}},"28":{"start":{"line":29,"column":0},"end":{"line":29,"column":23}},"29":{"start":{"line":30,"column":0},"end":{"line":30,"column":30}},"30":{"start":{"line":31,"column":0},"end":{"line":31,"column":35}},"31":{"start":{"line":32,"column":0},"end":{"line":32,"column":31}},"33":{"start":{"line":34,"column":0},"end":{"line":34,"column":14}},"34":{"start":{"line":35,"column":0},"end":{"line":35,"column":18}},"35":{"start":{"line":36,"column":0},"end":{"line":36,"column":29}},"36":{"start":{"line":37,"column":0},"end":{"line":37,"column":23}},"37":{"start":{"line":38,"column":0},"end":{"line":38,"column":30}},"38":{"start":{"line":39,"column":0},"end":{"line":39,"column":33}},"39":{"start":{"line":40,"column":0},"end":{"line":40,"column":31}},"41":{"start":{"line":42,"column":0},"end":{"line":42,"column":14}},"44":{"start":{"line":45,"column":0},"end":{"line":45,"column":68}},"45":{"start":{"line":46,"column":0},"end":{"line":46,"column":19}},"46":{"start":{"line":47,"column":0},"end":{"line":47,"column":24}},"47":{"start":{"line":48,"column":0},"end":{"line":48,"column":21}},"48":{"start":{"line":49,"column":0},"end":{"line":49,"column":20}},"50":{"start":{"line":51,"column":0},"end":{"line":51,"column":2}},"52":{"start":{"line":53,"column":0},"end":{"line":53,"column":19}}},"s":{"0":1,"13":1,"14":1,"15":1,"16":1,"17":1,"18":1,"20":1,"21":1,"22":1,"23":1,"26":1,"27":1,"28":1,"29":1,"30":1,"31":1,"33":1,"34":1,"35":1,"36":1,"37":1,"38":1,"39":1,"41":1,"44":1,"45":1,"46":1,"47":1,"48":1,"50":1,"52":1},"branchMap":{"0":{"type":"branch","line":14,"loc":{"start":{"line":14,"column":29},"end":{"line":51,"column":2}},"locations":[{"start":{"line":14,"column":29},"end":{"line":51,"column":2}}]}},"b":{"0":[1]},"fnMap":{"0":{"name":"App","decl":{"start":{"line":14,"column":29},"end":{"line":51,"column":2}},"loc":{"start":{"line":14,"column":29},"end":{"line":51,"column":2}},"line":14}},"f":{"0":1}}
,"D:\\projetos-particular\\PetLife\\apps\\web\\src\\main.tsx": {"path":"D:\\projetos-particular\\PetLife\\apps\\web\\src\\main.tsx","all":true,"statementMap":{"0":{"start":{"line":1,"column":0},"end":{"line":1,"column":34}},"1":{"start":{"line":2,"column":0},"end":{"line":2,"column":45}},"2":{"start":{"line":3,"column":0},"end":{"line":3,"column":20}},"3":{"start":{"line":4,"column":0},"end":{"line":4,"column":27}},"5":{"start":{"line":6,"column":0},"end":{"line":6,"column":52}},"6":{"start":{"line":7,"column":0},"end":{"line":7,"column":14}},"7":{"start":{"line":8,"column":0},"end":{"line":8,"column":11}},"8":{"start":{"line":9,"column":0},"end":{"line":9,"column":16}},"9":{"start":{"line":10,"column":0},"end":{"line":10,"column":1}}},"s":{"0":0,"1":0,"2":0,"3":0,"5":0,"6":0,"7":0,"8":0,"9":0},"branchMap":{"0":{"type":"branch","line":1,"loc":{"start":{"line":1,"column":229},"end":{"line":10,"column":1}},"locations":[{"start":{"line":1,"column":229},"end":{"line":10,"column":1}}]}},"b":{"0":[0]},"fnMap":{"0":{"name":"(empty-report)","decl":{"start":{"line":1,"column":229},"end":{"line":10,"column":1}},"loc":{"start":{"line":1,"column":229},"end":{"line":10,"column":1}},"line":1}},"f":{"0":0}}
,"D:\\projetos-particular\\PetLife\\apps\\web\\src\\components\\atoms\\Button\\Button.tsx": {"path":"D:\\projetos-particular\\PetLife\\apps\\web\\src\\components\\atoms\\Button\\Button.tsx","all":false,"statementMap":{"0":{"start":{"line":1,"column":0},"end":{"line":1,"column":26}},"8":{"start":{"line":9,"column":0},"end":{"line":9,"column":47}},"9":{"start":{"line":10,"column":0},"end":{"line":10,"column":11}},"10":{"start":{"line":11,"column":0},"end":{"line":11,"column":22}},"11":{"start":{"line":12,"column":0},"end":{"line":12,"column":20}},"12":{"start":{"line":13,"column":0},"end":{"line":13,"column":17}},"13":{"start":{"line":14,"column":0},"end":{"line":14,"column":11}},"14":{"start":{"line":15,"column":0},"end":{"line":15,"column":10}},"15":{"start":{"line":16,"column":0},"end":{"line":16,"column":7}},"16":{"start":{"line":17,"column":0},"end":{"line":17,"column":64}},"18":{"start":{"line":19,"column":0},"end":{"line":19,"column":10}},"19":{"start":{"line":20,"column":0},"end":{"line":20,"column":11}},"20":{"start":{"line":21,"column":0},"end":{"line":21,"column":29}},"21":{"start":{"line":22,"column":0},"end":{"line":22,"column":38}},"22":{"start":{"line":23,"column":0},"end":{"line":23,"column":16}},"24":{"start":{"line":25,"column":0},"end":{"line":25,"column":77}},"25":{"start":{"line":26,"column":0},"end":{"line":26,"column":16}},"26":{"start":{"line":27,"column":0},"end":{"line":27,"column":13}},"28":{"start":{"line":29,"column":0},"end":{"line":29,"column":2}}},"s":{"0":1,"8":1,"9":95,"10":95,"11":95,"12":95,"13":95,"14":95,"15":95,"16":95,"18":95,"19":95,"20":95,"21":95,"22":95,"24":95,"25":95,"26":95,"28":95},"branchMap":{"0":{"type":"branch","line":9,"loc":{"start":{"line":9,"column":45},"end":{"line":29,"column":2}},"locations":[{"start":{"line":9,"column":45},"end":{"line":29,"column":2}}]},"1":{"type":"branch","line":25,"loc":{"start":{"line":25,"column":7},"end":{"line":25,"column":77}},"locations":[{"start":{"line":25,"column":7},"end":{"line":25,"column":77}}]}},"b":{"0":[95],"1":[14]},"fnMap":{"0":{"name":"Button","decl":{"start":{"line":9,"column":45},"end":{"line":29,"column":2}},"loc":{"start":{"line":9,"column":45},"end":{"line":29,"column":2}},"line":9}},"f":{"0":95}}
,"D:\\projetos-particular\\PetLife\\apps\\web\\src\\components\\atoms\\Input\\Input.tsx": {"path":"D:\\projetos-particular\\PetLife\\apps\\web\\src\\components\\atoms\\Input\\Input.tsx","all":false,"statementMap":{"0":{"start":{"line":1,"column":0},"end":{"line":1,"column":26}},"7":{"start":{"line":8,"column":0},"end":{"line":8,"column":45}},"8":{"start":{"line":9,"column":0},"end":{"line":9,"column":19}},"9":{"start":{"line":10,"column":0},"end":{"line":10,"column":17}},"10":{"start":{"line":11,"column":0},"end":{"line":11,"column":10}},"11":{"start":{"line":12,"column":0},"end":{"line":12,"column":7}},"12":{"start":{"line":13,"column":0},"end":{"line":13,"column":81}},"14":{"start":{"line":15,"column":0},"end":{"line":15,"column":10}},"15":{"start":{"line":16,"column":0},"end":{"line":16,"column":10}},"16":{"start":{"line":17,"column":0},"end":{"line":17,"column":28}},"17":{"start":{"line":18,"column":0},"end":{"line":18,"column":16}},"18":{"start":{"line":19,"column":0},"end":{"line":19,"column":6}},"20":{"start":{"line":21,"column":0},"end":{"line":21,"column":2}}},"s":{"0":1,"7":1,"8":116,"9":116,"10":116,"11":116,"12":116,"14":116,"15":116,"16":116,"17":116,"18":116,"20":116},"branchMap":{"0":{"type":"branch","line":8,"loc":{"start":{"line":8,"column":43},"end":{"line":21,"column":2}},"locations":[{"start":{"line":8,"column":43},"end":{"line":21,"column":2}}]},"1":{"type":"branch","line":13,"loc":{"start":{"line":13,"column":36},"end":{"line":13,"column":63}},"locations":[{"start":{"line":13,"column":36},"end":{"line":13,"column":63}}]},"2":{"type":"branch","line":13,"loc":{"start":{"line":13,"column":47},"end":{"line":13,"column":65}},"locations":[{"start":{"line":13,"column":47},"end":{"line":13,"column":65}}]}},"b":{"0":[116],"1":[8],"2":[108]},"fnMap":{"0":{"name":"Input","decl":{"start":{"line":8,"column":43},"end":{"line":21,"column":2}},"loc":{"start":{"line":8,"column":43},"end":{"line":21,"column":2}},"line":8}},"f":{"0":116}}
,"D:\\projetos-particular\\PetLife\\apps\\web\\src\\components\\atoms\\Label\\Label.tsx": {"path":"D:\\projetos-particular\\PetLife\\apps\\web\\src\\components\\atoms\\Label\\Label.tsx","all":false,"statementMap":{"0":{"start":{"line":1,"column":0},"end":{"line":1,"column":26}},"7":{"start":{"line":8,"column":0},"end":{"line":8,"column":45}},"8":{"start":{"line":9,"column":0},"end":{"line":9,"column":11}},"9":{"start":{"line":10,"column":0},"end":{"line":10,"column":19}},"10":{"start":{"line":11,"column":0},"end":{"line":11,"column":17}},"11":{"start":{"line":12,"column":0},"end":{"line":12,"column":10}},"12":{"start":{"line":13,"column":0},"end":{"line":13,"column":7}},"13":{"start":{"line":14,"column":0},"end":{"line":14,"column":86}},"15":{"start":{"line":16,"column":0},"end":{"line":16,"column":10}},"16":{"start":{"line":17,"column":0},"end":{"line":17,"column":45}},"17":{"start":{"line":18,"column":0},"end":{"line":18,"column":16}},"18":{"start":{"line":19,"column":0},"end":{"line":19,"column":12}},"20":{"start":{"line":21,"column":0},"end":{"line":21,"column":2}}},"s":{"0":1,"7":1,"8":116,"9":116,"10":116,"11":116,"12":116,"13":116,"15":116,"16":116,"17":116,"18":116,"20":116},"branchMap":{"0":{"type":"branch","line":8,"loc":{"start":{"line":8,"column":43},"end":{"line":21,"column":2}},"locations":[{"start":{"line":8,"column":43},"end":{"line":21,"column":2}}]},"1":{"type":"branch","line":14,"loc":{"start":{"line":14,"column":38},"end":{"line":14,"column":68}},"locations":[{"start":{"line":14,"column":38},"end":{"line":14,"column":68}}]},"2":{"type":"branch","line":14,"loc":{"start":{"line":14,"column":49},"end":{"line":14,"column":70}},"locations":[{"start":{"line":14,"column":49},"end":{"line":14,"column":70}}]}},"b":{"0":[116],"1":[109],"2":[7]},"fnMap":{"0":{"name":"Label","decl":{"start":{"line":8,"column":43},"end":{"line":21,"column":2}},"loc":{"start":{"line":8,"column":43},"end":{"line":21,"column":2}},"line":8}},"f":{"0":116}}
,"D:\\projetos-particular\\PetLife\\apps\\web\\src\\components\\atoms\\PrivateRoute\\PrivateRoute.tsx": {"path":"D:\\projetos-particular\\PetLife\\apps\\web\\src\\components\\atoms\\PrivateRoute\\PrivateRoute.tsx","all":false,"statementMap":{"0":{"start":{"line":1,"column":0},"end":{"line":1,"column":26}},"8":{"start":{"line":9,"column":0},"end":{"line":9,"column":76}},"9":{"start":{"line":10,"column":0},"end":{"line":10,"column":49}},"11":{"start":{"line":12,"column":0},"end":{"line":12,"column":16}},"12":{"start":{"line":13,"column":0},"end":{"line":13,"column":12}},"13":{"start":{"line":14,"column":0},"end":{"line":14,"column":10}},"14":{"start":{"line":15,"column":0},"end":{"line":15,"column":16}},"15":{"start":{"line":16,"column":0},"end":{"line":16,"column":29}},"16":{"start":{"line":17,"column":0},"end":{"line":17,"column":26}},"17":{"start":{"line":18,"column":0},"end":{"line":18,"column":31}},"18":{"start":{"line":19,"column":0},"end":{"line":19,"column":35}},"19":{"start":{"line":20,"column":0},"end":{"line":20,"column":42}},"20":{"start":{"line":21,"column":0},"end":{"line":21,"column":10}},"22":{"start":{"line":23,"column":0},"end":{"line":23,"column":12}},"23":{"start":{"line":24,"column":0},"end":{"line":24,"column":29}},"24":{"start":{"line":25,"column":0},"end":{"line":25,"column":75}},"25":{"start":{"line":26,"column":0},"end":{"line":26,"column":10}},"26":{"start":{"line":27,"column":0},"end":{"line":27,"column":12}},"28":{"start":{"line":29,"column":0},"end":{"line":29,"column":3}},"30":{"start":{"line":31,"column":0},"end":{"line":31,"column":25}},"31":{"start":{"line":32,"column":0},"end":{"line":32,"column":44}},"32":{"start":{"line":33,"column":0},"end":{"line":33,"column":3}},"34":{"start":{"line":35,"column":0},"end":{"line":35,"column":18}},"35":{"start":{"line":36,"column":0},"end":{"line":36,"column":2}}},"s":{"0":1,"8":1,"9":5,"11":5,"12":2,"13":2,"14":2,"15":2,"16":2,"17":2,"18":2,"19":2,"20":2,"22":2,"23":2,"24":2,"25":2,"26":2,"28":2,"30":4,"31":2,"32":2,"34":1,"35":1},"branchMap":{"0":{"type":"branch","line":9,"loc":{"start":{"line":9,"column":57},"end":{"line":36,"column":2}},"locations":[{"start":{"line":9,"column":57},"end":{"line":36,"column":2}}]},"1":{"type":"branch","line":12,"loc":{"start":{"line":12,"column":15},"end":{"line":33,"column":3}},"locations":[{"start":{"line":12,"column":15},"end":{"line":33,"column":3}}]},"2":{"type":"branch","line":12,"loc":{"start":{"line":12,"column":15},"end":{"line":29,"column":3}},"locations":[{"start":{"line":12,"column":15},"end":{"line":29,"column":3}}]},"3":{"type":"branch","line":29,"loc":{"start":{"line":29,"column":2},"end":{"line":31,"column":24}},"locations":[{"start":{"line":29,"column":2},"end":{"line":31,"column":24}}]},"4":{"type":"branch","line":31,"loc":{"start":{"line":31,"column":24},"end":{"line":33,"column":3}},"locations":[{"start":{"line":31,"column":24},"end":{"line":33,"column":3}}]},"5":{"type":"branch","line":33,"loc":{"start":{"line":33,"column":2},"end":{"line":36,"column":2}},"locations":[{"start":{"line":33,"column":2},"end":{"line":36,"column":2}}]}},"b":{"0":[5],"1":[4],"2":[2],"3":[3],"4":[2],"5":[1]},"fnMap":{"0":{"name":"PrivateRoute","decl":{"start":{"line":9,"column":57},"end":{"line":36,"column":2}},"loc":{"start":{"line":9,"column":57},"end":{"line":36,"column":2}},"line":9}},"f":{"0":5}}
,"D:\\projetos-particular\\PetLife\\apps\\web\\src\\components\\molecules\\FormField\\FormField.tsx": {"path":"D:\\projetos-particular\\PetLife\\apps\\web\\src\\components\\molecules\\FormField\\FormField.tsx","all":false,"statementMap":{"0":{"start":{"line":1,"column":0},"end":{"line":1,"column":26}},"11":{"start":{"line":12,"column":0},"end":{"line":12,"column":53}},"12":{"start":{"line":13,"column":0},"end":{"line":13,"column":8}},"13":{"start":{"line":14,"column":0},"end":{"line":14,"column":8}},"14":{"start":{"line":15,"column":0},"end":{"line":15,"column":19}},"15":{"start":{"line":16,"column":0},"end":{"line":16,"column":5}},"16":{"start":{"line":17,"column":0},"end":{"line":17,"column":10}},"17":{"start":{"line":18,"column":0},"end":{"line":18,"column":7}},"18":{"start":{"line":19,"column":0},"end":{"line":19,"column":10}},"19":{"start":{"line":20,"column":0},"end":{"line":20,"column":42}},"20":{"start":{"line":21,"column":0},"end":{"line":21,"column":46}},"21":{"start":{"line":22,"column":0},"end":{"line":22,"column":15}},"22":{"start":{"line":23,"column":0},"end":{"line":23,"column":14}},"23":{"start":{"line":24,"column":0},"end":{"line":24,"column":12}},"24":{"start":{"line":25,"column":0},"end":{"line":25,"column":15}},"25":{"start":{"line":26,"column":0},"end":{"line":26,"column":26}},"26":{"start":{"line":27,"column":0},"end":{"line":27,"column":18}},"27":{"start":{"line":28,"column":0},"end":{"line":28,"column":8}},"28":{"start":{"line":29,"column":0},"end":{"line":29,"column":63}},"29":{"start":{"line":30,"column":0},"end":{"line":30,"column":10}},"31":{"start":{"line":32,"column":0},"end":{"line":32,"column":2}}},"s":{"0":1,"11":1,"12":116,"13":116,"14":116,"15":116,"16":116,"17":116,"18":116,"19":116,"20":116,"21":116,"22":116,"23":116,"24":116,"25":116,"26":116,"27":116,"28":116,"29":116,"31":116},"branchMap":{"0":{"type":"branch","line":12,"loc":{"start":{"line":12,"column":51},"end":{"line":32,"column":2}},"locations":[{"start":{"line":12,"column":51},"end":{"line":32,"column":2}}]},"1":{"type":"branch","line":29,"loc":{"start":{"line":29,"column":7},"end":{"line":29,"column":63}},"locations":[{"start":{"line":29,"column":7},"end":{"line":29,"column":63}}]}},"b":{"0":[116],"1":[8]},"fnMap":{"0":{"name":"FormField","decl":{"start":{"line":12,"column":51},"end":{"line":32,"column":2}},"loc":{"start":{"line":12,"column":51},"end":{"line":32,"column":2}},"line":12}},"f":{"0":116}}
,"D:\\projetos-particular\\PetLife\\apps\\web\\src\\components\\molecules\\Toast\\Toast.tsx": {"path":"D:\\projetos-particular\\PetLife\\apps\\web\\src\\components\\molecules\\Toast\\Toast.tsx","all":false,"statementMap":{"0":{"start":{"line":1,"column":0},"end":{"line":1,"column":80}},"14":{"start":{"line":15,"column":0},"end":{"line":15,"column":76}},"15":{"start":{"line":16,"column":0},"end":{"line":16,"column":89}},"16":{"start":{"line":17,"column":0},"end":{"line":17,"column":59}},"18":{"start":{"line":19,"column":0},"end":{"line":19,"column":71}},"19":{"start":{"line":20,"column":0},"end":{"line":20,"column":22}},"20":{"start":{"line":21,"column":0},"end":{"line":21,"column":58}},"23":{"start":{"line":24,"column":0},"end":{"line":24,"column":22}},"24":{"start":{"line":25,"column":0},"end":{"line":25,"column":59}},"25":{"start":{"line":26,"column":0},"end":{"line":26,"column":13}},"26":{"start":{"line":27,"column":0},"end":{"line":27,"column":9}},"29":{"start":{"line":30,"column":0},"end":{"line":30,"column":22}},"30":{"start":{"line":31,"column":0},"end":{"line":31,"column":54}},"31":{"start":{"line":32,"column":0},"end":{"line":32,"column":4}},"33":{"start":{"line":34,"column":0},"end":{"line":34,"column":10}},"34":{"start":{"line":35,"column":0},"end":{"line":35,"column":49}},"35":{"start":{"line":36,"column":0},"end":{"line":36,"column":16}},"36":{"start":{"line":37,"column":0},"end":{"line":37,"column":69}},"37":{"start":{"line":38,"column":0},"end":{"line":38,"column":32}},"38":{"start":{"line":39,"column":0},"end":{"line":39,"column":14}},"39":{"start":{"line":40,"column":0},"end":{"line":40,"column":26}},"40":{"start":{"line":41,"column":0},"end":{"line":41,"column":56}},"41":{"start":{"line":42,"column":0},"end":{"line":42,"column":47}},"43":{"start":{"line":44,"column":0},"end":{"line":44,"column":41}},"44":{"start":{"line":45,"column":0},"end":{"line":45,"column":52}},"45":{"start":{"line":46,"column":0},"end":{"line":46,"column":19}},"46":{"start":{"line":47,"column":0},"end":{"line":47,"column":66}},"47":{"start":{"line":48,"column":0},"end":{"line":48,"column":16}},"48":{"start":{"line":49,"column":0},"end":{"line":49,"column":11}},"49":{"start":{"line":50,"column":0},"end":{"line":50,"column":12}},"50":{"start":{"line":51,"column":0},"end":{"line":51,"column":28}},"52":{"start":{"line":53,"column":0},"end":{"line":53,"column":2}},"54":{"start":{"line":55,"column":0},"end":{"line":55,"column":31}},"55":{"start":{"line":56,"column":0},"end":{"line":56,"column":43}},"56":{"start":{"line":57,"column":0},"end":{"line":57,"column":17}},"57":{"start":{"line":58,"column":0},"end":{"line":58,"column":68}},"58":{"start":{"line":59,"column":0},"end":{"line":59,"column":3}},"59":{"start":{"line":60,"column":0},"end":{"line":60,"column":17}},"60":{"start":{"line":61,"column":0},"end":{"line":61,"column":2}}},"s":{"0":1,"14":1,"15":1,"16":7,"18":7,"19":3,"20":3,"23":3,"24":1,"25":3,"26":7,"29":7,"30":3,"31":3,"33":7,"34":7,"35":7,"36":7,"37":7,"38":4,"39":4,"40":4,"41":4,"43":4,"44":4,"45":4,"46":4,"47":4,"48":7,"49":7,"50":7,"52":7,"54":1,"55":10,"56":10,"57":2,"58":2,"59":7,"60":7},"branchMap":{"0":{"type":"branch","line":16,"loc":{"start":{"line":16,"column":70},"end":{"line":53,"column":2}},"locations":[{"start":{"line":16,"column":70},"end":{"line":53,"column":2}}]},"1":{"type":"branch","line":19,"loc":{"start":{"line":19,"column":32},"end":{"line":27,"column":5}},"locations":[{"start":{"line":19,"column":32},"end":{"line":27,"column":5}}]},"2":{"type":"branch","line":21,"loc":{"start":{"line":21,"column":14},"end":{"line":21,"column":56}},"locations":[{"start":{"line":21,"column":14},"end":{"line":21,"column":56}}]},"3":{"type":"branch","line":24,"loc":{"start":{"line":24,"column":15},"end":{"line":26,"column":7}},"locations":[{"start":{"line":24,"column":15},"end":{"line":26,"column":7}}]},"4":{"type":"branch","line":25,"loc":{"start":{"line":25,"column":16},"end":{"line":25,"column":57}},"locations":[{"start":{"line":25,"column":16},"end":{"line":25,"column":57}}]},"5":{"type":"branch","line":25,"loc":{"start":{"line":25,"column":38},"end":{"line":25,"column":56}},"locations":[{"start":{"line":25,"column":38},"end":{"line":25,"column":56}}]},"6":{"type":"branch","line":30,"loc":{"start":{"line":30,"column":15},"end":{"line":32,"column":4}},"locations":[{"start":{"line":30,"column":15},"end":{"line":32,"column":4}}]},"7":{"type":"branch","line":38,"loc":{"start":{"line":38,"column":20},"end":{"line":48,"column":16}},"locations":[{"start":{"line":38,"column":20},"end":{"line":48,"column":16}}]},"8":{"type":"branch","line":45,"loc":{"start":{"line":45,"column":30},"end":{"line":45,"column":48}},"locations":[{"start":{"line":45,"column":30},"end":{"line":45,"column":48}}]},"9":{"type":"branch","line":45,"loc":{"start":{"line":45,"column":42},"end":{"line":45,"column":52}},"locations":[{"start":{"line":45,"column":42},"end":{"line":45,"column":52}}]},"10":{"type":"branch","line":55,"loc":{"start":{"line":55,"column":24},"end":{"line":61,"column":2}},"locations":[{"start":{"line":55,"column":24},"end":{"line":61,"column":2}}]},"11":{"type":"branch","line":57,"loc":{"start":{"line":57,"column":16},"end":{"line":59,"column":3}},"locations":[{"start":{"line":57,"column":16},"end":{"line":59,"column":3}}]},"12":{"type":"branch","line":59,"loc":{"start":{"line":59,"column":2},"end":{"line":61,"column":2}},"locations":[{"start":{"line":59,"column":2},"end":{"line":61,"column":2}}]}},"b":{"0":[7],"1":[3],"2":[3],"3":[1],"4":[1],"5":[1],"6":[3],"7":[4],"8":[3],"9":[1],"10":[10],"11":[2],"12":[7]},"fnMap":{"0":{"name":"ToastProvider","decl":{"start":{"line":16,"column":70},"end":{"line":53,"column":2}},"loc":{"start":{"line":16,"column":70},"end":{"line":53,"column":2}},"line":16},"1":{"name":"UUID","decl":{"start":{"line":30,"column":15},"end":{"line":32,"column":4}},"loc":{"start":{"line":30,"column":15},"end":{"line":32,"column":4}},"line":30},"2":{"name":"useToast","decl":{"start":{"line":55,"column":24},"end":{"line":61,"column":2}},"loc":{"start":{"line":55,"column":24},"end":{"line":61,"column":2}},"line":55}},"f":{"0":7,"1":3,"2":10}}
,"D:\\projetos-particular\\PetLife\\apps\\web\\src\\components\\organisms\\ForgotPasswordForm\\ForgotPasswordForm.tsx": {"path":"D:\\projetos-particular\\PetLife\\apps\\web\\src\\components\\organisms\\ForgotPasswordForm\\ForgotPasswordForm.tsx","all":false,"statementMap":{"0":{"start":{"line":1,"column":0},"end":{"line":1,"column":40}},"8":{"start":{"line":9,"column":0},"end":{"line":9,"column":51}},"9":{"start":{"line":10,"column":0},"end":{"line":10,"column":41}},"10":{"start":{"line":11,"column":0},"end":{"line":11,"column":41}},"11":{"start":{"line":12,"column":0},"end":{"line":12,"column":52}},"12":{"start":{"line":13,"column":0},"end":{"line":13,"column":52}},"14":{"start":{"line":15,"column":0},"end":{"line":15,"column":35}},"16":{"start":{"line":17,"column":0},"end":{"line":17,"column":26}},"17":{"start":{"line":18,"column":0},"end":{"line":18,"column":17}},"18":{"start":{"line":19,"column":0},"end":{"line":19,"column":42}},"19":{"start":{"line":20,"column":0},"end":{"line":20,"column":19}},"20":{"start":{"line":21,"column":0},"end":{"line":21,"column":45}},"21":{"start":{"line":22,"column":0},"end":{"line":22,"column":46}},"22":{"start":{"line":23,"column":0},"end":{"line":23,"column":19}},"23":{"start":{"line":24,"column":0},"end":{"line":24,"column":5}},"24":{"start":{"line":25,"column":0},"end":{"line":25,"column":17}},"25":{"start":{"line":26,"column":0},"end":{"line":26,"column":16}},"26":{"start":{"line":27,"column":0},"end":{"line":27,"column":4}},"28":{"start":{"line":29,"column":0},"end":{"line":29,"column":54}},"29":{"start":{"line":30,"column":0},"end":{"line":30,"column":23}},"31":{"start":{"line":32,"column":0},"end":{"line":32,"column":28}},"33":{"start":{"line":34,"column":0},"end":{"line":34,"column":23}},"34":{"start":{"line":35,"column":0},"end":{"line":35,"column":9}},"35":{"start":{"line":36,"column":0},"end":{"line":36,"column":57}},"36":{"start":{"line":37,"column":0},"end":{"line":37,"column":25}},"37":{"start":{"line":38,"column":0},"end":{"line":38,"column":68}},"38":{"start":{"line":39,"column":0},"end":{"line":39,"column":26}},"39":{"start":{"line":40,"column":0},"end":{"line":40,"column":27}},"40":{"start":{"line":41,"column":0},"end":{"line":41,"column":75}},"41":{"start":{"line":42,"column":0},"end":{"line":42,"column":15}},"42":{"start":{"line":43,"column":0},"end":{"line":43,"column":26}},"43":{"start":{"line":44,"column":0},"end":{"line":44,"column":5}},"44":{"start":{"line":45,"column":0},"end":{"line":45,"column":4}},"46":{"start":{"line":47,"column":0},"end":{"line":47,"column":18}},"47":{"start":{"line":48,"column":0},"end":{"line":48,"column":12}},"48":{"start":{"line":49,"column":0},"end":{"line":49,"column":65}},"49":{"start":{"line":50,"column":0},"end":{"line":50,"column":60}},"50":{"start":{"line":51,"column":0},"end":{"line":51,"column":113}},"51":{"start":{"line":52,"column":0},"end":{"line":52,"column":150}},"52":{"start":{"line":53,"column":0},"end":{"line":53,"column":12}},"53":{"start":{"line":54,"column":0},"end":{"line":54,"column":99}},"55":{"start":{"line":56,"column":0},"end":{"line":56,"column":15}},"56":{"start":{"line":57,"column":0},"end":{"line":57,"column":12}},"58":{"start":{"line":59,"column":0},"end":{"line":59,"column":3}},"60":{"start":{"line":61,"column":0},"end":{"line":61,"column":10}},"61":{"start":{"line":62,"column":0},"end":{"line":62,"column":102}},"62":{"start":{"line":63,"column":0},"end":{"line":63,"column":58}},"63":{"start":{"line":64,"column":0},"end":{"line":64,"column":111}},"65":{"start":{"line":66,"column":0},"end":{"line":66,"column":10}},"67":{"start":{"line":68,"column":0},"end":{"line":68,"column":16}},"68":{"start":{"line":69,"column":0},"end":{"line":69,"column":34}},"69":{"start":{"line":70,"column":0},"end":{"line":70,"column":20}},"70":{"start":{"line":71,"column":0},"end":{"line":71,"column":18}},"71":{"start":{"line":72,"column":0},"end":{"line":72,"column":43}},"72":{"start":{"line":73,"column":0},"end":{"line":73,"column":21}},"73":{"start":{"line":74,"column":0},"end":{"line":74,"column":50}},"74":{"start":{"line":75,"column":0},"end":{"line":75,"column":21}},"75":{"start":{"line":76,"column":0},"end":{"line":76,"column":16}},"76":{"start":{"line":77,"column":0},"end":{"line":77,"column":8}},"78":{"start":{"line":79,"column":0},"end":{"line":79,"column":50}},"80":{"start":{"line":81,"column":0},"end":{"line":81,"column":15}},"82":{"start":{"line":83,"column":0},"end":{"line":83,"column":40}},"83":{"start":{"line":84,"column":0},"end":{"line":84,"column":14}},"84":{"start":{"line":85,"column":0},"end":{"line":85,"column":31}},"85":{"start":{"line":86,"column":0},"end":{"line":86,"column":50}},"87":{"start":{"line":88,"column":0},"end":{"line":88,"column":17}},"88":{"start":{"line":89,"column":0},"end":{"line":89,"column":15}},"89":{"start":{"line":90,"column":0},"end":{"line":90,"column":12}},"90":{"start":{"line":91,"column":0},"end":{"line":91,"column":11}},"92":{"start":{"line":93,"column":0},"end":{"line":93,"column":2}}},"s":{"0":1,"8":1,"9":11,"10":11,"11":11,"12":11,"14":11,"16":11,"17":3,"18":1,"19":1,"20":3,"21":0,"22":0,"23":0,"24":2,"25":2,"26":3,"28":11,"29":3,"31":3,"33":2,"34":2,"35":2,"36":1,"37":1,"38":1,"39":1,"40":1,"41":3,"42":2,"43":2,"44":3,"46":11,"47":1,"48":1,"49":1,"50":1,"51":1,"52":1,"53":1,"55":1,"56":1,"58":1,"60":10,"61":10,"62":10,"63":10,"65":10,"67":10,"68":10,"69":10,"70":10,"71":10,"72":10,"73":10,"74":10,"75":10,"76":10,"78":10,"80":10,"82":10,"83":10,"84":10,"85":10,"87":10,"88":10,"89":10,"90":10,"92":10},"branchMap":{"0":{"type":"branch","line":9,"loc":{"start":{"line":9,"column":44},"end":{"line":93,"column":2}},"locations":[{"start":{"line":9,"column":44},"end":{"line":93,"column":2}}]},"1":{"type":"branch","line":47,"loc":{"start":{"line":47,"column":17},"end":{"line":59,"column":3}},"locations":[{"start":{"line":47,"column":17},"end":{"line":59,"column":3}}]},"2":{"type":"branch","line":59,"loc":{"start":{"line":59,"column":2},"end":{"line":93,"column":2}},"locations":[{"start":{"line":59,"column":2},"end":{"line":93,"column":2}}]},"3":{"type":"branch","line":17,"loc":{"start":{"line":17,"column":19},"end":{"line":27,"column":4}},"locations":[{"start":{"line":17,"column":19},"end":{"line":27,"column":4}}]},"4":{"type":"branch","line":18,"loc":{"start":{"line":18,"column":16},"end":{"line":21,"column":15}},"locations":[{"start":{"line":18,"column":16},"end":{"line":21,"column":15}}]},"5":{"type":"branch","line":21,"loc":{"start":{"line":21,"column":4},"end":{"line":26,"column":16}},"locations":[{"start":{"line":21,"column":4},"end":{"line":26,"column":16}}]},"6":{"type":"branch","line":21,"loc":{"start":{"line":21,"column":44},"end":{"line":24,"column":5}},"locations":[{"start":{"line":21,"column":44},"end":{"line":24,"column":5}}]},"7":{"type":"branch","line":29,"loc":{"start":{"line":29,"column":23},"end":{"line":45,"column":4}},"locations":[{"start":{"line":29,"column":23},"end":{"line":45,"column":4}}]},"8":{"type":"branch","line":32,"loc":{"start":{"line":32,"column":21},"end":{"line":32,"column":28}},"locations":[{"start":{"line":32,"column":21},"end":{"line":32,"column":28}}]},"9":{"type":"branch","line":32,"loc":{"start":{"line":32,"column":21},"end":{"line":36,"column":57}},"locations":[{"start":{"line":32,"column":21},"end":{"line":36,"column":57}}]},"10":{"type":"branch","line":36,"loc":{"start":{"line":36,"column":55},"end":{"line":42,"column":6}},"locations":[{"start":{"line":36,"column":55},"end":{"line":42,"column":6}}]},"11":{"type":"branch","line":42,"loc":{"start":{"line":42,"column":4},"end":{"line":44,"column":5}},"locations":[{"start":{"line":42,"column":4},"end":{"line":44,"column":5}}]},"12":{"type":"branch","line":74,"loc":{"start":{"line":74,"column":18},"end":{"line":74,"column":50}},"locations":[{"start":{"line":74,"column":18},"end":{"line":74,"column":50}}]}},"b":{"0":[11],"1":[1],"2":[10],"3":[3],"4":[1],"5":[2],"6":[0],"7":[3],"8":[1],"9":[2],"10":[1],"11":[2],"12":[2]},"fnMap":{"0":{"name":"ForgotPasswordForm","decl":{"start":{"line":9,"column":44},"end":{"line":93,"column":2}},"loc":{"start":{"line":9,"column":44},"end":{"line":93,"column":2}},"line":9},"1":{"name":"validate","decl":{"start":{"line":17,"column":19},"end":{"line":27,"column":4}},"loc":{"start":{"line":17,"column":19},"end":{"line":27,"column":4}},"line":17},"2":{"name":"handleSubmit","decl":{"start":{"line":29,"column":23},"end":{"line":45,"column":4}},"loc":{"start":{"line":29,"column":23},"end":{"line":45,"column":4}},"line":29},"3":{"name":"onChange","decl":{"start":{"line":74,"column":18},"end":{"line":74,"column":50}},"loc":{"start":{"line":74,"column":18},"end":{"line":74,"column":50}},"line":74}},"f":{"0":11,"1":3,"2":3,"3":2}}
,"D:\\projetos-particular\\PetLife\\apps\\web\\src\\components\\organisms\\LoginForm\\LoginForm.tsx": {"path":"D:\\projetos-particular\\PetLife\\apps\\web\\src\\components\\organisms\\LoginForm\\LoginForm.tsx","all":false,"statementMap":{"0":{"start":{"line":1,"column":0},"end":{"line":1,"column":40}},"8":{"start":{"line":9,"column":0},"end":{"line":9,"column":42}},"9":{"start":{"line":10,"column":0},"end":{"line":10,"column":41}},"10":{"start":{"line":11,"column":0},"end":{"line":11,"column":47}},"11":{"start":{"line":12,"column":0},"end":{"line":12,"column":82}},"12":{"start":{"line":13,"column":0},"end":{"line":13,"column":52}},"14":{"start":{"line":15,"column":0},"end":{"line":15,"column":47}},"15":{"start":{"line":16,"column":0},"end":{"line":16,"column":35}},"16":{"start":{"line":17,"column":0},"end":{"line":17,"column":33}},"18":{"start":{"line":19,"column":0},"end":{"line":19,"column":41}},"19":{"start":{"line":20,"column":0},"end":{"line":20,"column":23}},"20":{"start":{"line":21,"column":0},"end":{"line":21,"column":9}},"21":{"start":{"line":22,"column":0},"end":{"line":22,"column":181}},"22":{"start":{"line":23,"column":0},"end":{"line":23,"column":39}},"23":{"start":{"line":24,"column":0},"end":{"line":24,"column":68}},"24":{"start":{"line":25,"column":0},"end":{"line":25,"column":20}},"25":{"start":{"line":26,"column":0},"end":{"line":26,"column":26}},"26":{"start":{"line":27,"column":0},"end":{"line":27,"column":27}},"27":{"start":{"line":28,"column":0},"end":{"line":28,"column":98}},"28":{"start":{"line":29,"column":0},"end":{"line":29,"column":34}},"29":{"start":{"line":30,"column":0},"end":{"line":30,"column":15}},"30":{"start":{"line":31,"column":0},"end":{"line":31,"column":26}},"31":{"start":{"line":32,"column":0},"end":{"line":32,"column":5}},"32":{"start":{"line":33,"column":0},"end":{"line":33,"column":4}},"34":{"start":{"line":35,"column":0},"end":{"line":35,"column":26}},"35":{"start":{"line":36,"column":0},"end":{"line":36,"column":64}},"37":{"start":{"line":38,"column":0},"end":{"line":38,"column":17}},"38":{"start":{"line":39,"column":0},"end":{"line":39,"column":50}},"39":{"start":{"line":40,"column":0},"end":{"line":40,"column":45}},"40":{"start":{"line":41,"column":0},"end":{"line":41,"column":54}},"41":{"start":{"line":42,"column":0},"end":{"line":42,"column":5}},"43":{"start":{"line":44,"column":0},"end":{"line":44,"column":20}},"44":{"start":{"line":45,"column":0},"end":{"line":45,"column":52}},"45":{"start":{"line":46,"column":0},"end":{"line":46,"column":5}},"47":{"start":{"line":48,"column":0},"end":{"line":48,"column":25}},"48":{"start":{"line":49,"column":0},"end":{"line":49,"column":47}},"49":{"start":{"line":50,"column":0},"end":{"line":50,"column":4}},"51":{"start":{"line":52,"column":0},"end":{"line":52,"column":54}},"52":{"start":{"line":53,"column":0},"end":{"line":53,"column":23}},"54":{"start":{"line":55,"column":0},"end":{"line":55,"column":28}},"56":{"start":{"line":57,"column":0},"end":{"line":57,"column":23}},"57":{"start":{"line":58,"column":0},"end":{"line":58,"column":9}},"58":{"start":{"line":59,"column":0},"end":{"line":59,"column":35}},"59":{"start":{"line":60,"column":0},"end":{"line":60,"column":61}},"60":{"start":{"line":61,"column":0},"end":{"line":61,"column":20}},"61":{"start":{"line":62,"column":0},"end":{"line":62,"column":26}},"62":{"start":{"line":63,"column":0},"end":{"line":63,"column":27}},"63":{"start":{"line":64,"column":0},"end":{"line":64,"column":92}},"64":{"start":{"line":65,"column":0},"end":{"line":65,"column":34}},"65":{"start":{"line":66,"column":0},"end":{"line":66,"column":15}},"66":{"start":{"line":67,"column":0},"end":{"line":67,"column":26}},"67":{"start":{"line":68,"column":0},"end":{"line":68,"column":5}},"68":{"start":{"line":69,"column":0},"end":{"line":69,"column":4}},"70":{"start":{"line":71,"column":0},"end":{"line":71,"column":10}},"71":{"start":{"line":72,"column":0},"end":{"line":72,"column":92}},"72":{"start":{"line":73,"column":0},"end":{"line":73,"column":58}},"74":{"start":{"line":75,"column":0},"end":{"line":75,"column":16}},"75":{"start":{"line":76,"column":0},"end":{"line":76,"column":22}},"76":{"start":{"line":77,"column":0},"end":{"line":77,"column":20}},"77":{"start":{"line":78,"column":0},"end":{"line":78,"column":18}},"78":{"start":{"line":79,"column":0},"end":{"line":79,"column":43}},"79":{"start":{"line":80,"column":0},"end":{"line":80,"column":21}},"80":{"start":{"line":81,"column":0},"end":{"line":81,"column":50}},"81":{"start":{"line":82,"column":0},"end":{"line":82,"column":28}},"82":{"start":{"line":83,"column":0},"end":{"line":83,"column":16}},"83":{"start":{"line":84,"column":0},"end":{"line":84,"column":8}},"85":{"start":{"line":86,"column":0},"end":{"line":86,"column":16}},"86":{"start":{"line":87,"column":0},"end":{"line":87,"column":21}},"87":{"start":{"line":88,"column":0},"end":{"line":88,"column":23}},"88":{"start":{"line":89,"column":0},"end":{"line":89,"column":21}},"89":{"start":{"line":90,"column":0},"end":{"line":90,"column":30}},"90":{"start":{"line":91,"column":0},"end":{"line":91,"column":24}},"91":{"start":{"line":92,"column":0},"end":{"line":92,"column":53}},"92":{"start":{"line":93,"column":0},"end":{"line":93,"column":31}},"93":{"start":{"line":94,"column":0},"end":{"line":94,"column":16}},"94":{"start":{"line":95,"column":0},"end":{"line":95,"column":8}},"96":{"start":{"line":97,"column":0},"end":{"line":97,"column":50}},"98":{"start":{"line":99,"column":0},"end":{"line":99,"column":15}},"100":{"start":{"line":101,"column":0},"end":{"line":101,"column":107}},"101":{"start":{"line":102,"column":0},"end":{"line":102,"column":85}},"102":{"start":{"line":103,"column":0},"end":{"line":103,"column":71}},"103":{"start":{"line":104,"column":0},"end":{"line":104,"column":85}},"104":{"start":{"line":105,"column":0},"end":{"line":105,"column":12}},"106":{"start":{"line":107,"column":0},"end":{"line":107,"column":183}},"107":{"start":{"line":108,"column":0},"end":{"line":108,"column":91}},"108":{"start":{"line":109,"column":0},"end":{"line":109,"column":15}},"110":{"start":{"line":111,"column":0},"end":{"line":111,"column":40}},"111":{"start":{"line":112,"column":0},"end":{"line":112,"column":58}},"113":{"start":{"line":114,"column":0},"end":{"line":114,"column":15}},"114":{"start":{"line":115,"column":0},"end":{"line":115,"column":14}},"115":{"start":{"line":116,"column":0},"end":{"line":116,"column":33}},"116":{"start":{"line":117,"column":0},"end":{"line":117,"column":53}},"118":{"start":{"line":119,"column":0},"end":{"line":119,"column":17}},"119":{"start":{"line":120,"column":0},"end":{"line":120,"column":15}},"120":{"start":{"line":121,"column":0},"end":{"line":121,"column":12}},"121":{"start":{"line":122,"column":0},"end":{"line":122,"column":11}},"123":{"start":{"line":124,"column":0},"end":{"line":124,"column":2}}},"s":{"0":1,"8":1,"9":23,"10":23,"11":23,"12":23,"14":23,"15":23,"16":23,"18":23,"19":2,"20":2,"21":2,"22":2,"23":1,"24":1,"25":1,"26":1,"27":1,"28":1,"29":2,"30":2,"31":2,"32":2,"34":23,"35":4,"37":4,"38":1,"39":4,"40":1,"41":1,"43":4,"44":2,"45":2,"47":4,"48":4,"49":4,"51":23,"52":4,"54":4,"56":2,"57":2,"58":2,"59":1,"60":1,"61":1,"62":1,"63":1,"64":1,"65":4,"66":2,"67":2,"68":4,"70":23,"71":23,"72":23,"74":23,"75":23,"76":23,"77":23,"78":23,"79":23,"80":23,"81":23,"82":23,"83":23,"85":23,"86":23,"87":23,"88":23,"89":23,"90":23,"91":23,"92":23,"93":23,"94":23,"96":23,"98":23,"100":23,"101":23,"102":23,"103":23,"104":23,"106":23,"107":23,"108":23,"110":23,"111":23,"113":23,"114":23,"115":23,"116":23,"118":23,"119":23,"120":23,"121":23,"123":23},"branchMap":{"0":{"type":"branch","line":9,"loc":{"start":{"line":9,"column":35},"end":{"line":124,"column":2}},"locations":[{"start":{"line":9,"column":35},"end":{"line":124,"column":2}}]},"1":{"type":"branch","line":19,"loc":{"start":{"line":19,"column":28},"end":{"line":33,"column":4}},"locations":[{"start":{"line":19,"column":28},"end":{"line":33,"column":4}}]},"2":{"type":"branch","line":23,"loc":{"start":{"line":23,"column":37},"end":{"line":30,"column":6}},"locations":[{"start":{"line":23,"column":37},"end":{"line":30,"column":6}}]},"3":{"type":"branch","line":28,"loc":{"start":{"line":28,"column":51},"end":{"line":28,"column":98}},"locations":[{"start":{"line":28,"column":51},"end":{"line":28,"column":98}}]},"4":{"type":"branch","line":35,"loc":{"start":{"line":35,"column":19},"end":{"line":50,"column":4}},"locations":[{"start":{"line":35,"column":19},"end":{"line":50,"column":4}}]},"5":{"type":"branch","line":38,"loc":{"start":{"line":38,"column":16},"end":{"line":40,"column":15}},"locations":[{"start":{"line":38,"column":16},"end":{"line":40,"column":15}}]},"6":{"type":"branch","line":40,"loc":{"start":{"line":40,"column":4},"end":{"line":42,"column":5}},"locations":[{"start":{"line":40,"column":4},"end":{"line":42,"column":5}}]},"7":{"type":"branch","line":40,"loc":{"start":{"line":40,"column":44},"end":{"line":42,"column":5}},"locations":[{"start":{"line":40,"column":44},"end":{"line":42,"column":5}}]},"8":{"type":"branch","line":44,"loc":{"start":{"line":44,"column":19},"end":{"line":46,"column":5}},"locations":[{"start":{"line":44,"column":19},"end":{"line":46,"column":5}}]},"9":{"type":"branch","line":52,"loc":{"start":{"line":52,"column":23},"end":{"line":69,"column":4}},"locations":[{"start":{"line":52,"column":23},"end":{"line":69,"column":4}}]},"10":{"type":"branch","line":55,"loc":{"start":{"line":55,"column":21},"end":{"line":59,"column":35}},"locations":[{"start":{"line":55,"column":21},"end":{"line":59,"column":35}}]},"11":{"type":"branch","line":59,"loc":{"start":{"line":59,"column":33},"end":{"line":66,"column":6}},"locations":[{"start":{"line":59,"column":33},"end":{"line":66,"column":6}}]},"12":{"type":"branch","line":64,"loc":{"start":{"line":64,"column":51},"end":{"line":64,"column":92}},"locations":[{"start":{"line":64,"column":51},"end":{"line":64,"column":92}}]},"13":{"type":"branch","line":66,"loc":{"start":{"line":66,"column":4},"end":{"line":68,"column":5}},"locations":[{"start":{"line":66,"column":4},"end":{"line":68,"column":5}}]},"14":{"type":"branch","line":81,"loc":{"start":{"line":81,"column":18},"end":{"line":81,"column":50}},"locations":[{"start":{"line":81,"column":18},"end":{"line":81,"column":50}}]},"15":{"type":"branch","line":92,"loc":{"start":{"line":92,"column":18},"end":{"line":92,"column":53}},"locations":[{"start":{"line":92,"column":18},"end":{"line":92,"column":53}}]}},"b":{"0":[23],"1":[2],"2":[1],"3":[0],"4":[4],"5":[1],"6":[3],"7":[1],"8":[2],"9":[4],"10":[2],"11":[1],"12":[0],"13":[2],"14":[3],"15":[2]},"fnMap":{"0":{"name":"LoginForm","decl":{"start":{"line":9,"column":35},"end":{"line":124,"column":2}},"loc":{"start":{"line":9,"column":35},"end":{"line":124,"column":2}},"line":9},"1":{"name":"handleGoogleLogin","decl":{"start":{"line":19,"column":28},"end":{"line":33,"column":4}},"loc":{"start":{"line":19,"column":28},"end":{"line":33,"column":4}},"line":19},"2":{"name":"validate","decl":{"start":{"line":35,"column":19},"end":{"line":50,"column":4}},"loc":{"start":{"line":35,"column":19},"end":{"line":50,"column":4}},"line":35},"3":{"name":"handleSubmit","decl":{"start":{"line":52,"column":23},"end":{"line":69,"column":4}},"loc":{"start":{"line":52,"column":23},"end":{"line":69,"column":4}},"line":52},"4":{"name":"onChange","decl":{"start":{"line":81,"column":18},"end":{"line":81,"column":50}},"loc":{"start":{"line":81,"column":18},"end":{"line":81,"column":50}},"line":81},"5":{"name":"onChange","decl":{"start":{"line":92,"column":18},"end":{"line":92,"column":53}},"loc":{"start":{"line":92,"column":18},"end":{"line":92,"column":53}},"line":92}},"f":{"0":23,"1":2,"2":4,"3":4,"4":3,"5":2}}
,"D:\\projetos-particular\\PetLife\\apps\\web\\src\\components\\organisms\\ProfileForm\\ProfileForm.tsx": {"path":"D:\\projetos-particular\\PetLife\\apps\\web\\src\\components\\organisms\\ProfileForm\\ProfileForm.tsx","all":false,"statementMap":{"0":{"start":{"line":1,"column":0},"end":{"line":1,"column":51}},"7":{"start":{"line":8,"column":0},"end":{"line":8,"column":44}},"8":{"start":{"line":9,"column":0},"end":{"line":9,"column":59}},"9":{"start":{"line":10,"column":0},"end":{"line":10,"column":35}},"11":{"start":{"line":12,"column":0},"end":{"line":12,"column":39}},"12":{"start":{"line":13,"column":0},"end":{"line":13,"column":41}},"13":{"start":{"line":14,"column":0},"end":{"line":14,"column":49}},"14":{"start":{"line":15,"column":0},"end":{"line":15,"column":64}},"16":{"start":{"line":17,"column":0},"end":{"line":17,"column":97}},"17":{"start":{"line":18,"column":0},"end":{"line":18,"column":50}},"18":{"start":{"line":19,"column":0},"end":{"line":19,"column":54}},"19":{"start":{"line":20,"column":0},"end":{"line":20,"column":68}},"22":{"start":{"line":23,"column":0},"end":{"line":23,"column":19}},"23":{"start":{"line":24,"column":0},"end":{"line":24,"column":15}},"24":{"start":{"line":25,"column":0},"end":{"line":25,"column":25}},"25":{"start":{"line":26,"column":0},"end":{"line":26,"column":27}},"26":{"start":{"line":27,"column":0},"end":{"line":27,"column":41}},"27":{"start":{"line":28,"column":0},"end":{"line":28,"column":56}},"28":{"start":{"line":29,"column":0},"end":{"line":29,"column":5}},"29":{"start":{"line":30,"column":0},"end":{"line":30,"column":13}},"31":{"start":{"line":32,"column":0},"end":{"line":32,"column":26}},"32":{"start":{"line":33,"column":0},"end":{"line":33,"column":79}},"34":{"start":{"line":35,"column":0},"end":{"line":35,"column":16}},"35":{"start":{"line":36,"column":0},"end":{"line":36,"column":47}},"36":{"start":{"line":37,"column":0},"end":{"line":37,"column":33}},"37":{"start":{"line":38,"column":0},"end":{"line":38,"column":65}},"38":{"start":{"line":39,"column":0},"end":{"line":39,"column":5}},"40":{"start":{"line":41,"column":0},"end":{"line":41,"column":17}},"41":{"start":{"line":42,"column":0},"end":{"line":42,"column":50}},"42":{"start":{"line":43,"column":0},"end":{"line":43,"column":45}},"43":{"start":{"line":44,"column":0},"end":{"line":44,"column":54}},"44":{"start":{"line":45,"column":0},"end":{"line":45,"column":5}},"46":{"start":{"line":47,"column":0},"end":{"line":47,"column":20}},"47":{"start":{"line":48,"column":0},"end":{"line":48,"column":59}},"48":{"start":{"line":49,"column":0},"end":{"line":49,"column":5}},"50":{"start":{"line":51,"column":0},"end":{"line":51,"column":25}},"51":{"start":{"line":52,"column":0},"end":{"line":52,"column":47}},"52":{"start":{"line":53,"column":0},"end":{"line":53,"column":4}},"54":{"start":{"line":55,"column":0},"end":{"line":55,"column":54}},"55":{"start":{"line":56,"column":0},"end":{"line":56,"column":23}},"57":{"start":{"line":58,"column":0},"end":{"line":58,"column":28}},"59":{"start":{"line":60,"column":0},"end":{"line":60,"column":22}},"60":{"start":{"line":61,"column":0},"end":{"line":61,"column":9}},"61":{"start":{"line":62,"column":0},"end":{"line":62,"column":60}},"62":{"start":{"line":63,"column":0},"end":{"line":63,"column":63}},"63":{"start":{"line":64,"column":0},"end":{"line":64,"column":26}},"64":{"start":{"line":65,"column":0},"end":{"line":65,"column":27}},"65":{"start":{"line":66,"column":0},"end":{"line":66,"column":90}},"66":{"start":{"line":67,"column":0},"end":{"line":67,"column":34}},"67":{"start":{"line":68,"column":0},"end":{"line":68,"column":15}},"68":{"start":{"line":69,"column":0},"end":{"line":69,"column":25}},"69":{"start":{"line":70,"column":0},"end":{"line":70,"column":5}},"70":{"start":{"line":71,"column":0},"end":{"line":71,"column":4}},"72":{"start":{"line":73,"column":0},"end":{"line":73,"column":36}},"73":{"start":{"line":74,"column":0},"end":{"line":74,"column":24}},"74":{"start":{"line":75,"column":0},"end":{"line":75,"column":9}},"75":{"start":{"line":76,"column":0},"end":{"line":76,"column":28}},"76":{"start":{"line":77,"column":0},"end":{"line":77,"column":66}},"78":{"start":{"line":79,"column":0},"end":{"line":79,"column":26}},"79":{"start":{"line":80,"column":0},"end":{"line":80,"column":27}},"80":{"start":{"line":81,"column":0},"end":{"line":81,"column":68}},"81":{"start":{"line":82,"column":0},"end":{"line":82,"column":15}},"82":{"start":{"line":83,"column":0},"end":{"line":83,"column":27}},"83":{"start":{"line":84,"column":0},"end":{"line":84,"column":5}},"84":{"start":{"line":85,"column":0},"end":{"line":85,"column":4}},"86":{"start":{"line":87,"column":0},"end":{"line":87,"column":10}},"87":{"start":{"line":88,"column":0},"end":{"line":88,"column":39}},"88":{"start":{"line":89,"column":0},"end":{"line":89,"column":64}},"90":{"start":{"line":91,"column":0},"end":{"line":91,"column":36}},"91":{"start":{"line":92,"column":0},"end":{"line":92,"column":48}},"92":{"start":{"line":93,"column":0},"end":{"line":93,"column":24}},"93":{"start":{"line":94,"column":0},"end":{"line":94,"column":79}},"95":{"start":{"line":96,"column":0},"end":{"line":96,"column":64}},"97":{"start":{"line":98,"column":0},"end":{"line":98,"column":20}},"98":{"start":{"line":99,"column":0},"end":{"line":99,"column":41}},"99":{"start":{"line":100,"column":0},"end":{"line":100,"column":23}},"100":{"start":{"line":101,"column":0},"end":{"line":101,"column":26}},"101":{"start":{"line":102,"column":0},"end":{"line":102,"column":58}},"102":{"start":{"line":103,"column":0},"end":{"line":103,"column":29}},"103":{"start":{"line":104,"column":0},"end":{"line":104,"column":58}},"104":{"start":{"line":105,"column":0},"end":{"line":105,"column":12}},"105":{"start":{"line":106,"column":0},"end":{"line":106,"column":14}},"107":{"start":{"line":108,"column":0},"end":{"line":108,"column":18}},"108":{"start":{"line":109,"column":0},"end":{"line":109,"column":22}},"109":{"start":{"line":110,"column":0},"end":{"line":110,"column":21}},"110":{"start":{"line":111,"column":0},"end":{"line":111,"column":19}},"111":{"start":{"line":112,"column":0},"end":{"line":112,"column":32}},"112":{"start":{"line":113,"column":0},"end":{"line":113,"column":22}},"113":{"start":{"line":114,"column":0},"end":{"line":114,"column":51}},"114":{"start":{"line":115,"column":0},"end":{"line":115,"column":29}},"115":{"start":{"line":116,"column":0},"end":{"line":116,"column":18}},"116":{"start":{"line":117,"column":0},"end":{"line":117,"column":10}},"118":{"start":{"line":119,"column":0},"end":{"line":119,"column":18}},"119":{"start":{"line":120,"column":0},"end":{"line":120,"column":24}},"120":{"start":{"line":121,"column":0},"end":{"line":121,"column":22}},"121":{"start":{"line":122,"column":0},"end":{"line":122,"column":20}},"122":{"start":{"line":123,"column":0},"end":{"line":123,"column":45}},"123":{"start":{"line":124,"column":0},"end":{"line":124,"column":23}},"124":{"start":{"line":125,"column":0},"end":{"line":125,"column":52}},"125":{"start":{"line":126,"column":0},"end":{"line":126,"column":30}},"126":{"start":{"line":127,"column":0},"end":{"line":127,"column":18}},"127":{"start":{"line":128,"column":0},"end":{"line":128,"column":10}},"129":{"start":{"line":130,"column":0},"end":{"line":130,"column":18}},"130":{"start":{"line":131,"column":0},"end":{"line":131,"column":30}},"131":{"start":{"line":132,"column":0},"end":{"line":132,"column":21}},"132":{"start":{"line":133,"column":0},"end":{"line":133,"column":23}},"133":{"start":{"line":134,"column":0},"end":{"line":134,"column":41}},"134":{"start":{"line":135,"column":0},"end":{"line":135,"column":26}},"135":{"start":{"line":136,"column":0},"end":{"line":136,"column":55}},"136":{"start":{"line":137,"column":0},"end":{"line":137,"column":33}},"137":{"start":{"line":138,"column":0},"end":{"line":138,"column":18}},"138":{"start":{"line":139,"column":0},"end":{"line":139,"column":10}},"140":{"start":{"line":141,"column":0},"end":{"line":141,"column":96}},"142":{"start":{"line":143,"column":0},"end":{"line":143,"column":17}},"143":{"start":{"line":144,"column":0},"end":{"line":144,"column":13}},"145":{"start":{"line":146,"column":0},"end":{"line":146,"column":35}},"146":{"start":{"line":147,"column":0},"end":{"line":147,"column":61}},"147":{"start":{"line":148,"column":0},"end":{"line":148,"column":40}},"149":{"start":{"line":150,"column":0},"end":{"line":150,"column":12}},"151":{"start":{"line":152,"column":0},"end":{"line":152,"column":31}},"152":{"start":{"line":153,"column":0},"end":{"line":153,"column":104}},"154":{"start":{"line":155,"column":0},"end":{"line":155,"column":19}},"156":{"start":{"line":157,"column":0},"end":{"line":157,"column":15}},"157":{"start":{"line":158,"column":0},"end":{"line":158,"column":106}},"159":{"start":{"line":160,"column":0},"end":{"line":160,"column":16}},"160":{"start":{"line":161,"column":0},"end":{"line":161,"column":45}},"161":{"start":{"line":162,"column":0},"end":{"line":162,"column":111}},"163":{"start":{"line":164,"column":0},"end":{"line":164,"column":23}},"164":{"start":{"line":165,"column":0},"end":{"line":165,"column":112}},"166":{"start":{"line":167,"column":0},"end":{"line":167,"column":23}},"167":{"start":{"line":168,"column":0},"end":{"line":168,"column":18}},"168":{"start":{"line":169,"column":0},"end":{"line":169,"column":16}},"170":{"start":{"line":171,"column":0},"end":{"line":171,"column":12}},"171":{"start":{"line":172,"column":0},"end":{"line":172,"column":10}},"173":{"start":{"line":174,"column":0},"end":{"line":174,"column":2}}},"s":{"0":1,"7":1,"8":7,"9":7,"11":7,"12":7,"13":7,"14":7,"16":7,"17":7,"18":7,"19":7,"22":7,"23":2,"24":2,"25":2,"26":2,"27":2,"28":2,"29":7,"31":7,"32":1,"34":1,"35":0,"36":1,"37":0,"38":0,"40":1,"41":0,"42":1,"43":0,"44":0,"46":1,"47":0,"48":0,"50":1,"51":1,"52":1,"54":7,"55":1,"57":1,"59":1,"60":1,"61":1,"62":1,"63":1,"64":0,"65":0,"66":0,"67":1,"68":1,"69":1,"70":1,"72":7,"73":0,"74":0,"75":0,"76":0,"78":0,"79":0,"80":0,"81":0,"82":0,"83":0,"84":0,"86":7,"87":7,"88":7,"90":7,"91":7,"92":7,"93":0,"95":7,"97":7,"98":7,"99":7,"100":7,"101":7,"102":7,"103":7,"104":7,"105":7,"107":7,"108":7,"109":7,"110":7,"111":7,"112":7,"113":7,"114":7,"115":7,"116":7,"118":7,"119":7,"120":7,"121":7,"122":7,"123":7,"124":7,"125":7,"126":7,"127":7,"129":7,"130":7,"131":7,"132":7,"133":7,"134":7,"135":7,"136":7,"137":7,"138":7,"140":7,"142":7,"143":7,"145":7,"146":7,"147":7,"149":7,"151":7,"152":7,"154":7,"156":0,"157":0,"159":0,"160":0,"161":0,"163":0,"164":0,"166":0,"167":0,"168":0,"170":7,"171":7,"173":7},"branchMap":{"0":{"type":"branch","line":8,"loc":{"start":{"line":8,"column":37},"end":{"line":174,"column":2}},"locations":[{"start":{"line":8,"column":37},"end":{"line":174,"column":2}}]},"1":{"type":"branch","line":93,"loc":{"start":{"line":93,"column":11},"end":{"line":94,"column":79}},"locations":[{"start":{"line":93,"column":11},"end":{"line":94,"column":79}}]},"2":{"type":"branch","line":155,"loc":{"start":{"line":155,"column":10},"end":{"line":169,"column":16}},"locations":[{"start":{"line":155,"column":10},"end":{"line":169,"column":16}}]},"3":{"type":"branch","line":23,"loc":{"start":{"line":23,"column":12},"end":{"line":30,"column":5}},"locations":[{"start":{"line":23,"column":12},"end":{"line":30,"column":5}}]},"4":{"type":"branch","line":28,"loc":{"start":{"line":28,"column":23},"end":{"line":28,"column":54}},"locations":[{"start":{"line":28,"column":23},"end":{"line":28,"column":54}}]},"5":{"type":"branch","line":32,"loc":{"start":{"line":32,"column":19},"end":{"line":53,"column":4}},"locations":[{"start":{"line":32,"column":19},"end":{"line":53,"column":4}}]},"6":{"type":"branch","line":35,"loc":{"start":{"line":35,"column":15},"end":{"line":37,"column":15}},"locations":[{"start":{"line":35,"column":15},"end":{"line":37,"column":15}}]},"7":{"type":"branch","line":37,"loc":{"start":{"line":37,"column":32},"end":{"line":39,"column":5}},"locations":[{"start":{"line":37,"column":32},"end":{"line":39,"column":5}}]},"8":{"type":"branch","line":41,"loc":{"start":{"line":41,"column":16},"end":{"line":43,"column":15}},"locations":[{"start":{"line":41,"column":16},"end":{"line":43,"column":15}}]},"9":{"type":"branch","line":43,"loc":{"start":{"line":43,"column":44},"end":{"line":45,"column":5}},"locations":[{"start":{"line":43,"column":44},"end":{"line":45,"column":5}}]},"10":{"type":"branch","line":47,"loc":{"start":{"line":47,"column":19},"end":{"line":49,"column":5}},"locations":[{"start":{"line":47,"column":19},"end":{"line":49,"column":5}}]},"11":{"type":"branch","line":55,"loc":{"start":{"line":55,"column":23},"end":{"line":71,"column":4}},"locations":[{"start":{"line":55,"column":23},"end":{"line":71,"column":4}}]},"12":{"type":"branch","line":58,"loc":{"start":{"line":58,"column":21},"end":{"line":58,"column":28}},"locations":[{"start":{"line":58,"column":21},"end":{"line":58,"column":28}}]},"13":{"type":"branch","line":64,"loc":{"start":{"line":64,"column":4},"end":{"line":68,"column":6}},"locations":[{"start":{"line":64,"column":4},"end":{"line":68,"column":6}}]},"14":{"type":"branch","line":114,"loc":{"start":{"line":114,"column":20},"end":{"line":114,"column":51}},"locations":[{"start":{"line":114,"column":20},"end":{"line":114,"column":51}}]}},"b":{"0":[7],"1":[0],"2":[0],"3":[2],"4":[0],"5":[1],"6":[0],"7":[0],"8":[0],"9":[0],"10":[0],"11":[1],"12":[0],"13":[0],"14":[1]},"fnMap":{"0":{"name":"ProfileForm","decl":{"start":{"line":8,"column":37},"end":{"line":174,"column":2}},"loc":{"start":{"line":8,"column":37},"end":{"line":174,"column":2}},"line":8},"1":{"name":"validate","decl":{"start":{"line":32,"column":19},"end":{"line":53,"column":4}},"loc":{"start":{"line":32,"column":19},"end":{"line":53,"column":4}},"line":32},"2":{"name":"handleSubmit","decl":{"start":{"line":55,"column":23},"end":{"line":71,"column":4}},"loc":{"start":{"line":55,"column":23},"end":{"line":71,"column":4}},"line":55},"3":{"name":"handleDelete","decl":{"start":{"line":73,"column":23},"end":{"line":85,"column":4}},"loc":{"start":{"line":73,"column":23},"end":{"line":85,"column":4}},"line":73},"4":{"name":"onChange","decl":{"start":{"line":104,"column":22},"end":{"line":104,"column":58}},"loc":{"start":{"line":104,"column":22},"end":{"line":104,"column":58}},"line":104},"5":{"name":"onChange","decl":{"start":{"line":114,"column":20},"end":{"line":114,"column":51}},"loc":{"start":{"line":114,"column":20},"end":{"line":114,"column":51}},"line":114},"6":{"name":"onChange","decl":{"start":{"line":125,"column":20},"end":{"line":125,"column":52}},"loc":{"start":{"line":125,"column":20},"end":{"line":125,"column":52}},"line":125},"7":{"name":"onChange","decl":{"start":{"line":136,"column":20},"end":{"line":136,"column":55}},"loc":{"start":{"line":136,"column":20},"end":{"line":136,"column":55}},"line":136},"8":{"name":"onClick","decl":{"start":{"line":153,"column":44},"end":{"line":153,"column":78}},"loc":{"start":{"line":153,"column":44},"end":{"line":153,"column":78}},"line":153},"9":{"name":"onClick","decl":{"start":{"line":165,"column":51},"end":{"line":165,"column":86}},"loc":{"start":{"line":165,"column":51},"end":{"line":165,"column":86}},"line":165}},"f":{"0":7,"1":1,"2":1,"3":0,"4":0,"5":1,"6":0,"7":0,"8":0,"9":0}}
,"D:\\projetos-particular\\PetLife\\apps\\web\\src\\components\\organisms\\RegisterForm\\RegisterForm.tsx": {"path":"D:\\projetos-particular\\PetLife\\apps\\web\\src\\components\\organisms\\RegisterForm\\RegisterForm.tsx","all":false,"statementMap":{"0":{"start":{"line":1,"column":0},"end":{"line":1,"column":40}},"8":{"start":{"line":9,"column":0},"end":{"line":9,"column":45}},"9":{"start":{"line":10,"column":0},"end":{"line":10,"column":39}},"10":{"start":{"line":11,"column":0},"end":{"line":11,"column":41}},"11":{"start":{"line":12,"column":0},"end":{"line":12,"column":47}},"12":{"start":{"line":13,"column":0},"end":{"line":13,"column":97}},"13":{"start":{"line":14,"column":0},"end":{"line":14,"column":52}},"15":{"start":{"line":16,"column":0},"end":{"line":16,"column":50}},"16":{"start":{"line":17,"column":0},"end":{"line":17,"column":35}},"17":{"start":{"line":18,"column":0},"end":{"line":18,"column":33}},"19":{"start":{"line":20,"column":0},"end":{"line":20,"column":41}},"20":{"start":{"line":21,"column":0},"end":{"line":21,"column":23}},"21":{"start":{"line":22,"column":0},"end":{"line":22,"column":9}},"22":{"start":{"line":23,"column":0},"end":{"line":23,"column":181}},"23":{"start":{"line":24,"column":0},"end":{"line":24,"column":39}},"24":{"start":{"line":25,"column":0},"end":{"line":25,"column":71}},"25":{"start":{"line":26,"column":0},"end":{"line":26,"column":20}},"26":{"start":{"line":27,"column":0},"end":{"line":27,"column":26}},"27":{"start":{"line":28,"column":0},"end":{"line":28,"column":27}},"28":{"start":{"line":29,"column":0},"end":{"line":29,"column":97}},"29":{"start":{"line":30,"column":0},"end":{"line":30,"column":34}},"30":{"start":{"line":31,"column":0},"end":{"line":31,"column":15}},"31":{"start":{"line":32,"column":0},"end":{"line":32,"column":26}},"32":{"start":{"line":33,"column":0},"end":{"line":33,"column":5}},"33":{"start":{"line":34,"column":0},"end":{"line":34,"column":4}},"35":{"start":{"line":36,"column":0},"end":{"line":36,"column":26}},"36":{"start":{"line":37,"column":0},"end":{"line":37,"column":79}},"38":{"start":{"line":39,"column":0},"end":{"line":39,"column":16}},"39":{"start":{"line":40,"column":0},"end":{"line":40,"column":47}},"40":{"start":{"line":41,"column":0},"end":{"line":41,"column":33}},"41":{"start":{"line":42,"column":0},"end":{"line":42,"column":65}},"42":{"start":{"line":43,"column":0},"end":{"line":43,"column":5}},"44":{"start":{"line":45,"column":0},"end":{"line":45,"column":17}},"45":{"start":{"line":46,"column":0},"end":{"line":46,"column":50}},"46":{"start":{"line":47,"column":0},"end":{"line":47,"column":45}},"47":{"start":{"line":48,"column":0},"end":{"line":48,"column":54}},"48":{"start":{"line":49,"column":0},"end":{"line":49,"column":5}},"50":{"start":{"line":51,"column":0},"end":{"line":51,"column":20}},"51":{"start":{"line":52,"column":0},"end":{"line":52,"column":52}},"52":{"start":{"line":53,"column":0},"end":{"line":53,"column":62}},"53":{"start":{"line":54,"column":0},"end":{"line":54,"column":118}},"54":{"start":{"line":55,"column":0},"end":{"line":55,"column":5}},"56":{"start":{"line":57,"column":0},"end":{"line":57,"column":25}},"57":{"start":{"line":58,"column":0},"end":{"line":58,"column":47}},"58":{"start":{"line":59,"column":0},"end":{"line":59,"column":4}},"60":{"start":{"line":61,"column":0},"end":{"line":61,"column":54}},"61":{"start":{"line":62,"column":0},"end":{"line":62,"column":23}},"63":{"start":{"line":64,"column":0},"end":{"line":64,"column":28}},"65":{"start":{"line":66,"column":0},"end":{"line":66,"column":23}},"66":{"start":{"line":67,"column":0},"end":{"line":67,"column":9}},"67":{"start":{"line":68,"column":0},"end":{"line":68,"column":44}},"68":{"start":{"line":69,"column":0},"end":{"line":69,"column":76}},"69":{"start":{"line":70,"column":0},"end":{"line":70,"column":20}},"70":{"start":{"line":71,"column":0},"end":{"line":71,"column":26}},"71":{"start":{"line":72,"column":0},"end":{"line":72,"column":27}},"72":{"start":{"line":73,"column":0},"end":{"line":73,"column":102}},"73":{"start":{"line":74,"column":0},"end":{"line":74,"column":34}},"74":{"start":{"line":75,"column":0},"end":{"line":75,"column":15}},"75":{"start":{"line":76,"column":0},"end":{"line":76,"column":26}},"76":{"start":{"line":77,"column":0},"end":{"line":77,"column":5}},"77":{"start":{"line":78,"column":0},"end":{"line":78,"column":4}},"79":{"start":{"line":80,"column":0},"end":{"line":80,"column":10}},"80":{"start":{"line":81,"column":0},"end":{"line":81,"column":95}},"81":{"start":{"line":82,"column":0},"end":{"line":82,"column":58}},"83":{"start":{"line":84,"column":0},"end":{"line":84,"column":16}},"84":{"start":{"line":85,"column":0},"end":{"line":85,"column":29}},"85":{"start":{"line":86,"column":0},"end":{"line":86,"column":19}},"86":{"start":{"line":87,"column":0},"end":{"line":87,"column":17}},"87":{"start":{"line":88,"column":0},"end":{"line":88,"column":38}},"88":{"start":{"line":89,"column":0},"end":{"line":89,"column":20}},"89":{"start":{"line":90,"column":0},"end":{"line":90,"column":49}},"90":{"start":{"line":91,"column":0},"end":{"line":91,"column":27}},"91":{"start":{"line":92,"column":0},"end":{"line":92,"column":16}},"92":{"start":{"line":93,"column":0},"end":{"line":93,"column":8}},"94":{"start":{"line":95,"column":0},"end":{"line":95,"column":16}},"95":{"start":{"line":96,"column":0},"end":{"line":96,"column":22}},"96":{"start":{"line":97,"column":0},"end":{"line":97,"column":20}},"97":{"start":{"line":98,"column":0},"end":{"line":98,"column":18}},"98":{"start":{"line":99,"column":0},"end":{"line":99,"column":43}},"99":{"start":{"line":100,"column":0},"end":{"line":100,"column":21}},"100":{"start":{"line":101,"column":0},"end":{"line":101,"column":50}},"101":{"start":{"line":102,"column":0},"end":{"line":102,"column":28}},"102":{"start":{"line":103,"column":0},"end":{"line":103,"column":16}},"103":{"start":{"line":104,"column":0},"end":{"line":104,"column":8}},"105":{"start":{"line":106,"column":0},"end":{"line":106,"column":16}},"106":{"start":{"line":107,"column":0},"end":{"line":107,"column":21}},"107":{"start":{"line":108,"column":0},"end":{"line":108,"column":23}},"108":{"start":{"line":109,"column":0},"end":{"line":109,"column":21}},"109":{"start":{"line":110,"column":0},"end":{"line":110,"column":64}},"110":{"start":{"line":111,"column":0},"end":{"line":111,"column":24}},"111":{"start":{"line":112,"column":0},"end":{"line":112,"column":53}},"112":{"start":{"line":113,"column":0},"end":{"line":113,"column":31}},"113":{"start":{"line":114,"column":0},"end":{"line":114,"column":16}},"114":{"start":{"line":115,"column":0},"end":{"line":115,"column":8}},"116":{"start":{"line":117,"column":0},"end":{"line":117,"column":50}},"118":{"start":{"line":119,"column":0},"end":{"line":119,"column":15}},"120":{"start":{"line":121,"column":0},"end":{"line":121,"column":107}},"121":{"start":{"line":122,"column":0},"end":{"line":122,"column":85}},"122":{"start":{"line":123,"column":0},"end":{"line":123,"column":71}},"123":{"start":{"line":124,"column":0},"end":{"line":124,"column":85}},"124":{"start":{"line":125,"column":0},"end":{"line":125,"column":12}},"126":{"start":{"line":127,"column":0},"end":{"line":127,"column":183}},"127":{"start":{"line":128,"column":0},"end":{"line":128,"column":94}},"128":{"start":{"line":129,"column":0},"end":{"line":129,"column":15}},"130":{"start":{"line":131,"column":0},"end":{"line":131,"column":40}},"131":{"start":{"line":132,"column":0},"end":{"line":132,"column":14}},"132":{"start":{"line":133,"column":0},"end":{"line":133,"column":32}},"133":{"start":{"line":134,"column":0},"end":{"line":134,"column":50}},"135":{"start":{"line":136,"column":0},"end":{"line":136,"column":17}},"136":{"start":{"line":137,"column":0},"end":{"line":137,"column":15}},"137":{"start":{"line":138,"column":0},"end":{"line":138,"column":12}},"138":{"start":{"line":139,"column":0},"end":{"line":139,"column":11}},"140":{"start":{"line":141,"column":0},"end":{"line":141,"column":2}}},"s":{"0":1,"8":1,"9":9,"10":9,"11":9,"12":9,"13":9,"15":9,"16":9,"17":9,"19":9,"20":0,"21":0,"22":0,"23":0,"24":0,"25":0,"26":0,"27":0,"28":0,"29":0,"30":0,"31":0,"32":0,"33":0,"35":9,"36":2,"38":2,"39":1,"40":1,"41":0,"42":0,"44":2,"45":1,"46":1,"47":0,"48":0,"50":2,"51":1,"52":1,"53":0,"54":0,"56":2,"57":2,"58":2,"60":9,"61":2,"63":2,"65":1,"66":1,"67":1,"68":1,"69":1,"70":2,"71":0,"72":0,"73":0,"74":2,"75":1,"76":1,"77":2,"79":9,"80":9,"81":9,"83":9,"84":9,"85":9,"86":9,"87":9,"88":9,"89":9,"90":9,"91":9,"92":9,"94":9,"95":9,"96":9,"97":9,"98":9,"99":9,"100":9,"101":9,"102":9,"103":9,"105":9,"106":9,"107":9,"108":9,"109":9,"110":9,"111":9,"112":9,"113":9,"114":9,"116":9,"118":9,"120":9,"121":9,"122":9,"123":9,"124":9,"126":9,"127":9,"128":9,"130":9,"131":9,"132":9,"133":9,"135":9,"136":9,"137":9,"138":9,"140":9},"branchMap":{"0":{"type":"branch","line":9,"loc":{"start":{"line":9,"column":38},"end":{"line":141,"column":2}},"locations":[{"start":{"line":9,"column":38},"end":{"line":141,"column":2}}]},"1":{"type":"branch","line":36,"loc":{"start":{"line":36,"column":19},"end":{"line":59,"column":4}},"locations":[{"start":{"line":36,"column":19},"end":{"line":59,"column":4}}]},"2":{"type":"branch","line":39,"loc":{"start":{"line":39,"column":15},"end":{"line":43,"column":5}},"locations":[{"start":{"line":39,"column":15},"end":{"line":43,"column":5}}]},"3":{"type":"branch","line":41,"loc":{"start":{"line":41,"column":32},"end":{"line":43,"column":5}},"locations":[{"start":{"line":41,"column":32},"end":{"line":43,"column":5}}]},"4":{"type":"branch","line":45,"loc":{"start":{"line":45,"column":16},"end":{"line":49,"column":5}},"locations":[{"start":{"line":45,"column":16},"end":{"line":49,"column":5}}]},"5":{"type":"branch","line":47,"loc":{"start":{"line":47,"column":44},"end":{"line":49,"column":5}},"locations":[{"start":{"line":47,"column":44},"end":{"line":49,"column":5}}]},"6":{"type":"branch","line":51,"loc":{"start":{"line":51,"column":19},"end":{"line":55,"column":5}},"locations":[{"start":{"line":51,"column":19},"end":{"line":55,"column":5}}]},"7":{"type":"branch","line":53,"loc":{"start":{"line":53,"column":61},"end":{"line":55,"column":5}},"locations":[{"start":{"line":53,"column":61},"end":{"line":55,"column":5}}]},"8":{"type":"branch","line":61,"loc":{"start":{"line":61,"column":23},"end":{"line":78,"column":4}},"locations":[{"start":{"line":61,"column":23},"end":{"line":78,"column":4}}]},"9":{"type":"branch","line":64,"loc":{"start":{"line":64,"column":21},"end":{"line":71,"column":13}},"locations":[{"start":{"line":64,"column":21},"end":{"line":71,"column":13}}]},"10":{"type":"branch","line":71,"loc":{"start":{"line":71,"column":4},"end":{"line":75,"column":6}},"locations":[{"start":{"line":71,"column":4},"end":{"line":75,"column":6}}]},"11":{"type":"branch","line":75,"loc":{"start":{"line":75,"column":4},"end":{"line":77,"column":5}},"locations":[{"start":{"line":75,"column":4},"end":{"line":77,"column":5}}]},"12":{"type":"branch","line":90,"loc":{"start":{"line":90,"column":18},"end":{"line":90,"column":49}},"locations":[{"start":{"line":90,"column":18},"end":{"line":90,"column":49}}]},"13":{"type":"branch","line":101,"loc":{"start":{"line":101,"column":18},"end":{"line":101,"column":50}},"locations":[{"start":{"line":101,"column":18},"end":{"line":101,"column":50}}]},"14":{"type":"branch","line":112,"loc":{"start":{"line":112,"column":18},"end":{"line":112,"column":53}},"locations":[{"start":{"line":112,"column":18},"end":{"line":112,"column":53}}]}},"b":{"0":[9],"1":[2],"2":[1],"3":[0],"4":[1],"5":[0],"6":[1],"7":[0],"8":[2],"9":[1],"10":[0],"11":[1],"12":[1],"13":[1],"14":[1]},"fnMap":{"0":{"name":"RegisterForm","decl":{"start":{"line":9,"column":38},"end":{"line":141,"column":2}},"loc":{"start":{"line":9,"column":38},"end":{"line":141,"column":2}},"line":9},"1":{"name":"handleGoogleLogin","decl":{"start":{"line":20,"column":28},"end":{"line":34,"column":4}},"loc":{"start":{"line":20,"column":28},"end":{"line":34,"column":4}},"line":20},"2":{"name":"validate","decl":{"start":{"line":36,"column":19},"end":{"line":59,"column":4}},"loc":{"start":{"line":36,"column":19},"end":{"line":59,"column":4}},"line":36},"3":{"name":"handleSubmit","decl":{"start":{"line":61,"column":23},"end":{"line":78,"column":4}},"loc":{"start":{"line":61,"column":23},"end":{"line":78,"column":4}},"line":61},"4":{"name":"onChange","decl":{"start":{"line":90,"column":18},"end":{"line":90,"column":49}},"loc":{"start":{"line":90,"column":18},"end":{"line":90,"column":49}},"line":90},"5":{"name":"onChange","decl":{"start":{"line":101,"column":18},"end":{"line":101,"column":50}},"loc":{"start":{"line":101,"column":18},"end":{"line":101,"column":50}},"line":101},"6":{"name":"onChange","decl":{"start":{"line":112,"column":18},"end":{"line":112,"column":53}},"loc":{"start":{"line":112,"column":18},"end":{"line":112,"column":53}},"line":112}},"f":{"0":9,"1":0,"2":2,"3":2,"4":1,"5":1,"6":1}}
,"D:\\projetos-particular\\PetLife\\apps\\web\\src\\components\\organisms\\ResetPasswordForm\\ResetPasswordForm.tsx": {"path":"D:\\projetos-particular\\PetLife\\apps\\web\\src\\components\\organisms\\ResetPasswordForm\\ResetPasswordForm.tsx","all":false,"statementMap":{"0":{"start":{"line":1,"column":0},"end":{"line":1,"column":40}},"8":{"start":{"line":9,"column":0},"end":{"line":9,"column":50}},"9":{"start":{"line":10,"column":0},"end":{"line":10,"column":43}},"10":{"start":{"line":11,"column":0},"end":{"line":11,"column":48}},"11":{"start":{"line":12,"column":0},"end":{"line":12,"column":33}},"12":{"start":{"line":13,"column":0},"end":{"line":13,"column":35}},"14":{"start":{"line":15,"column":0},"end":{"line":15,"column":47}},"15":{"start":{"line":16,"column":0},"end":{"line":16,"column":41}},"16":{"start":{"line":17,"column":0},"end":{"line":17,"column":52}},"18":{"start":{"line":19,"column":0},"end":{"line":19,"column":26}},"19":{"start":{"line":20,"column":0},"end":{"line":20,"column":20}},"20":{"start":{"line":21,"column":0},"end":{"line":21,"column":46}},"21":{"start":{"line":22,"column":0},"end":{"line":22,"column":19}},"22":{"start":{"line":23,"column":0},"end":{"line":23,"column":62}},"23":{"start":{"line":24,"column":0},"end":{"line":24,"column":107}},"24":{"start":{"line":25,"column":0},"end":{"line":25,"column":19}},"25":{"start":{"line":26,"column":0},"end":{"line":26,"column":5}},"26":{"start":{"line":27,"column":0},"end":{"line":27,"column":17}},"27":{"start":{"line":28,"column":0},"end":{"line":28,"column":16}},"28":{"start":{"line":29,"column":0},"end":{"line":29,"column":4}},"30":{"start":{"line":31,"column":0},"end":{"line":31,"column":54}},"31":{"start":{"line":32,"column":0},"end":{"line":32,"column":23}},"33":{"start":{"line":34,"column":0},"end":{"line":34,"column":17}},"34":{"start":{"line":35,"column":0},"end":{"line":35,"column":81}},"35":{"start":{"line":36,"column":0},"end":{"line":36,"column":13}},"36":{"start":{"line":37,"column":0},"end":{"line":37,"column":5}},"38":{"start":{"line":39,"column":0},"end":{"line":39,"column":28}},"40":{"start":{"line":41,"column":0},"end":{"line":41,"column":23}},"41":{"start":{"line":42,"column":0},"end":{"line":42,"column":9}},"42":{"start":{"line":43,"column":0},"end":{"line":43,"column":79}},"43":{"start":{"line":44,"column":0},"end":{"line":44,"column":62}},"44":{"start":{"line":45,"column":0},"end":{"line":45,"column":25}},"45":{"start":{"line":46,"column":0},"end":{"line":46,"column":26}},"46":{"start":{"line":47,"column":0},"end":{"line":47,"column":27}},"47":{"start":{"line":48,"column":0},"end":{"line":48,"column":92}},"48":{"start":{"line":49,"column":0},"end":{"line":49,"column":34}},"49":{"start":{"line":50,"column":0},"end":{"line":50,"column":15}},"50":{"start":{"line":51,"column":0},"end":{"line":51,"column":26}},"51":{"start":{"line":52,"column":0},"end":{"line":52,"column":5}},"52":{"start":{"line":53,"column":0},"end":{"line":53,"column":4}},"54":{"start":{"line":55,"column":0},"end":{"line":55,"column":10}},"55":{"start":{"line":56,"column":0},"end":{"line":56,"column":101}},"56":{"start":{"line":57,"column":0},"end":{"line":57,"column":53}},"57":{"start":{"line":58,"column":0},"end":{"line":58,"column":111}},"59":{"start":{"line":60,"column":0},"end":{"line":60,"column":10}},"61":{"start":{"line":62,"column":0},"end":{"line":62,"column":16}},"62":{"start":{"line":63,"column":0},"end":{"line":63,"column":26}},"63":{"start":{"line":64,"column":0},"end":{"line":64,"column":23}},"64":{"start":{"line":65,"column":0},"end":{"line":65,"column":21}},"65":{"start":{"line":66,"column":0},"end":{"line":66,"column":64}},"66":{"start":{"line":67,"column":0},"end":{"line":67,"column":24}},"67":{"start":{"line":68,"column":0},"end":{"line":68,"column":53}},"68":{"start":{"line":69,"column":0},"end":{"line":69,"column":21}},"69":{"start":{"line":70,"column":0},"end":{"line":70,"column":16}},"70":{"start":{"line":71,"column":0},"end":{"line":71,"column":8}},"72":{"start":{"line":73,"column":0},"end":{"line":73,"column":68}},"74":{"start":{"line":75,"column":0},"end":{"line":75,"column":15}},"76":{"start":{"line":77,"column":0},"end":{"line":77,"column":40}},"77":{"start":{"line":78,"column":0},"end":{"line":78,"column":48}},"79":{"start":{"line":80,"column":0},"end":{"line":80,"column":15}},"80":{"start":{"line":81,"column":0},"end":{"line":81,"column":12}},"81":{"start":{"line":82,"column":0},"end":{"line":82,"column":11}},"83":{"start":{"line":84,"column":0},"end":{"line":84,"column":2}}},"s":{"0":1,"8":1,"9":5,"10":5,"11":5,"12":5,"14":5,"15":5,"16":5,"18":5,"19":1,"20":0,"21":0,"22":1,"23":0,"24":0,"25":0,"26":1,"27":1,"28":1,"30":5,"31":1,"33":1,"34":0,"35":0,"36":0,"38":1,"40":1,"41":1,"42":1,"43":1,"44":1,"45":1,"46":0,"47":0,"48":0,"49":1,"50":1,"51":1,"52":1,"54":5,"55":5,"56":5,"57":5,"59":5,"61":5,"62":5,"63":5,"64":5,"65":5,"66":5,"67":5,"68":5,"69":5,"70":5,"72":5,"74":5,"76":5,"77":5,"79":5,"80":5,"81":5,"83":5},"branchMap":{"0":{"type":"branch","line":9,"loc":{"start":{"line":9,"column":43},"end":{"line":84,"column":2}},"locations":[{"start":{"line":9,"column":43},"end":{"line":84,"column":2}}]},"1":{"type":"branch","line":11,"loc":{"start":{"line":11,"column":40},"end":{"line":11,"column":48}},"locations":[{"start":{"line":11,"column":40},"end":{"line":11,"column":48}}]},"2":{"type":"branch","line":19,"loc":{"start":{"line":19,"column":19},"end":{"line":29,"column":4}},"locations":[{"start":{"line":19,"column":19},"end":{"line":29,"column":4}}]},"3":{"type":"branch","line":20,"loc":{"start":{"line":20,"column":19},"end":{"line":23,"column":15}},"locations":[{"start":{"line":20,"column":19},"end":{"line":23,"column":15}}]},"4":{"type":"branch","line":23,"loc":{"start":{"line":23,"column":61},"end":{"line":26,"column":5}},"locations":[{"start":{"line":23,"column":61},"end":{"line":26,"column":5}}]},"5":{"type":"branch","line":31,"loc":{"start":{"line":31,"column":23},"end":{"line":53,"column":4}},"locations":[{"start":{"line":31,"column":23},"end":{"line":53,"column":4}}]},"6":{"type":"branch","line":34,"loc":{"start":{"line":34,"column":16},"end":{"line":37,"column":5}},"locations":[{"start":{"line":34,"column":16},"end":{"line":37,"column":5}}]},"7":{"type":"branch","line":39,"loc":{"start":{"line":39,"column":21},"end":{"line":39,"column":28}},"locations":[{"start":{"line":39,"column":21},"end":{"line":39,"column":28}}]},"8":{"type":"branch","line":46,"loc":{"start":{"line":46,"column":4},"end":{"line":50,"column":6}},"locations":[{"start":{"line":46,"column":4},"end":{"line":50,"column":6}}]},"9":{"type":"branch","line":68,"loc":{"start":{"line":68,"column":18},"end":{"line":68,"column":53}},"locations":[{"start":{"line":68,"column":18},"end":{"line":68,"column":53}}]}},"b":{"0":[5],"1":[0],"2":[1],"3":[0],"4":[0],"5":[1],"6":[0],"7":[0],"8":[0],"9":[1]},"fnMap":{"0":{"name":"ResetPasswordForm","decl":{"start":{"line":9,"column":43},"end":{"line":84,"column":2}},"loc":{"start":{"line":9,"column":43},"end":{"line":84,"column":2}},"line":9},"1":{"name":"validate","decl":{"start":{"line":19,"column":19},"end":{"line":29,"column":4}},"loc":{"start":{"line":19,"column":19},"end":{"line":29,"column":4}},"line":19},"2":{"name":"handleSubmit","decl":{"start":{"line":31,"column":23},"end":{"line":53,"column":4}},"loc":{"start":{"line":31,"column":23},"end":{"line":53,"column":4}},"line":31},"3":{"name":"onChange","decl":{"start":{"line":68,"column":18},"end":{"line":68,"column":53}},"loc":{"start":{"line":68,"column":18},"end":{"line":68,"column":53}},"line":68}},"f":{"0":5,"1":1,"2":1,"3":1}}
[...]
}},"143":{"start":{"line":144,"column":0},"end":{"line":144,"column":13}},"144":{"start":{"line":145,"column":0},"end":{"line":145,"column":16}},"145":{"start":{"line":146,"column":0},"end":{"line":146,"column":32}},"146":{"start":{"line":147,"column":0},"end":{"line":147,"column":14}},"147":{"start":{"line":148,"column":0},"end":{"line":148,"column":24}},"148":{"start":{"line":149,"column":0},"end":{"line":149,"column":17}},"149":{"start":{"line":150,"column":0},"end":{"line":150,"column":15}},"150":{"start":{"line":151,"column":0},"end":{"line":151,"column":22}},"151":{"start":{"line":152,"column":0},"end":{"line":152,"column":21}},"152":{"start":{"line":153,"column":0},"end":{"line":153,"column":8}},"154":{"start":{"line":155,"column":0},"end":{"line":155,"column":16}},"155":{"start":{"line":156,"column":0},"end":{"line":156,"column":27}},"157":{"start":{"line":158,"column":0},"end":{"line":158,"column":2}},"159":{"start":{"line":160,"column":0},"end":{"line":160,"column":30}},"160":{"start":{"line":161,"column":0},"end":{"line":161,"column":42}},"161":{"start":{"line":162,"column":0},"end":{"line":162,"column":17}},"162":{"start":{"line":163,"column":0},"end":{"line":163,"column":66}},"163":{"start":{"line":164,"column":0},"end":{"line":164,"column":3}},"164":{"start":{"line":165,"column":0},"end":{"line":165,"column":17}},"165":{"start":{"line":166,"column":0},"end":{"line":166,"column":2}}},"s":{"0":1,"26":1,"28":1,"29":22,"30":22,"32":22,"33":2,"34":2,"35":2,"36":22,"39":22,"40":9,"41":9,"43":9,"44":3,"45":3,"46":2,"47":3,"48":1,"49":1,"50":1,"51":3,"52":9,"53":9,"55":9,"56":22,"58":22,"59":1,"60":1,"61":1,"62":1,"64":1,"65":1,"68":1,"69":1,"70":1,"71":0,"72":0,"73":1,"74":1,"75":1,"76":22,"78":22,"79":1,"80":1,"81":1,"82":1,"84":1,"85":1,"88":1,"89":1,"90":1,"91":0,"92":0,"93":1,"94":1,"95":1,"96":22,"98":22,"99":1,"100":1,"101":1,"102":1,"104":1,"105":1,"108":1,"109":1,"110":1,"111":0,"112":0,"113":1,"114":1,"115":1,"116":22,"118":22,"119":1,"120":1,"121":1,"122":1,"123":0,"124":0,"125":22,"127":22,"128":1,"129":1,"130":1,"131":1,"132":0,"133":0,"134":22,"136":22,"137":1,"138":1,"140":22,"141":22,"142":22,"143":22,"144":22,"145":22,"146":22,"147":22,"148":22,"149":22,"150":22,"151":22,"152":22,"154":22,"155":22,"157":22,"159":1,"160":23,"161":23,"162":0,"163":0,"164":23,"165":23},"branchMap":{"0":{"type":"branch","line":29,"loc":{"start":{"line":29,"column":69},"end":{"line":158,"column":2}},"locations":[{"start":{"line":29,"column":69},"end":{"line":158,"column":2}}]},"1":{"type":"branch","line":33,"loc":{"start":{"line":33,"column":29},"end":{"line":37,"column":5}},"locations":[{"start":{"line":33,"column":29},"end":{"line":37,"column":5}}]},"2":{"type":"branch","line":40,"loc":{"start":{"line":40,"column":12},"end":{"line":57,"column":5}},"locations":[{"start":{"line":40,"column":12},"end":{"line":57,"column":5}}]},"3":{"type":"branch","line":41,"loc":{"start":{"line":41,"column":4},"end":{"line":54,"column":5}},"locations":[{"start":{"line":41,"column":4},"end":{"line":54,"column":5}}]},"4":{"type":"branch","line":44,"loc":{"start":{"line":44,"column":17},"end":{"line":52,"column":7}},"locations":[{"start":{"line":44,"column":17},"end":{"line":52,"column":7}}]},"5":{"type":"branch","line":46,"loc":{"start":{"line":46,"column":51},"end":{"line":48,"column":17}},"locations":[{"start":{"line":46,"column":51},"end":{"line":48,"column":17}}]},"6":{"type":"branch","line":48,"loc":{"start":{"line":48,"column":8},"end":{"line":51,"column":9}},"locations":[{"start":{"line":48,"column":8},"end":{"line":51,"column":9}}]},"7":{"type":"branch","line":59,"loc":{"start":{"line":59,"column":28},"end":{"line":77,"column":5}},"locations":[{"start":{"line":59,"column":28},"end":{"line":77,"column":5}}]},"8":{"type":"branch","line":71,"loc":{"start":{"line":71,"column":4},"end":{"line":74,"column":6}},"locations":[{"start":{"line":71,"column":4},"end":{"line":74,"column":6}}]},"9":{"type":"branch","line":79,"loc":{"start":{"line":79,"column":38},"end":{"line":97,"column":5}},"locations":[{"start":{"line":79,"column":38},"end":{"line":97,"column":5}}]},"10":{"type":"branch","line":91,"loc":{"start":{"line":91,"column":4},"end":{"line":94,"column":6}},"locations":[{"start":{"line":91,"column":4},"end":{"line":94,"column":6}}]},"11":{"type":"branch","line":99,"loc":{"start":{"line":99,"column":31},"end":{"line":117,"column":5}},"locations":[{"start":{"line":99,"column":31},"end":{"line":117,"column":5}}]},"12":{"type":"branch","line":111,"loc":{"start":{"line":111,"column":4},"end":{"line":114,"column":6}},"locations":[{"start":{"line":111,"column":4},"end":{"line":114,"column":6}}]},"13":{"type":"branch","line":119,"loc":{"start":{"line":119,"column":36},"end":{"line":126,"column":5}},"locations":[{"start":{"line":119,"column":36},"end":{"line":126,"column":5}}]},"14":{"type":"branch","line":123,"loc":{"start":{"line":123,"column":4},"end":{"line":125,"column":5}},"locations":[{"start":{"line":123,"column":4},"end":{"line":125,"column":5}}]},"15":{"type":"branch","line":128,"loc":{"start":{"line":128,"column":36},"end":{"line":135,"column":5}},"locations":[{"start":{"line":128,"column":36},"end":{"line":135,"column":5}}]},"16":{"type":"branch","line":132,"loc":{"start":{"line":132,"column":4},"end":{"line":134,"column":5}},"locations":[{"start":{"line":132,"column":4},"end":{"line":134,"column":5}}]},"17":{"type":"branch","line":137,"loc":{"start":{"line":137,"column":19},"end":{"line":139,"column":4}},"locations":[{"start":{"line":137,"column":19},"end":{"line":139,"column":4}}]},"18":{"type":"branch","line":160,"loc":{"start":{"line":160,"column":23},"end":{"line":166,"column":2}},"locations":[{"start":{"line":160,"column":23},"end":{"line":166,"column":2}}]},"19":{"type":"branch","line":162,"loc":{"start":{"line":162,"column":16},"end":{"line":164,"column":3}},"locations":[{"start":{"line":162,"column":16},"end":{"line":164,"column":3}}]}},"b":{"0":[22],"1":[2],"2":[9],"3":[9],"4":[3],"5":[2],"6":[1],"7":[1],"8":[0],"9":[1],"10":[0],"11":[1],"12":[0],"13":[1],"14":[0],"15":[1],"16":[0],"17":[1],"18":[23],"19":[0]},"fnMap":{"0":{"name":"AuthProvider","decl":{"start":{"line":29,"column":69},"end":{"line":158,"column":2}},"loc":{"start":{"line":29,"column":69},"end":{"line":158,"column":2}},"line":29},"1":{"name":"loadStorageData","decl":{"start":{"line":41,"column":4},"end":{"line":54,"column":5}},"loc":{"start":{"line":41,"column":4},"end":{"line":54,"column":5}},"line":41},"2":{"name":"logError","decl":{"start":{"line":137,"column":19},"end":{"line":139,"column":4}},"loc":{"start":{"line":137,"column":19},"end":{"line":139,"column":4}},"line":137},"3":{"name":"useAuth","decl":{"start":{"line":160,"column":23},"end":{"line":166,"column":2}},"loc":{"start":{"line":160,"column":23},"end":{"line":166,"column":2}},"line":160}},"f":{"0":22,"1":9,"2":1,"3":23}}
,"D:\\projetos-particular\\PetLife\\apps\\web\\src\\pages\\DashboardPage.tsx": {"path":"D:\\projetos-particular\\PetLife\\apps\\web\\src\\pages\\DashboardPage.tsx","all":false,"statementMap":{"0":{"start":{"line":1,"column":0},"end":{"line":1,"column":26}},"4":{"start":{"line":5,"column":0},"end":{"line":5,"column":46}},"5":{"start":{"line":6,"column":0},"end":{"line":6,"column":29}},"7":{"start":{"line":8,"column":0},"end":{"line":8,"column":10}},"8":{"start":{"line":9,"column":0},"end":{"line":9,"column":21}},"9":{"start":{"line":10,"column":0},"end":{"line":10,"column":69}},"10":{"start":{"line":11,"column":0},"end":{"line":11,"column":79}},"11":{"start":{"line":12,"column":0},"end":{"line":12,"column":31}},"12":{"start":{"line":13,"column":0},"end":{"line":13,"column":13}},"13":{"start":{"line":14,"column":0},"end":{"line":14,"column":76}},"15":{"start":{"line":16,"column":0},"end":{"line":16,"column":12}},"17":{"start":{"line":18,"column":0},"end":{"line":18,"column":115}},"18":{"start":{"line":19,"column":0},"end":{"line":19,"column":14}},"19":{"start":{"line":20,"column":0},"end":{"line":20,"column":20}},"20":{"start":{"line":21,"column":0},"end":{"line":21,"column":30}},"21":{"start":{"line":22,"column":0},"end":{"line":22,"column":43}},"22":{"start":{"line":23,"column":0},"end":{"line":23,"column":43}},"23":{"start":{"line":24,"column":0},"end":{"line":24,"column":54}},"24":{"start":{"line":25,"column":0},"end":{"line":25,"column":47}},"25":{"start":{"line":26,"column":0},"end":{"line":26,"column":48}},"26":{"start":{"line":27,"column":0},"end":{"line":27,"column":14}},"28":{"start":{"line":29,"column":0},"end":{"line":29,"column":109}},"29":{"start":{"line":30,"column":0},"end":{"line":30,"column":97}},"30":{"start":{"line":31,"column":0},"end":{"line":31,"column":92}},"31":{"start":{"line":32,"column":0},"end":{"line":32,"column":16}},"32":{"start":{"line":33,"column":0},"end":{"line":33,"column":72}},"34":{"start":{"line":35,"column":0},"end":{"line":35,"column":16}},"35":{"start":{"line":36,"column":0},"end":{"line":36,"column":16}},"37":{"start":{"line":38,"column":0},"end":{"line":38,"column":14}},"38":{"start":{"line":39,"column":0},"end":{"line":39,"column":20}},"39":{"start":{"line":40,"column":0},"end":{"line":40,"column":30}},"40":{"start":{"line":41,"column":0},"end":{"line":41,"column":43}},"41":{"start":{"line":42,"column":0},"end":{"line":42,"column":43}},"42":{"start":{"line":43,"column":0},"end":{"line":43,"column":54}},"43":{"start":{"line":44,"column":0},"end":{"line":44,"column":47}},"44":{"start":{"line":45,"column":0},"end":{"line":45,"column":48}},"45":{"start":{"line":46,"column":0},"end":{"line":46,"column":14}},"47":{"start":{"line":48,"column":0},"end":{"line":48,"column":109}},"48":{"start":{"line":49,"column":0},"end":{"line":49,"column":97}},"49":{"start":{"line":50,"column":0},"end":{"line":50,"column":52}},"50":{"start":{"line":51,"column":0},"end":{"line":51,"column":16}},"51":{"start":{"line":52,"column":0},"end":{"line":52,"column":113}},"52":{"start":{"line":53,"column":0},"end":{"line":53,"column":111}},"53":{"start":{"line":54,"column":0},"end":{"line":54,"column":16}},"54":{"start":{"line":55,"column":0},"end":{"line":55,"column":16}},"55":{"start":{"line":56,"column":0},"end":{"line":56,"column":14}},"56":{"start":{"line":57,"column":0},"end":{"line":57,"column":12}},"57":{"start":{"line":58,"column":0},"end":{"line":58,"column":22}},"59":{"start":{"line":60,"column":0},"end":{"line":60,"column":2}}},"s":{"0":1,"4":1,"5":2,"7":2,"8":2,"9":2,"10":2,"11":2,"12":2,"13":2,"15":2,"17":2,"18":2,"19":2,"20":2,"21":2,"22":2,"23":2,"24":2,"25":2,"26":2,"28":2,"29":2,"30":2,"31":2,"32":2,"34":2,"35":2,"37":2,"38":2,"39":2,"40":2,"41":2,"42":2,"43":2,"44":2,"45":2,"47":2,"48":2,"49":2,"50":2,"51":2,"52":2,"53":2,"54":2,"55":2,"56":2,"57":2,"59":2},"branchMap":{"0":{"type":"branch","line":5,"loc":{"start":{"line":5,"column":39},"end":{"line":60,"column":2}},"locations":[{"start":{"line":5,"column":39},"end":{"line":60,"column":2}}]},"1":{"type":"branch","line":52,"loc":{"start":{"line":52,"column":55},"end":{"line":52,"column":90}},"locations":[{"start":{"line":52,"column":55},"end":{"line":52,"column":90}}]},"2":{"type":"branch","line":52,"loc":{"start":{"line":52,"column":71},"end":{"line":52,"column":110}},"locations":[{"start":{"line":52,"column":71},"end":{"line":52,"column":110}}]},"3":{"type":"branch","line":53,"loc":{"start":{"line":53,"column":21},"end":{"line":53,"column":74}},"locations":[{"start":{"line":53,"column":21},"end":{"line":53,"column":74}}]},"4":{"type":"branch","line":53,"loc":{"start":{"line":53,"column":37},"end":{"line":53,"column":111}},"locations":[{"start":{"line":53,"column":37},"end":{"line":53,"column":111}}]}},"b":{"0":[2],"1":[1],"2":[1],"3":[1],"4":[1]},"fnMap":{"0":{"name":"DashboardPage","decl":{"start":{"line":5,"column":39},"end":{"line":60,"column":2}},"loc":{"start":{"line":5,"column":39},"end":{"line":60,"column":2}},"line":5}},"f":{"0":2}}
,"D:\\projetos-particular\\PetLife\\apps\\web\\src\\pages\\ForgotPasswordPage.tsx": {"path":"D:\\projetos-particular\\PetLife\\apps\\web\\src\\pages\\ForgotPasswordPage.tsx","all":false,"statementMap":{"0":{"start":{"line":1,"column":0},"end":{"line":1,"column":26}},"4":{"start":{"line":5,"column":0},"end":{"line":5,"column":51}},"5":{"start":{"line":6,"column":0},"end":{"line":6,"column":10}},"6":{"start":{"line":7,"column":0},"end":{"line":7,"column":16}},"7":{"start":{"line":8,"column":0},"end":{"line":8,"column":28}},"8":{"start":{"line":9,"column":0},"end":{"line":9,"column":17}},"10":{"start":{"line":11,"column":0},"end":{"line":11,"column":2}}},"s":{"0":1,"4":1,"5":0,"6":0,"7":0,"8":0,"10":0},"branchMap":{},"b":{},"fnMap":{"0":{"name":"ForgotPasswordPage","decl":{"start":{"line":5,"column":44},"end":{"line":11,"column":2}},"loc":{"start":{"line":5,"column":44},"end":{"line":11,"column":2}},"line":5}},"f":{"0":0}}
,"D:\\projetos-particular\\PetLife\\apps\\web\\src\\pages\\LoginPage.tsx": {"path":"D:\\projetos-particular\\PetLife\\apps\\web\\src\\pages\\LoginPage.tsx","all":false,"statementMap":{"0":{"start":{"line":1,"column":0},"end":{"line":1,"column":26}},"4":{"start":{"line":5,"column":0},"end":{"line":5,"column":42}},"5":{"start":{"line":6,"column":0},"end":{"line":6,"column":10}},"6":{"start":{"line":7,"column":0},"end":{"line":7,"column":16}},"7":{"start":{"line":8,"column":0},"end":{"line":8,"column":19}},"8":{"start":{"line":9,"column":0},"end":{"line":9,"column":17}},"10":{"start":{"line":11,"column":0},"end":{"line":11,"column":2}}},"s":{"0":1,"4":1,"5":1,"6":1,"7":1,"8":1,"10":1},"branchMap":{"0":{"type":"branch","line":5,"loc":{"start":{"line":5,"column":35},"end":{"line":11,"column":2}},"locations":[{"start":{"line":5,"column":35},"end":{"line":11,"column":2}}]}},"b":{"0":[1]},"fnMap":{"0":{"name":"LoginPage","decl":{"start":{"line":5,"column":35},"end":{"line":11,"column":2}},"loc":{"start":{"line":5,"column":35},"end":{"line":11,"column":2}},"line":5}},"f":{"0":1}}
,"D:\\projetos-particular\\PetLife\\apps\\web\\src\\pages\\ProfilePage.tsx": {"path":"D:\\projetos-particular\\PetLife\\apps\\web\\src\\pages\\ProfilePage.tsx","all":false,"statementMap":{"0":{"start":{"line":1,"column":0},"end":{"line":1,"column":26}},"4":{"start":{"line":5,"column":0},"end":{"line":5,"column":44}},"5":{"start":{"line":6,"column":0},"end":{"line":6,"column":10}},"6":{"start":{"line":7,"column":0},"end":{"line":7,"column":21}},"7":{"start":{"line":8,"column":0},"end":{"line":8,"column":21}},"8":{"start":{"line":9,"column":0},"end":{"line":9,"column":22}},"10":{"start":{"line":11,"column":0},"end":{"line":11,"column":2}}},"s":{"0":1,"4":1,"5":0,"6":0,"7":0,"8":0,"10":0},"branchMap":{},"b":{},"fnMap":{"0":{"name":"ProfilePage","decl":{"start":{"line":5,"column":37},"end":{"line":11,"column":2}},"loc":{"start":{"line":5,"column":37},"end":{"line":11,"column":2}},"line":5}},"f":{"0":0}}
,"D:\\projetos-particular\\PetLife\\apps\\web\\src\\pages\\RegisterPage.tsx": {"path":"D:\\projetos-particular\\PetLife\\apps\\web\\src\\pages\\RegisterPage.tsx","all":false,"statementMap":{"0":{"start":{"line":1,"column":0},"end":{"line":1,"column":26}},"4":{"start":{"line":5,"column":0},"end":{"line":5,"column":45}},"5":{"start":{"line":6,"column":0},"end":{"line":6,"column":10}},"6":{"start":{"line":7,"column":0},"end":{"line":7,"column":16}},"7":{"start":{"line":8,"column":0},"end":{"line":8,"column":22}},"8":{"start":{"line":9,"column":0},"end":{"line":9,"column":17}},"10":{"start":{"line":11,"column":0},"end":{"line":11,"column":2}}},"s":{"0":1,"4":1,"5":0,"6":0,"7":0,"8":0,"10":0},"branchMap":{},"b":{},"fnMap":{"0":{"name":"RegisterPage","decl":{"start":{"line":5,"column":38},"end":{"line":11,"column":2}},"loc":{"start":{"line":5,"column":38},"end":{"line":11,"column":2}},"line":5}},"f":{"0":0}}
,"D:\\projetos-particular\\PetLife\\apps\\web\\src\\pages\\ResetPasswordPage.tsx": {"path":"D:\\projetos-particular\\PetLife\\apps\\web\\src\\pages\\ResetPasswordPage.tsx","all":false,"statementMap":{"0":{"start":{"line":1,"column":0},"end":{"line":1,"column":26}},"4":{"start":{"line":5,"column":0},"end":{"line":5,"column":50}},"5":{"start":{"line":6,"column":0},"end":{"line":6,"column":10}},"6":{"start":{"line":7,"column":0},"end":{"line":7,"column":16}},"7":{"start":{"line":8,"column":0},"end":{"line":8,"column":27}},"8":{"start":{"line":9,"column":0},"end":{"line":9,"column":17}},"10":{"start":{"line":11,"column":0},"end":{"line":11,"column":2}}},"s":{"0":1,"4":1,"5":0,"6":0,"7":0,"8":0,"10":0},"branchMap":{},"b":{},"fnMap":{"0":{"name":"ResetPasswordPage","decl":{"start":{"line":5,"column":43},"end":{"line":11,"column":2}},"loc":{"start":{"line":5,"column":43},"end":{"line":11,"column":2}},"line":5}},"f":{"0":0}}
,"D:\\projetos-particular\\PetLife\\apps\\web\\src\\services\\api.ts": {"path":"D:\\projetos-particular\\PetLife\\apps\\web\\src\\services\\api.ts","all":false,"statementMap":{"0":{"start":{"line":1,"column":0},"end":{"line":1,"column":26}},"2":{"start":{"line":3,"column":0},"end":{"line":3,"column":26}},"3":{"start":{"line":4,"column":0},"end":{"line":4,"column":42}},"4":{"start":{"line":5,"column":0},"end":{"line":5,"column":12}},"5":{"start":{"line":6,"column":0},"end":{"line":6,"column":39}},"6":{"start":{"line":7,"column":0},"end":{"line":7,"column":4}},"7":{"start":{"line":8,"column":0},"end":{"line":8,"column":3}},"10":{"start":{"line":11,"column":0},"end":{"line":11,"column":29}},"11":{"start":{"line":12,"column":0},"end":{"line":12,"column":15}},"12":{"start":{"line":13,"column":0},"end":{"line":13,"column":63}},"13":{"start":{"line":14,"column":0},"end":{"line":14,"column":16}},"14":{"start":{"line":15,"column":0},"end":{"line":15,"column":55}},"15":{"start":{"line":16,"column":0},"end":{"line":16,"column":5}},"16":{"start":{"line":17,"column":0},"end":{"line":17,"column":18}},"17":{"start":{"line":18,"column":0},"end":{"line":18,"column":4}},"18":{"start":{"line":19,"column":0},"end":{"line":19,"column":14}},"19":{"start":{"line":20,"column":0},"end":{"line":20,"column":33}},"20":{"start":{"line":21,"column":0},"end":{"line":21,"column":3}},"21":{"start":{"line":22,"column":0},"end":{"line":22,"column":2}},"24":{"start":{"line":25,"column":0},"end":{"line":25,"column":30}},"25":{"start":{"line":26,"column":0},"end":{"line":26,"column":25}},"26":{"start":{"line":27,"column":0},"end":{"line":27,"column":20}},"27":{"start":{"line":28,"column":0},"end":{"line":28,"column":41}},"30":{"start":{"line":31,"column":0},"end":{"line":31,"column":8}},"31":{"start":{"line":32,"column":0},"end":{"line":32,"column":23}},"32":{"start":{"line":33,"column":0},"end":{"line":33,"column":38}},"33":{"start":{"line":34,"column":0},"end":{"line":34,"column":53}},"34":{"start":{"line":35,"column":0},"end":{"line":35,"column":56}},"35":{"start":{"line":36,"column":0},"end":{"line":36,"column":29}},"36":{"start":{"line":37,"column":0},"end":{"line":37,"column":7}},"37":{"start":{"line":38,"column":0},"end":{"line":38,"column":36}},"40":{"start":{"line":41,"column":0},"end":{"line":41,"column":54}},"41":{"start":{"line":42,"column":0},"end":{"line":42,"column":55}},"42":{"start":{"line":43,"column":0},"end":{"line":43,"column":38}},"43":{"start":{"line":44,"column":0},"end":{"line":44,"column":5}},"45":{"start":{"line":46,"column":0},"end":{"line":46,"column":33}},"46":{"start":{"line":47,"column":0},"end":{"line":47,"column":3}},"47":{"start":{"line":48,"column":0},"end":{"line":48,"column":2}},"49":{"start":{"line":50,"column":0},"end":{"line":50,"column":19}}},"s":{"0":1,"2":1,"3":1,"4":1,"5":1,"6":1,"7":1,"10":1,"11":1,"12":0,"13":0,"14":0,"15":0,"16":0,"17":0,"18":1,"19":0,"20":0,"21":1,"24":1,"25":1,"26":1,"27":0,"30":0,"31":0,"32":0,"33":0,"34":0,"35":0,"36":0,"37":0,"40":0,"41":0,"42":0,"43":0,"45":0,"46":0,"47":1,"49":1},"branchMap":{},"b":{},"fnMap":{"0":{"name":"api.interceptors.response.use.originalRequest","decl":{"start":{"line":26,"column":2},"end":{"line":26,"column":25}},"loc":{"start":{"line":26,"column":2},"end":{"line":26,"column":25}},"line":26}},"f":{"0":0}}
}
