{"D:\\projetos-particular\\PetLife\\apps\\web\\src\\App.tsx": {"path":"D:\\projetos-particular\\PetLife\\apps\\web\\src\\App.tsx","all":false,"statementMap":{"0":{"start":{"line":1,"column":0},"end":{"line":1,"column":26}},"19":{"start":{"line":20,"column":0},"end":{"line":20,"column":36}},"20":{"start":{"line":21,"column":0},"end":{"line":21,"column":10}},"21":{"start":{"line":22,"column":0},"end":{"line":22,"column":19}},"22":{"start":{"line":23,"column":0},"end":{"line":23,"column":20}},"23":{"start":{"line":24,"column":0},"end":{"line":24,"column":23}},"24":{"start":{"line":25,"column":0},"end":{"line":25,"column":18}},"26":{"start":{"line":27,"column":0},"end":{"line":27,"column":69}},"27":{"start":{"line":28,"column":0},"end":{"line":28,"column":59}},"28":{"start":{"line":29,"column":0},"end":{"line":29,"column":65}},"29":{"start":{"line":30,"column":0},"end":{"line":30,"column":78}},"30":{"start":{"line":31,"column":0},"end":{"line":31,"column":76}},"33":{"start":{"line":34,"column":0},"end":{"line":34,"column":18}},"34":{"start":{"line":35,"column":0},"end":{"line":35,"column":22}},"35":{"start":{"line":36,"column":0},"end":{"line":36,"column":23}},"36":{"start":{"line":37,"column":0},"end":{"line":37,"column":30}},"37":{"start":{"line":38,"column":0},"end":{"line":38,"column":35}},"38":{"start":{"line":39,"column":0},"end":{"line":39,"column":31}},"40":{"start":{"line":41,"column":0},"end":{"line":41,"column":14}},"41":{"start":{"line":42,"column":0},"end":{"line":42,"column":18}},"42":{"start":{"line":43,"column":0},"end":{"line":43,"column":30}},"43":{"start":{"line":44,"column":0},"end":{"line":44,"column":23}},"44":{"start":{"line":45,"column":0},"end":{"line":45,"column":30}},"45":{"start":{"line":46,"column":0},"end":{"line":46,"column":36}},"46":{"start":{"line":47,"column":0},"end":{"line":47,"column":31}},"48":{"start":{"line":49,"column":0},"end":{"line":49,"column":14}},"49":{"start":{"line":50,"column":0},"end":{"line":50,"column":18}},"50":{"start":{"line":51,"column":0},"end":{"line":51,"column":33}},"51":{"start":{"line":52,"column":0},"end":{"line":52,"column":23}},"52":{"start":{"line":53,"column":0},"end":{"line":53,"column":30}},"53":{"start":{"line":54,"column":0},"end":{"line":54,"column":37}},"54":{"start":{"line":55,"column":0},"end":{"line":55,"column":31}},"56":{"start":{"line":57,"column":0},"end":{"line":57,"column":14}},"57":{"start":{"line":58,"column":0},"end":{"line":58,"column":18}},"58":{"start":{"line":59,"column":0},"end":{"line":59,"column":29}},"59":{"start":{"line":60,"column":0},"end":{"line":60,"column":23}},"60":{"start":{"line":61,"column":0},"end":{"line":61,"column":30}},"61":{"start":{"line":62,"column":0},"end":{"line":62,"column":33}},"62":{"start":{"line":63,"column":0},"end":{"line":63,"column":31}},"64":{"start":{"line":65,"column":0},"end":{"line":65,"column":14}},"65":{"start":{"line":66,"column":0},"end":{"line":66,"column":18}},"66":{"start":{"line":67,"column":0},"end":{"line":67,"column":30}},"67":{"start":{"line":68,"column":0},"end":{"line":68,"column":23}},"68":{"start":{"line":69,"column":0},"end":{"line":69,"column":30}},"69":{"start":{"line":70,"column":0},"end":{"line":70,"column":34}},"70":{"start":{"line":71,"column":0},"end":{"line":71,"column":31}},"72":{"start":{"line":73,"column":0},"end":{"line":73,"column":14}},"73":{"start":{"line":74,"column":0},"end":{"line":74,"column":18}},"74":{"start":{"line":75,"column":0},"end":{"line":75,"column":34}},"75":{"start":{"line":76,"column":0},"end":{"line":76,"column":23}},"76":{"start":{"line":77,"column":0},"end":{"line":77,"column":30}},"77":{"start":{"line":78,"column":0},"end":{"line":78,"column":38}},"78":{"start":{"line":79,"column":0},"end":{"line":79,"column":31}},"80":{"start":{"line":81,"column":0},"end":{"line":81,"column":14}},"81":{"start":{"line":82,"column":0},"end":{"line":82,"column":18}},"82":{"start":{"line":83,"column":0},"end":{"line":83,"column":29}},"83":{"start":{"line":84,"column":0},"end":{"line":84,"column":23}},"84":{"start":{"line":85,"column":0},"end":{"line":85,"column":30}},"85":{"start":{"line":86,"column":0},"end":{"line":86,"column":33}},"86":{"start":{"line":87,"column":0},"end":{"line":87,"column":31}},"88":{"start":{"line":89,"column":0},"end":{"line":89,"column":14}},"91":{"start":{"line":92,"column":0},"end":{"line":92,"column":68}},"92":{"start":{"line":93,"column":0},"end":{"line":93,"column":19}},"93":{"start":{"line":94,"column":0},"end":{"line":94,"column":24}},"94":{"start":{"line":95,"column":0},"end":{"line":95,"column":21}},"95":{"start":{"line":96,"column":0},"end":{"line":96,"column":20}},"97":{"start":{"line":98,"column":0},"end":{"line":98,"column":2}},"99":{"start":{"line":100,"column":0},"end":{"line":100,"column":19}}},"s":{"0":1,"19":1,"20":1,"21":1,"22":1,"23":1,"24":1,"26":1,"27":1,"28":1,"29":1,"30":1,"33":1,"34":1,"35":1,"36":1,"37":1,"38":1,"40":1,"41":1,"42":1,"43":1,"44":1,"45":1,"46":1,"48":1,"49":1,"50":1,"51":1,"52":1,"53":1,"54":1,"56":1,"57":1,"58":1,"59":1,"60":1,"61":1,"62":1,"64":1,"65":1,"66":1,"67":1,"68":1,"69":1,"70":1,"72":1,"73":1,"74":1,"75":1,"76":1,"77":1,"78":1,"80":1,"81":1,"82":1,"83":1,"84":1,"85":1,"86":1,"88":1,"91":1,"92":1,"93":1,"94":1,"95":1,"97":1,"99":1},"branchMap":{"0":{"type":"branch","line":20,"loc":{"start":{"line":20,"column":29},"end":{"line":98,"column":2}},"locations":[{"start":{"line":20,"column":29},"end":{"line":98,"column":2}}]}},"b":{"0":[1]},"fnMap":{"0":{"name":"App","decl":{"start":{"line":20,"column":29},"end":{"line":98,"column":2}},"loc":{"start":{"line":20,"column":29},"end":{"line":98,"column":2}},"line":20}},"f":{"0":1}}
,"D:\\projetos-particular\\PetLife\\apps\\web\\src\\main.tsx": {"path":"D:\\projetos-particular\\PetLife\\apps\\web\\src\\main.tsx","all":true,"statementMap":{"0":{"start":{"line":1,"column":0},"end":{"line":1,"column":34}},"1":{"start":{"line":2,"column":0},"end":{"line":2,"column":45}},"2":{"start":{"line":3,"column":0},"end":{"line":3,"column":20}},"3":{"start":{"line":4,"column":0},"end":{"line":4,"column":27}},"5":{"start":{"line":6,"column":0},"end":{"line":6,"column":52}},"6":{"start":{"line":7,"column":0},"end":{"line":7,"column":14}},"7":{"start":{"line":8,"column":0},"end":{"line":8,"column":11}},"8":{"start":{"line":9,"column":0},"end":{"line":9,"column":16}},"9":{"start":{"line":10,"column":0},"end":{"line":10,"column":1}}},"s":{"0":0,"1":0,"2":0,"3":0,"5":0,"6":0,"7":0,"8":0,"9":0},"branchMap":{"0":{"type":"branch","line":1,"loc":{"start":{"line":1,"column":229},"end":{"line":10,"column":1}},"locations":[{"start":{"line":1,"column":229},"end":{"line":10,"column":1}}]}},"b":{"0":[0]},"fnMap":{"0":{"name":"(empty-report)","decl":{"start":{"line":1,"column":229},"end":{"line":10,"column":1}},"loc":{"start":{"line":1,"column":229},"end":{"line":10,"column":1}},"line":1}},"f":{"0":0}}
,"D:\\projetos-particular\\PetLife\\apps\\web\\src\\application\\auth\\useAuthTokens.ts": {"path":"D:\\projetos-particular\\PetLife\\apps\\web\\src\\application\\auth\\useAuthTokens.ts","all":false,"statementMap":{"0":{"start":{"line":1,"column":0},"end":{"line":1,"column":80}},"8":{"start":{"line":9,"column":0},"end":{"line":9,"column":46}},"9":{"start":{"line":10,"column":0},"end":{"line":10,"column":22}},"10":{"start":{"line":11,"column":0},"end":{"line":11,"column":22}},"11":{"start":{"line":12,"column":0},"end":{"line":12,"column":26}},"12":{"start":{"line":13,"column":0},"end":{"line":13,"column":52}},"13":{"start":{"line":14,"column":0},"end":{"line":14,"column":46}},"14":{"start":{"line":15,"column":0},"end":{"line":15,"column":28}},"15":{"start":{"line":16,"column":0},"end":{"line":16,"column":1}}},"s":{"0":1,"8":3,"9":3,"10":3,"11":3,"12":3,"13":3,"14":3,"15":3},"branchMap":{"0":{"type":"branch","line":9,"loc":{"start":{"line":9,"column":0},"end":{"line":16,"column":1}},"locations":[{"start":{"line":9,"column":0},"end":{"line":16,"column":1}}]}},"b":{"0":[3]},"fnMap":{"0":{"name":"saveTokensAndGetProfile","decl":{"start":{"line":9,"column":0},"end":{"line":16,"column":1}},"loc":{"start":{"line":9,"column":0},"end":{"line":16,"column":1}},"line":9}},"f":{"0":3}}
,"D:\\projetos-particular\\PetLife\\apps\\web\\src\\application\\auth\\useGoogleLogin.ts": {"path":"D:\\projetos-particular\\PetLife\\apps\\web\\src\\application\\auth\\useGoogleLogin.ts","all":false,"statementMap":{"0":{"start":{"line":1,"column":0},"end":{"line":1,"column":46}},"10":{"start":{"line":11,"column":0},"end":{"line":11,"column":34}},"11":{"start":{"line":12,"column":0},"end":{"line":12,"column":52}},"13":{"start":{"line":14,"column":0},"end":{"line":14,"column":38}},"14":{"start":{"line":15,"column":0},"end":{"line":15,"column":55}},"15":{"start":{"line":16,"column":0},"end":{"line":16,"column":25}},"16":{"start":{"line":17,"column":0},"end":{"line":17,"column":11}},"17":{"start":{"line":18,"column":0},"end":{"line":18,"column":64}},"18":{"start":{"line":19,"column":0},"end":{"line":19,"column":65}},"19":{"start":{"line":20,"column":0},"end":{"line":20,"column":72}},"20":{"start":{"line":21,"column":0},"end":{"line":21,"column":17}},"21":{"start":{"line":22,"column":0},"end":{"line":22,"column":28}},"22":{"start":{"line":23,"column":0},"end":{"line":23,"column":7}},"23":{"start":{"line":24,"column":0},"end":{"line":24,"column":6}},"24":{"start":{"line":25,"column":0},"end":{"line":25,"column":6}},"25":{"start":{"line":26,"column":0},"end":{"line":26,"column":4}},"27":{"start":{"line":28,"column":0},"end":{"line":28,"column":40}},"28":{"start":{"line":29,"column":0},"end":{"line":29,"column":1}}},"s":{"0":1,"10":1,"11":22,"13":22,"14":22,"15":1,"16":1,"17":1,"18":1,"19":1,"20":1,"21":1,"22":1,"23":1,"24":22,"25":22,"27":22,"28":22},"branchMap":{"0":{"type":"branch","line":11,"loc":{"start":{"line":11,"column":7},"end":{"line":29,"column":1}},"locations":[{"start":{"line":11,"column":7},"end":{"line":29,"column":1}}]},"1":{"type":"branch","line":15,"loc":{"start":{"line":15,"column":4},"end":{"line":24,"column":6}},"locations":[{"start":{"line":15,"column":4},"end":{"line":24,"column":6}}]}},"b":{"0":[22],"1":[1]},"fnMap":{"0":{"name":"useGoogleLogin","decl":{"start":{"line":11,"column":7},"end":{"line":29,"column":1}},"loc":{"start":{"line":11,"column":7},"end":{"line":29,"column":1}},"line":11}},"f":{"0":22}}
,"D:\\projetos-particular\\PetLife\\apps\\web\\src\\application\\auth\\useLogin.ts": {"path":"D:\\projetos-particular\\PetLife\\apps\\web\\src\\application\\auth\\useLogin.ts","all":false,"statementMap":{"0":{"start":{"line":1,"column":0},"end":{"line":1,"column":46}},"8":{"start":{"line":9,"column":0},"end":{"line":9,"column":28}},"9":{"start":{"line":10,"column":0},"end":{"line":10,"column":52}},"11":{"start":{"line":12,"column":0},"end":{"line":12,"column":28}},"12":{"start":{"line":13,"column":0},"end":{"line":13,"column":71}},"13":{"start":{"line":14,"column":0},"end":{"line":14,"column":25}},"14":{"start":{"line":15,"column":0},"end":{"line":15,"column":11}},"15":{"start":{"line":16,"column":0},"end":{"line":16,"column":62}},"16":{"start":{"line":17,"column":0},"end":{"line":17,"column":65}},"17":{"start":{"line":18,"column":0},"end":{"line":18,"column":72}},"18":{"start":{"line":19,"column":0},"end":{"line":19,"column":17}},"19":{"start":{"line":20,"column":0},"end":{"line":20,"column":28}},"20":{"start":{"line":21,"column":0},"end":{"line":21,"column":7}},"21":{"start":{"line":22,"column":0},"end":{"line":22,"column":6}},"22":{"start":{"line":23,"column":0},"end":{"line":23,"column":6}},"23":{"start":{"line":24,"column":0},"end":{"line":24,"column":4}},"25":{"start":{"line":26,"column":0},"end":{"line":26,"column":30}},"26":{"start":{"line":27,"column":0},"end":{"line":27,"column":1}}},"s":{"0":1,"8":1,"9":22,"11":22,"12":22,"13":1,"14":1,"15":1,"16":1,"17":1,"18":1,"19":1,"20":1,"21":1,"22":22,"23":22,"25":22,"26":22},"branchMap":{"0":{"type":"branch","line":9,"loc":{"start":{"line":9,"column":7},"end":{"line":27,"column":1}},"locations":[{"start":{"line":9,"column":7},"end":{"line":27,"column":1}}]},"1":{"type":"branch","line":13,"loc":{"start":{"line":13,"column":4},"end":{"line":22,"column":6}},"locations":[{"start":{"line":13,"column":4},"end":{"line":22,"column":6}}]}},"b":{"0":[22],"1":[1]},"fnMap":{"0":{"name":"useLogin","decl":{"start":{"line":9,"column":7},"end":{"line":27,"column":1}},"loc":{"start":{"line":9,"column":7},"end":{"line":27,"column":1}},"line":9}},"f":{"0":22}}
,"D:\\projetos-particular\\PetLife\\apps\\web\\src\\application\\auth\\useLogout.ts": {"path":"D:\\projetos-particular\\PetLife\\apps\\web\\src\\application\\auth\\useLogout.ts","all":false,"statementMap":{"0":{"start":{"line":1,"column":0},"end":{"line":1,"column":36}},"7":{"start":{"line":8,"column":0},"end":{"line":8,"column":49}},"8":{"start":{"line":9,"column":0},"end":{"line":9,"column":36}},"9":{"start":{"line":10,"column":0},"end":{"line":10,"column":31}},"10":{"start":{"line":11,"column":0},"end":{"line":11,"column":15}},"11":{"start":{"line":12,"column":0},"end":{"line":12,"column":17}},"13":{"start":{"line":14,"column":0},"end":{"line":14,"column":20}},"14":{"start":{"line":15,"column":0},"end":{"line":15,"column":1}}},"s":{"0":1,"7":1,"8":22,"9":0,"10":0,"11":22,"13":22,"14":22},"branchMap":{"0":{"type":"branch","line":8,"loc":{"start":{"line":8,"column":7},"end":{"line":15,"column":1}},"locations":[{"start":{"line":8,"column":7},"end":{"line":15,"column":1}}]}},"b":{"0":[22]},"fnMap":{"0":{"name":"useLogout","decl":{"start":{"line":8,"column":7},"end":{"line":15,"column":1}},"loc":{"start":{"line":8,"column":7},"end":{"line":15,"column":1}},"line":8}},"f":{"0":22}}
,"D:\\projetos-particular\\PetLife\\apps\\web\\src\\application\\auth\\useRegister.ts": {"path":"D:\\projetos-particular\\PetLife\\apps\\web\\src\\application\\auth\\useRegister.ts","all":false,"statementMap":{"0":{"start":{"line":1,"column":0},"end":{"line":1,"column":46}},"8":{"start":{"line":9,"column":0},"end":{"line":9,"column":31}},"9":{"start":{"line":10,"column":0},"end":{"line":10,"column":52}},"11":{"start":{"line":12,"column":0},"end":{"line":12,"column":31}},"12":{"start":{"line":13,"column":0},"end":{"line":13,"column":85}},"13":{"start":{"line":14,"column":0},"end":{"line":14,"column":25}},"14":{"start":{"line":15,"column":0},"end":{"line":15,"column":11}},"15":{"start":{"line":16,"column":0},"end":{"line":16,"column":71}},"16":{"start":{"line":17,"column":0},"end":{"line":17,"column":65}},"17":{"start":{"line":18,"column":0},"end":{"line":18,"column":72}},"18":{"start":{"line":19,"column":0},"end":{"line":19,"column":17}},"19":{"start":{"line":20,"column":0},"end":{"line":20,"column":28}},"20":{"start":{"line":21,"column":0},"end":{"line":21,"column":7}},"21":{"start":{"line":22,"column":0},"end":{"line":22,"column":6}},"22":{"start":{"line":23,"column":0},"end":{"line":23,"column":6}},"23":{"start":{"line":24,"column":0},"end":{"line":24,"column":4}},"25":{"start":{"line":26,"column":0},"end":{"line":26,"column":33}},"26":{"start":{"line":27,"column":0},"end":{"line":27,"column":1}}},"s":{"0":1,"8":1,"9":22,"11":22,"12":22,"13":1,"14":1,"15":1,"16":1,"17":1,"18":1,"19":1,"20":1,"21":1,"22":22,"23":22,"25":22,"26":22},"branchMap":{"0":{"type":"branch","line":9,"loc":{"start":{"line":9,"column":7},"end":{"line":27,"column":1}},"locations":[{"start":{"line":9,"column":7},"end":{"line":27,"column":1}}]},"1":{"type":"branch","line":13,"loc":{"start":{"line":13,"column":4},"end":{"line":22,"column":6}},"locations":[{"start":{"line":13,"column":4},"end":{"line":22,"column":6}}]}},"b":{"0":[22],"1":[1]},"fnMap":{"0":{"name":"useRegister","decl":{"start":{"line":9,"column":7},"end":{"line":27,"column":1}},"loc":{"start":{"line":9,"column":7},"end":{"line":27,"column":1}},"line":9}},"f":{"0":22}}
,"D:\\projetos-particular\\PetLife\\apps\\web\\src\\application\\auth\\useSession.ts": {"path":"D:\\projetos-particular\\PetLife\\apps\\web\\src\\application\\auth\\useSession.ts","all":false,"statementMap":{"0":{"start":{"line":1,"column":0},"end":{"line":1,"column":44}},"8":{"start":{"line":9,"column":0},"end":{"line":9,"column":30}},"9":{"start":{"line":10,"column":0},"end":{"line":10,"column":62}},"10":{"start":{"line":11,"column":0},"end":{"line":11,"column":47}},"12":{"start":{"line":13,"column":0},"end":{"line":13,"column":19}},"13":{"start":{"line":14,"column":0},"end":{"line":14,"column":32}},"14":{"start":{"line":15,"column":0},"end":{"line":15,"column":37}},"15":{"start":{"line":16,"column":0},"end":{"line":16,"column":26}},"16":{"start":{"line":17,"column":0},"end":{"line":17,"column":15}},"17":{"start":{"line":18,"column":0},"end":{"line":18,"column":7}},"18":{"start":{"line":19,"column":0},"end":{"line":19,"column":11}},"19":{"start":{"line":20,"column":0},"end":{"line":20,"column":52}},"20":{"start":{"line":21,"column":0},"end":{"line":21,"column":36}},"21":{"start":{"line":22,"column":0},"end":{"line":22,"column":15}},"22":{"start":{"line":23,"column":0},"end":{"line":23,"column":35}},"23":{"start":{"line":24,"column":0},"end":{"line":24,"column":17}},"24":{"start":{"line":25,"column":0},"end":{"line":25,"column":26}},"25":{"start":{"line":26,"column":0},"end":{"line":26,"column":7}},"26":{"start":{"line":27,"column":0},"end":{"line":27,"column":5}},"27":{"start":{"line":28,"column":0},"end":{"line":28,"column":16}},"28":{"start":{"line":29,"column":0},"end":{"line":29,"column":9}},"30":{"start":{"line":31,"column":0},"end":{"line":31,"column":36}},"31":{"start":{"line":32,"column":0},"end":{"line":32,"column":1}}},"s":{"0":1,"8":1,"9":22,"10":22,"12":22,"13":9,"14":9,"15":6,"16":6,"17":6,"18":3,"19":3,"20":2,"21":8,"22":1,"23":8,"24":3,"25":3,"26":9,"27":9,"28":22,"30":22,"31":22},"branchMap":{"0":{"type":"branch","line":9,"loc":{"start":{"line":9,"column":7},"end":{"line":32,"column":1}},"locations":[{"start":{"line":9,"column":7},"end":{"line":32,"column":1}}]},"1":{"type":"branch","line":13,"loc":{"start":{"line":13,"column":12},"end":{"line":29,"column":5}},"locations":[{"start":{"line":13,"column":12},"end":{"line":29,"column":5}}]},"2":{"type":"branch","line":14,"loc":{"start":{"line":14,"column":4},"end":{"line":27,"column":5}},"locations":[{"start":{"line":14,"column":4},"end":{"line":27,"column":5}}]},"3":{"type":"branch","line":15,"loc":{"start":{"line":15,"column":36},"end":{"line":18,"column":7}},"locations":[{"start":{"line":15,"column":36},"end":{"line":18,"column":7}}]},"4":{"type":"branch","line":18,"loc":{"start":{"line":18,"column":6},"end":{"line":26,"column":7}},"locations":[{"start":{"line":18,"column":6},"end":{"line":26,"column":7}}]},"5":{"type":"branch","line":18,"loc":{"start":{"line":18,"column":6},"end":{"line":20,"column":52}},"locations":[{"start":{"line":18,"column":6},"end":{"line":20,"column":52}}]},"6":{"type":"branch","line":20,"loc":{"start":{"line":20,"column":50},"end":{"line":22,"column":14}},"locations":[{"start":{"line":20,"column":50},"end":{"line":22,"column":14}}]},"7":{"type":"branch","line":22,"loc":{"start":{"line":22,"column":6},"end":{"line":24,"column":8}},"locations":[{"start":{"line":22,"column":6},"end":{"line":24,"column":8}}]},"8":{"type":"branch","line":24,"loc":{"start":{"line":24,"column":6},"end":{"line":26,"column":7}},"locations":[{"start":{"line":24,"column":6},"end":{"line":26,"column":7}}]}},"b":{"0":[22],"1":[9],"2":[9],"3":[6],"4":[8],"5":[3],"6":[2],"7":[1],"8":[3]},"fnMap":{"0":{"name":"useSession","decl":{"start":{"line":9,"column":7},"end":{"line":32,"column":1}},"loc":{"start":{"line":9,"column":7},"end":{"line":32,"column":1}},"line":9},"1":{"name":"rehydrate","decl":{"start":{"line":14,"column":4},"end":{"line":27,"column":5}},"loc":{"start":{"line":14,"column":4},"end":{"line":27,"column":5}},"line":14}},"f":{"0":22,"1":9}}
,"D:\\projetos-particular\\PetLife\\apps\\web\\src\\application\\pet\\useCreatePet.ts": {"path":"D:\\projetos-particular\\PetLife\\apps\\web\\src\\application\\pet\\useCreatePet.ts","all":false,"statementMap":{"0":{"start":{"line":1,"column":0},"end":{"line":1,"column":33}},"10":{"start":{"line":11,"column":0},"end":{"line":11,"column":32}},"11":{"start":{"line":12,"column":0},"end":{"line":12,"column":48}},"12":{"start":{"line":13,"column":0},"end":{"line":13,"column":58}},"14":{"start":{"line":15,"column":0},"end":{"line":15,"column":80}},"15":{"start":{"line":16,"column":0},"end":{"line":16,"column":21}},"16":{"start":{"line":17,"column":0},"end":{"line":17,"column":19}},"17":{"start":{"line":18,"column":0},"end":{"line":18,"column":9}},"19":{"start":{"line":20,"column":0},"end":{"line":20,"column":49}},"20":{"start":{"line":21,"column":0},"end":{"line":21,"column":35}},"23":{"start":{"line":24,"column":0},"end":{"line":24,"column":28}},"24":{"start":{"line":25,"column":0},"end":{"line":25,"column":70}},"25":{"start":{"line":26,"column":0},"end":{"line":26,"column":38}},"26":{"start":{"line":27,"column":0},"end":{"line":27,"column":7}},"28":{"start":{"line":29,"column":0},"end":{"line":29,"column":17}},"29":{"start":{"line":30,"column":0},"end":{"line":30,"column":24}},"30":{"start":{"line":31,"column":0},"end":{"line":31,"column":98}},"31":{"start":{"line":32,"column":0},"end":{"line":32,"column":24}},"32":{"start":{"line":33,"column":0},"end":{"line":33,"column":31}},"33":{"start":{"line":34,"column":0},"end":{"line":34,"column":15}},"34":{"start":{"line":35,"column":0},"end":{"line":35,"column":24}},"35":{"start":{"line":36,"column":0},"end":{"line":36,"column":5}},"36":{"start":{"line":37,"column":0},"end":{"line":37,"column":4}},"38":{"start":{"line":39,"column":0},"end":{"line":39,"column":10}},"39":{"start":{"line":40,"column":0},"end":{"line":40,"column":14}},"40":{"start":{"line":41,"column":0},"end":{"line":41,"column":12}},"41":{"start":{"line":42,"column":0},"end":{"line":42,"column":10}},"42":{"start":{"line":43,"column":0},"end":{"line":43,"column":4}},"43":{"start":{"line":44,"column":0},"end":{"line":44,"column":1}}},"s":{"0":1,"10":1,"11":8,"12":8,"14":8,"15":3,"16":3,"17":3,"19":3,"20":2,"23":3,"24":1,"25":1,"26":1,"28":2,"29":3,"30":1,"31":1,"32":1,"33":3,"34":3,"35":3,"36":3,"38":8,"39":8,"40":8,"41":8,"42":8,"43":8},"branchMap":{"0":{"type":"branch","line":11,"loc":{"start":{"line":11,"column":7},"end":{"line":44,"column":1}},"locations":[{"start":{"line":11,"column":7},"end":{"line":44,"column":1}}]},"1":{"type":"branch","line":15,"loc":{"start":{"line":15,"column":20},"end":{"line":37,"column":4}},"locations":[{"start":{"line":15,"column":20},"end":{"line":37,"column":4}}]},"2":{"type":"branch","line":20,"loc":{"start":{"line":20,"column":47},"end":{"line":24,"column":19}},"locations":[{"start":{"line":20,"column":47},"end":{"line":24,"column":19}}]},"3":{"type":"branch","line":24,"loc":{"start":{"line":24,"column":10},"end":{"line":24,"column":27}},"locations":[{"start":{"line":24,"column":10},"end":{"line":24,"column":27}}]},"4":{"type":"branch","line":24,"loc":{"start":{"line":24,"column":27},"end":{"line":27,"column":7}},"locations":[{"start":{"line":24,"column":27},"end":{"line":27,"column":7}}]},"5":{"type":"branch","line":27,"loc":{"start":{"line":27,"column":6},"end":{"line":30,"column":13}},"locations":[{"start":{"line":27,"column":6},"end":{"line":30,"column":13}}]},"6":{"type":"branch","line":30,"loc":{"start":{"line":30,"column":4},"end":{"line":34,"column":6}},"locations":[{"start":{"line":30,"column":4},"end":{"line":34,"column":6}}]},"7":{"type":"branch","line":31,"loc":{"start":{"line":31,"column":49},"end":{"line":31,"column":98}},"locations":[{"start":{"line":31,"column":49},"end":{"line":31,"column":98}}]},"8":{"type":"branch","line":34,"loc":{"start":{"line":34,"column":4},"end":{"line":34,"column":6}},"locations":[{"start":{"line":34,"column":4},"end":{"line":34,"column":6}}]}},"b":{"0":[8],"1":[3],"2":[2],"3":[1],"4":[1],"5":[2],"6":[1],"7":[0],"8":[0]},"fnMap":{"0":{"name":"useCreatePet","decl":{"start":{"line":11,"column":7},"end":{"line":44,"column":1}},"loc":{"start":{"line":11,"column":7},"end":{"line":44,"column":1}},"line":11},"1":{"name":"createPet","decl":{"start":{"line":15,"column":20},"end":{"line":37,"column":4}},"loc":{"start":{"line":15,"column":20},"end":{"line":37,"column":4}},"line":15}},"f":{"0":8,"1":3}}
,"D:\\projetos-particular\\PetLife\\apps\\web\\src\\application\\pet\\useGetPets.ts": {"path":"D:\\projetos-particular\\PetLife\\apps\\web\\src\\application\\pet\\useGetPets.ts","all":false,"statementMap":{"0":{"start":{"line":1,"column":0},"end":{"line":1,"column":46}},"9":{"start":{"line":10,"column":0},"end":{"line":10,"column":30}},"10":{"start":{"line":11,"column":0},"end":{"line":11,"column":46}},"11":{"start":{"line":12,"column":0},"end":{"line":12,"column":52}},"12":{"start":{"line":13,"column":0},"end":{"line":13,"column":58}},"13":{"start":{"line":14,"column":0},"end":{"line":14,"column":118}},"15":{"start":{"line":16,"column":0},"end":{"line":16,"column":84}},"16":{"start":{"line":17,"column":0},"end":{"line":17,"column":23}},"17":{"start":{"line":18,"column":0},"end":{"line":18,"column":19}},"18":{"start":{"line":19,"column":0},"end":{"line":19,"column":9}},"19":{"start":{"line":20,"column":0},"end":{"line":20,"column":116}},"20":{"start":{"line":21,"column":0},"end":{"line":21,"column":34}},"21":{"start":{"line":22,"column":0},"end":{"line":22,"column":31}},"22":{"start":{"line":23,"column":0},"end":{"line":23,"column":36}},"23":{"start":{"line":24,"column":0},"end":{"line":24,"column":7}},"24":{"start":{"line":25,"column":0},"end":{"line":25,"column":24}},"25":{"start":{"line":26,"column":0},"end":{"line":26,"column":83}},"26":{"start":{"line":27,"column":0},"end":{"line":27,"column":23}},"27":{"start":{"line":28,"column":0},"end":{"line":28,"column":15}},"28":{"start":{"line":29,"column":0},"end":{"line":29,"column":26}},"29":{"start":{"line":30,"column":0},"end":{"line":30,"column":5}},"30":{"start":{"line":31,"column":0},"end":{"line":31,"column":9}},"32":{"start":{"line":33,"column":0},"end":{"line":33,"column":10}},"33":{"start":{"line":34,"column":0},"end":{"line":34,"column":9}},"34":{"start":{"line":35,"column":0},"end":{"line":35,"column":14}},"35":{"start":{"line":36,"column":0},"end":{"line":36,"column":10}},"36":{"start":{"line":37,"column":0},"end":{"line":37,"column":9}},"37":{"start":{"line":38,"column":0},"end":{"line":38,"column":14}},"38":{"start":{"line":39,"column":0},"end":{"line":39,"column":4}},"39":{"start":{"line":40,"column":0},"end":{"line":40,"column":1}}},"s":{"0":1,"9":1,"10":4,"11":4,"12":4,"13":4,"15":4,"16":2,"17":2,"18":2,"19":2,"20":1,"21":1,"22":1,"23":1,"24":2,"25":1,"26":1,"27":2,"28":2,"29":2,"30":4,"32":4,"33":4,"34":4,"35":4,"36":4,"37":4,"38":4,"39":4},"branchMap":{"0":{"type":"branch","line":10,"loc":{"start":{"line":10,"column":7},"end":{"line":40,"column":1}},"locations":[{"start":{"line":10,"column":7},"end":{"line":40,"column":1}}]},"1":{"type":"branch","line":16,"loc":{"start":{"line":16,"column":32},"end":{"line":31,"column":5}},"locations":[{"start":{"line":16,"column":32},"end":{"line":31,"column":5}}]},"2":{"type":"branch","line":20,"loc":{"start":{"line":20,"column":34},"end":{"line":20,"column":86}},"locations":[{"start":{"line":20,"column":34},"end":{"line":20,"column":86}}]},"3":{"type":"branch","line":20,"loc":{"start":{"line":20,"column":114},"end":{"line":24,"column":7}},"locations":[{"start":{"line":20,"column":114},"end":{"line":24,"column":7}}]},"4":{"type":"branch","line":25,"loc":{"start":{"line":25,"column":4},"end":{"line":28,"column":6}},"locations":[{"start":{"line":25,"column":4},"end":{"line":28,"column":6}}]},"5":{"type":"branch","line":26,"loc":{"start":{"line":26,"column":48},"end":{"line":26,"column":83}},"locations":[{"start":{"line":26,"column":48},"end":{"line":26,"column":83}}]}},"b":{"0":[4],"1":[2],"2":[0],"3":[1],"4":[1],"5":[0]},"fnMap":{"0":{"name":"useGetPets","decl":{"start":{"line":10,"column":7},"end":{"line":40,"column":1}},"loc":{"start":{"line":10,"column":7},"end":{"line":40,"column":1}},"line":10}},"f":{"0":4}}
,"D:\\projetos-particular\\PetLife\\apps\\web\\src\\application\\pet\\usePetWeightHistory.ts": {"path":"D:\\projetos-particular\\PetLife\\apps\\web\\src\\application\\pet\\usePetWeightHistory.ts","all":false,"statementMap":{"0":{"start":{"line":1,"column":0},"end":{"line":1,"column":44}},"8":{"start":{"line":9,"column":0},"end":{"line":9,"column":52}},"9":{"start":{"line":10,"column":0},"end":{"line":10,"column":63}},"10":{"start":{"line":11,"column":0},"end":{"line":11,"column":56}},"11":{"start":{"line":12,"column":0},"end":{"line":12,"column":58}},"13":{"start":{"line":14,"column":0},"end":{"line":14,"column":19}},"14":{"start":{"line":15,"column":0},"end":{"line":15,"column":25}},"15":{"start":{"line":16,"column":0},"end":{"line":16,"column":21}},"16":{"start":{"line":17,"column":0},"end":{"line":17,"column":10}},"17":{"start":{"line":18,"column":0},"end":{"line":18,"column":30}},"18":{"start":{"line":19,"column":0},"end":{"line":19,"column":27}},"19":{"start":{"line":20,"column":0},"end":{"line":20,"column":24}},"20":{"start":{"line":21,"column":0},"end":{"line":21,"column":38}},"21":{"start":{"line":22,"column":0},"end":{"line":22,"column":25}},"22":{"start":{"line":23,"column":0},"end":{"line":23,"column":9}},"23":{"start":{"line":24,"column":0},"end":{"line":24,"column":8}},"24":{"start":{"line":25,"column":0},"end":{"line":25,"column":23}},"25":{"start":{"line":26,"column":0},"end":{"line":26,"column":24}},"26":{"start":{"line":27,"column":0},"end":{"line":27,"column":92}},"27":{"start":{"line":28,"column":0},"end":{"line":28,"column":9}},"28":{"start":{"line":29,"column":0},"end":{"line":29,"column":8}},"29":{"start":{"line":30,"column":0},"end":{"line":30,"column":22}},"30":{"start":{"line":31,"column":0},"end":{"line":31,"column":24}},"31":{"start":{"line":32,"column":0},"end":{"line":32,"column":28}},"32":{"start":{"line":33,"column":0},"end":{"line":33,"column":9}},"33":{"start":{"line":34,"column":0},"end":{"line":34,"column":9}},"34":{"start":{"line":35,"column":0},"end":{"line":35,"column":18}},"35":{"start":{"line":36,"column":0},"end":{"line":36,"column":24}},"36":{"start":{"line":37,"column":0},"end":{"line":37,"column":6}},"37":{"start":{"line":38,"column":0},"end":{"line":38,"column":14}},"39":{"start":{"line":40,"column":0},"end":{"line":40,"column":34}},"40":{"start":{"line":41,"column":0},"end":{"line":41,"column":1}}},"s":{"0":1,"8":1,"9":7,"10":7,"11":7,"13":7,"14":3,"15":3,"16":3,"17":3,"18":3,"19":0,"20":0,"21":0,"22":0,"23":3,"24":3,"25":3,"26":0,"27":0,"28":3,"29":3,"30":3,"31":0,"32":0,"33":3,"34":3,"35":3,"36":3,"37":7,"39":7,"40":7},"branchMap":{"0":{"type":"branch","line":9,"loc":{"start":{"line":9,"column":7},"end":{"line":41,"column":1}},"locations":[{"start":{"line":9,"column":7},"end":{"line":41,"column":1}}]},"1":{"type":"branch","line":14,"loc":{"start":{"line":14,"column":12},"end":{"line":38,"column":5}},"locations":[{"start":{"line":14,"column":12},"end":{"line":38,"column":5}}]},"2":{"type":"branch","line":25,"loc":{"start":{"line":25,"column":13},"end":{"line":29,"column":7}},"locations":[{"start":{"line":25,"column":13},"end":{"line":29,"column":7}}]},"3":{"type":"branch","line":26,"loc":{"start":{"line":26,"column":23},"end":{"line":28,"column":9}},"locations":[{"start":{"line":26,"column":23},"end":{"line":28,"column":9}}]},"4":{"type":"branch","line":30,"loc":{"start":{"line":30,"column":15},"end":{"line":34,"column":7}},"locations":[{"start":{"line":30,"column":15},"end":{"line":34,"column":7}}]},"5":{"type":"branch","line":31,"loc":{"start":{"line":31,"column":23},"end":{"line":33,"column":9}},"locations":[{"start":{"line":31,"column":23},"end":{"line":33,"column":9}}]},"6":{"type":"branch","line":35,"loc":{"start":{"line":35,"column":11},"end":{"line":37,"column":6}},"locations":[{"start":{"line":35,"column":11},"end":{"line":37,"column":6}}]}},"b":{"0":[7],"1":[3],"2":[3],"3":[0],"4":[3],"5":[0],"6":[3]},"fnMap":{"0":{"name":"usePetWeightHistory","decl":{"start":{"line":9,"column":7},"end":{"line":41,"column":1}},"loc":{"start":{"line":9,"column":7},"end":{"line":41,"column":1}},"line":9}},"f":{"0":7}}
,"D:\\projetos-particular\\PetLife\\apps\\web\\src\\application\\pet\\useUpdatePet.ts": {"path":"D:\\projetos-particular\\PetLife\\apps\\web\\src\\application\\pet\\useUpdatePet.ts","all":false,"statementMap":{"0":{"start":{"line":1,"column":0},"end":{"line":1,"column":33}},"10":{"start":{"line":11,"column":0},"end":{"line":11,"column":32}},"11":{"start":{"line":12,"column":0},"end":{"line":12,"column":48}},"12":{"start":{"line":13,"column":0},"end":{"line":13,"column":58}},"14":{"start":{"line":15,"column":0},"end":{"line":15,"column":64}},"15":{"start":{"line":16,"column":0},"end":{"line":16,"column":21}},"16":{"start":{"line":17,"column":0},"end":{"line":17,"column":19}},"17":{"start":{"line":18,"column":0},"end":{"line":18,"column":9}},"18":{"start":{"line":19,"column":0},"end":{"line":19,"column":53}},"19":{"start":{"line":20,"column":0},"end":{"line":20,"column":32}},"20":{"start":{"line":21,"column":0},"end":{"line":21,"column":24}},"21":{"start":{"line":22,"column":0},"end":{"line":22,"column":85}},"22":{"start":{"line":23,"column":0},"end":{"line":23,"column":23}},"23":{"start":{"line":24,"column":0},"end":{"line":24,"column":30}},"24":{"start":{"line":25,"column":0},"end":{"line":25,"column":15}},"25":{"start":{"line":26,"column":0},"end":{"line":26,"column":24}},"26":{"start":{"line":27,"column":0},"end":{"line":27,"column":5}},"27":{"start":{"line":28,"column":0},"end":{"line":28,"column":4}},"29":{"start":{"line":30,"column":0},"end":{"line":30,"column":10}},"30":{"start":{"line":31,"column":0},"end":{"line":31,"column":14}},"31":{"start":{"line":32,"column":0},"end":{"line":32,"column":12}},"32":{"start":{"line":33,"column":0},"end":{"line":33,"column":10}},"33":{"start":{"line":34,"column":0},"end":{"line":34,"column":4}},"34":{"start":{"line":35,"column":0},"end":{"line":35,"column":1}}},"s":{"0":1,"10":1,"11":6,"12":6,"14":6,"15":2,"16":2,"17":2,"18":2,"19":1,"20":1,"21":1,"22":1,"23":1,"24":2,"25":2,"26":2,"27":2,"29":6,"30":6,"31":6,"32":6,"33":6,"34":6},"branchMap":{"0":{"type":"branch","line":11,"loc":{"start":{"line":11,"column":7},"end":{"line":35,"column":1}},"locations":[{"start":{"line":11,"column":7},"end":{"line":35,"column":1}}]},"1":{"type":"branch","line":15,"loc":{"start":{"line":15,"column":20},"end":{"line":28,"column":4}},"locations":[{"start":{"line":15,"column":20},"end":{"line":28,"column":4}}]},"2":{"type":"branch","line":19,"loc":{"start":{"line":19,"column":51},"end":{"line":25,"column":6}},"locations":[{"start":{"line":19,"column":51},"end":{"line":25,"column":6}}]},"3":{"type":"branch","line":22,"loc":{"start":{"line":22,"column":48},"end":{"line":22,"column":85}},"locations":[{"start":{"line":22,"column":48},"end":{"line":22,"column":85}}]},"4":{"type":"branch","line":25,"loc":{"start":{"line":25,"column":4},"end":{"line":25,"column":6}},"locations":[{"start":{"line":25,"column":4},"end":{"line":25,"column":6}}]}},"b":{"0":[6],"1":[2],"2":[1],"3":[0],"4":[0]},"fnMap":{"0":{"name":"useUpdatePet","decl":{"start":{"line":11,"column":7},"end":{"line":35,"column":1}},"loc":{"start":{"line":11,"column":7},"end":{"line":35,"column":1}},"line":11},"1":{"name":"updatePet","decl":{"start":{"line":15,"column":20},"end":{"line":28,"column":4}},"loc":{"start":{"line":15,"column":20},"end":{"line":28,"column":4}},"line":15}},"f":{"0":6,"1":2}}
,"D:\\projetos-particular\\PetLife\\apps\\web\\src\\application\\pet\\useUpdatePetStatus.ts": {"path":"D:\\projetos-particular\\PetLife\\apps\\web\\src\\application\\pet\\useUpdatePetStatus.ts","all":false,"statementMap":{"0":{"start":{"line":1,"column":0},"end":{"line":1,"column":33}},"9":{"start":{"line":10,"column":0},"end":{"line":10,"column":38}},"10":{"start":{"line":11,"column":0},"end":{"line":11,"column":48}},"11":{"start":{"line":12,"column":0},"end":{"line":12,"column":58}},"13":{"start":{"line":14,"column":0},"end":{"line":14,"column":68}},"14":{"start":{"line":15,"column":0},"end":{"line":15,"column":21}},"15":{"start":{"line":16,"column":0},"end":{"line":16,"column":19}},"16":{"start":{"line":17,"column":0},"end":{"line":17,"column":9}},"17":{"start":{"line":18,"column":0},"end":{"line":18,"column":61}},"18":{"start":{"line":19,"column":0},"end":{"line":19,"column":32}},"19":{"start":{"line":20,"column":0},"end":{"line":20,"column":24}},"20":{"start":{"line":21,"column":0},"end":{"line":21,"column":95}},"21":{"start":{"line":22,"column":0},"end":{"line":22,"column":23}},"22":{"start":{"line":23,"column":0},"end":{"line":23,"column":30}},"23":{"start":{"line":24,"column":0},"end":{"line":24,"column":15}},"24":{"start":{"line":25,"column":0},"end":{"line":25,"column":24}},"25":{"start":{"line":26,"column":0},"end":{"line":26,"column":5}},"26":{"start":{"line":27,"column":0},"end":{"line":27,"column":4}},"28":{"start":{"line":29,"column":0},"end":{"line":29,"column":10}},"29":{"start":{"line":30,"column":0},"end":{"line":30,"column":20}},"30":{"start":{"line":31,"column":0},"end":{"line":31,"column":12}},"31":{"start":{"line":32,"column":0},"end":{"line":32,"column":10}},"32":{"start":{"line":33,"column":0},"end":{"line":33,"column":4}},"33":{"start":{"line":34,"column":0},"end":{"line":34,"column":1}}},"s":{"0":1,"9":1,"10":11,"11":11,"13":11,"14":2,"15":2,"16":2,"17":2,"18":1,"19":1,"20":1,"21":1,"22":1,"23":2,"24":2,"25":2,"26":2,"28":11,"29":11,"30":11,"31":11,"32":11,"33":11},"branchMap":{"0":{"type":"branch","line":10,"loc":{"start":{"line":10,"column":7},"end":{"line":34,"column":1}},"locations":[{"start":{"line":10,"column":7},"end":{"line":34,"column":1}}]},"1":{"type":"branch","line":14,"loc":{"start":{"line":14,"column":26},"end":{"line":27,"column":4}},"locations":[{"start":{"line":14,"column":26},"end":{"line":27,"column":4}}]},"2":{"type":"branch","line":18,"loc":{"start":{"line":18,"column":59},"end":{"line":24,"column":6}},"locations":[{"start":{"line":18,"column":59},"end":{"line":24,"column":6}}]},"3":{"type":"branch","line":21,"loc":{"start":{"line":21,"column":48},"end":{"line":21,"column":95}},"locations":[{"start":{"line":21,"column":48},"end":{"line":21,"column":95}}]},"4":{"type":"branch","line":24,"loc":{"start":{"line":24,"column":4},"end":{"line":24,"column":6}},"locations":[{"start":{"line":24,"column":4},"end":{"line":24,"column":6}}]}},"b":{"0":[11],"1":[2],"2":[1],"3":[0],"4":[0]},"fnMap":{"0":{"name":"useUpdatePetStatus","decl":{"start":{"line":10,"column":7},"end":{"line":34,"column":1}},"loc":{"start":{"line":10,"column":7},"end":{"line":34,"column":1}},"line":10},"1":{"name":"updatePetStatus","decl":{"start":{"line":14,"column":26},"end":{"line":27,"column":4}},"loc":{"start":{"line":14,"column":26},"end":{"line":27,"column":4}},"line":14}},"f":{"0":11,"1":2}}
,"D:\\projetos-particular\\PetLife\\apps\\web\\src\\application\\user\\useDeleteAccount.ts": {"path":"D:\\projetos-particular\\PetLife\\apps\\web\\src\\application\\user\\useDeleteAccount.ts","all":false,"statementMap":{"0":{"start":{"line":1,"column":0},"end":{"line":1,"column":36}},"7":{"start":{"line":8,"column":0},"end":{"line":8,"column":56}},"8":{"start":{"line":9,"column":0},"end":{"line":9,"column":64}},"9":{"start":{"line":10,"column":0},"end":{"line":10,"column":34}},"10":{"start":{"line":11,"column":0},"end":{"line":11,"column":31}},"11":{"start":{"line":12,"column":0},"end":{"line":12,"column":15}},"12":{"start":{"line":13,"column":0},"end":{"line":13,"column":17}},"14":{"start":{"line":15,"column":0},"end":{"line":15,"column":27}},"15":{"start":{"line":16,"column":0},"end":{"line":16,"column":1}}},"s":{"0":1,"7":1,"8":22,"9":1,"10":1,"11":1,"12":22,"14":22,"15":22},"branchMap":{"0":{"type":"branch","line":8,"loc":{"start":{"line":8,"column":7},"end":{"line":16,"column":1}},"locations":[{"start":{"line":8,"column":7},"end":{"line":16,"column":1}}]},"1":{"type":"branch","line":9,"loc":{"start":{"line":9,"column":36},"end":{"line":13,"column":5}},"locations":[{"start":{"line":9,"column":36},"end":{"line":13,"column":5}}]}},"b":{"0":[22],"1":[1]},"fnMap":{"0":{"name":"useDeleteAccount","decl":{"start":{"line":8,"column":7},"end":{"line":16,"column":1}},"loc":{"start":{"line":8,"column":7},"end":{"line":16,"column":1}},"line":8}},"f":{"0":22}}
,"D:\\projetos-particular\\PetLife\\apps\\web\\src\\application\\user\\useUpdateProfile.ts": {"path":"D:\\projetos-particular\\PetLife\\apps\\web\\src\\application\\user\\useUpdateProfile.ts","all":false,"statementMap":{"0":{"start":{"line":1,"column":0},"end":{"line":1,"column":36}},"6":{"start":{"line":7,"column":0},"end":{"line":7,"column":36}},"7":{"start":{"line":8,"column":0},"end":{"line":8,"column":36}},"8":{"start":{"line":9,"column":0},"end":{"line":9,"column":63}},"9":{"start":{"line":10,"column":0},"end":{"line":10,"column":57}},"10":{"start":{"line":11,"column":0},"end":{"line":11,"column":32}},"11":{"start":{"line":12,"column":0},"end":{"line":12,"column":6}},"12":{"start":{"line":13,"column":0},"end":{"line":13,"column":6}},"13":{"start":{"line":14,"column":0},"end":{"line":14,"column":4}},"15":{"start":{"line":16,"column":0},"end":{"line":16,"column":27}},"16":{"start":{"line":17,"column":0},"end":{"line":17,"column":1}}},"s":{"0":1,"6":1,"7":22,"8":22,"9":1,"10":1,"11":1,"12":22,"13":22,"15":22,"16":22},"branchMap":{"0":{"type":"branch","line":7,"loc":{"start":{"line":7,"column":7},"end":{"line":17,"column":1}},"locations":[{"start":{"line":7,"column":7},"end":{"line":17,"column":1}}]},"1":{"type":"branch","line":9,"loc":{"start":{"line":9,"column":4},"end":{"line":12,"column":6}},"locations":[{"start":{"line":9,"column":4},"end":{"line":12,"column":6}}]}},"b":{"0":[22],"1":[1]},"fnMap":{"0":{"name":"useUpdateProfile","decl":{"start":{"line":7,"column":7},"end":{"line":17,"column":1}},"loc":{"start":{"line":7,"column":7},"end":{"line":17,"column":1}},"line":7}},"f":{"0":22}}
,"D:\\projetos-particular\\PetLife\\apps\\web\\src\\components\\atoms\\Button\\index.tsx": {"path":"D:\\projetos-particular\\PetLife\\apps\\web\\src\\components\\atoms\\Button\\index.tsx","all":false,"statementMap":{"0":{"start":{"line":1,"column":0},"end":{"line":1,"column":26}},"8":{"start":{"line":9,"column":0},"end":{"line":9,"column":47}},"9":{"start":{"line":10,"column":0},"end":{"line":10,"column":11}},"10":{"start":{"line":11,"column":0},"end":{"line":11,"column":22}},"11":{"start":{"line":12,"column":0},"end":{"line":12,"column":20}},"12":{"start":{"line":13,"column":0},"end":{"line":13,"column":17}},"13":{"start":{"line":14,"column":0},"end":{"line":14,"column":11}},"14":{"start":{"line":15,"column":0},"end":{"line":15,"column":10}},"15":{"start":{"line":16,"column":0},"end":{"line":16,"column":7}},"16":{"start":{"line":17,"column":0},"end":{"line":17,"column":73}},"18":{"start":{"line":19,"column":0},"end":{"line":19,"column":10}},"19":{"start":{"line":20,"column":0},"end":{"line":20,"column":11}},"20":{"start":{"line":21,"column":0},"end":{"line":21,"column":29}},"21":{"start":{"line":22,"column":0},"end":{"line":22,"column":38}},"22":{"start":{"line":23,"column":0},"end":{"line":23,"column":16}},"24":{"start":{"line":25,"column":0},"end":{"line":25,"column":90}},"25":{"start":{"line":26,"column":0},"end":{"line":26,"column":16}},"26":{"start":{"line":27,"column":0},"end":{"line":27,"column":13}},"28":{"start":{"line":29,"column":0},"end":{"line":29,"column":2}}},"s":{"0":1,"8":1,"9":90,"10":90,"11":90,"12":90,"13":90,"14":90,"15":90,"16":90,"18":90,"19":90,"20":90,"21":90,"22":90,"24":90,"25":90,"26":90,"28":90},"branchMap":{"0":{"type":"branch","line":9,"loc":{"start":{"line":9,"column":45},"end":{"line":29,"column":2}},"locations":[{"start":{"line":9,"column":45},"end":{"line":29,"column":2}}]},"1":{"type":"branch","line":25,"loc":{"start":{"line":25,"column":7},"end":{"line":25,"column":90}},"locations":[{"start":{"line":25,"column":7},"end":{"line":25,"column":90}}]}},"b":{"0":[90],"1":[7]},"fnMap":{"0":{"name":"Button","decl":{"start":{"line":9,"column":45},"end":{"line":29,"column":2}},"loc":{"start":{"line":9,"column":45},"end":{"line":29,"column":2}},"line":9}},"f":{"0":90}}
,"D:\\projetos-particular\\PetLife\\apps\\web\\src\\components\\atoms\\Input\\index.tsx": {"path":"D:\\projetos-particular\\PetLife\\apps\\web\\src\\components\\atoms\\Input\\index.tsx","all":false,"statementMap":{"0":{"start":{"line":1,"column":0},"end":{"line":1,"column":26}},"9":{"start":{"line":10,"column":0},"end":{"line":10,"column":45}},"10":{"start":{"line":11,"column":0},"end":{"line":11,"column":19}},"11":{"start":{"line":12,"column":0},"end":{"line":12,"column":17}},"12":{"start":{"line":13,"column":0},"end":{"line":13,"column":11}},"13":{"start":{"line":14,"column":0},"end":{"line":14,"column":15}},"14":{"start":{"line":15,"column":0},"end":{"line":15,"column":10}},"15":{"start":{"line":16,"column":0},"end":{"line":16,"column":7}},"16":{"start":{"line":17,"column":0},"end":{"line":17,"column":187}},"18":{"start":{"line":19,"column":0},"end":{"line":19,"column":10}},"19":{"start":{"line":20,"column":0},"end":{"line":20,"column":40}},"20":{"start":{"line":21,"column":0},"end":{"line":21,"column":20}},"21":{"start":{"line":22,"column":0},"end":{"line":22,"column":74}},"22":{"start":{"line":23,"column":0},"end":{"line":23,"column":20}},"23":{"start":{"line":24,"column":0},"end":{"line":24,"column":15}},"25":{"start":{"line":26,"column":0},"end":{"line":26,"column":49}},"26":{"start":{"line":27,"column":0},"end":{"line":27,"column":24}},"27":{"start":{"line":28,"column":0},"end":{"line":28,"column":51}},"28":{"start":{"line":29,"column":0},"end":{"line":29,"column":24}},"29":{"start":{"line":30,"column":0},"end":{"line":30,"column":14}},"31":{"start":{"line":32,"column":0},"end":{"line":32,"column":10}},"33":{"start":{"line":34,"column":0},"end":{"line":34,"column":2}}},"s":{"0":1,"9":1,"10":175,"11":175,"12":175,"13":175,"14":175,"15":175,"16":175,"18":175,"19":175,"20":175,"21":64,"22":64,"23":64,"25":175,"26":175,"27":27,"28":27,"29":27,"31":175,"33":175},"branchMap":{"0":{"type":"branch","line":10,"loc":{"start":{"line":10,"column":43},"end":{"line":34,"column":2}},"locations":[{"start":{"line":10,"column":43},"end":{"line":34,"column":2}}]},"1":{"type":"branch","line":17,"loc":{"start":{"line":17,"column":35},"end":{"line":17,"column":68}},"locations":[{"start":{"line":17,"column":35},"end":{"line":17,"column":68}}]},"2":{"type":"branch","line":17,"loc":{"start":{"line":17,"column":46},"end":{"line":17,"column":70}},"locations":[{"start":{"line":17,"column":46},"end":{"line":17,"column":70}}]},"3":{"type":"branch","line":17,"loc":{"start":{"line":17,"column":74},"end":{"line":17,"column":116}},"locations":[{"start":{"line":17,"column":74},"end":{"line":17,"column":116}}]},"4":{"type":"branch","line":17,"loc":{"start":{"line":17,"column":85},"end":{"line":17,"column":118}},"locations":[{"start":{"line":17,"column":85},"end":{"line":17,"column":118}}]},"5":{"type":"branch","line":17,"loc":{"start":{"line":17,"column":122},"end":{"line":17,"column":169}},"locations":[{"start":{"line":17,"column":122},"end":{"line":17,"column":169}}]},"6":{"type":"branch","line":17,"loc":{"start":{"line":17,"column":137},"end":{"line":17,"column":171}},"locations":[{"start":{"line":17,"column":137},"end":{"line":17,"column":171}}]},"7":{"type":"branch","line":21,"loc":{"start":{"line":21,"column":7},"end":{"line":24,"column":15}},"locations":[{"start":{"line":21,"column":7},"end":{"line":24,"column":15}}]},"8":{"type":"branch","line":27,"loc":{"start":{"line":27,"column":7},"end":{"line":30,"column":14}},"locations":[{"start":{"line":27,"column":7},"end":{"line":30,"column":14}}]}},"b":{"0":[175],"1":[9],"2":[166],"3":[64],"4":[111],"5":[27],"6":[148],"7":[64],"8":[27]},"fnMap":{"0":{"name":"Input","decl":{"start":{"line":10,"column":43},"end":{"line":34,"column":2}},"loc":{"start":{"line":10,"column":43},"end":{"line":34,"column":2}},"line":10}},"f":{"0":175}}
,"D:\\projetos-particular\\PetLife\\apps\\web\\src\\components\\atoms\\Label\\index.tsx": {"path":"D:\\projetos-particular\\PetLife\\apps\\web\\src\\components\\atoms\\Label\\index.tsx","all":false,"statementMap":{"0":{"start":{"line":1,"column":0},"end":{"line":1,"column":26}},"7":{"start":{"line":8,"column":0},"end":{"line":8,"column":45}},"8":{"start":{"line":9,"column":0},"end":{"line":9,"column":11}},"9":{"start":{"line":10,"column":0},"end":{"line":10,"column":19}},"10":{"start":{"line":11,"column":0},"end":{"line":11,"column":17}},"11":{"start":{"line":12,"column":0},"end":{"line":12,"column":10}},"12":{"start":{"line":13,"column":0},"end":{"line":13,"column":7}},"13":{"start":{"line":14,"column":0},"end":{"line":14,"column":89}},"15":{"start":{"line":16,"column":0},"end":{"line":16,"column":10}},"16":{"start":{"line":17,"column":0},"end":{"line":17,"column":45}},"17":{"start":{"line":18,"column":0},"end":{"line":18,"column":16}},"18":{"start":{"line":19,"column":0},"end":{"line":19,"column":12}},"20":{"start":{"line":21,"column":0},"end":{"line":21,"column":2}}},"s":{"0":1,"7":1,"8":175,"9":175,"10":175,"11":175,"12":175,"13":175,"15":175,"16":175,"17":175,"18":175,"20":175},"branchMap":{"0":{"type":"branch","line":8,"loc":{"start":{"line":8,"column":43},"end":{"line":21,"column":2}},"locations":[{"start":{"line":8,"column":43},"end":{"line":21,"column":2}}]},"1":{"type":"branch","line":14,"loc":{"start":{"line":14,"column":35},"end":{"line":14,"column":71}},"locations":[{"start":{"line":14,"column":35},"end":{"line":14,"column":71}}]},"2":{"type":"branch","line":14,"loc":{"start":{"line":14,"column":46},"end":{"line":14,"column":73}},"locations":[{"start":{"line":14,"column":46},"end":{"line":14,"column":73}}]}},"b":{"0":[175],"1":[117],"2":[58]},"fnMap":{"0":{"name":"Label","decl":{"start":{"line":8,"column":43},"end":{"line":21,"column":2}},"loc":{"start":{"line":8,"column":43},"end":{"line":21,"column":2}},"line":8}},"f":{"0":175}}
,"D:\\projetos-particular\\PetLife\\apps\\web\\src\\components\\atoms\\PrivateRoute\\index.tsx": {"path":"D:\\projetos-particular\\PetLife\\apps\\web\\src\\components\\atoms\\PrivateRoute\\index.tsx","all":false,"statementMap":{"0":{"start":{"line":1,"column":0},"end":{"line":1,"column":26}},"8":{"start":{"line":9,"column":0},"end":{"line":9,"column":76}},"9":{"start":{"line":10,"column":0},"end":{"line":10,"column":49}},"11":{"start":{"line":12,"column":0},"end":{"line":12,"column":16}},"12":{"start":{"line":13,"column":0},"end":{"line":13,"column":12}},"13":{"start":{"line":14,"column":0},"end":{"line":14,"column":10}},"14":{"start":{"line":15,"column":0},"end":{"line":15,"column":16}},"15":{"start":{"line":16,"column":0},"end":{"line":16,"column":29}},"16":{"start":{"line":17,"column":0},"end":{"line":17,"column":26}},"17":{"start":{"line":18,"column":0},"end":{"line":18,"column":31}},"18":{"start":{"line":19,"column":0},"end":{"line":19,"column":35}},"19":{"start":{"line":20,"column":0},"end":{"line":20,"column":42}},"20":{"start":{"line":21,"column":0},"end":{"line":21,"column":10}},"22":{"start":{"line":23,"column":0},"end":{"line":23,"column":12}},"23":{"start":{"line":24,"column":0},"end":{"line":24,"column":29}},"24":{"start":{"line":25,"column":0},"end":{"line":25,"column":75}},"25":{"start":{"line":26,"column":0},"end":{"line":26,"column":10}},"26":{"start":{"line":27,"column":0},"end":{"line":27,"column":12}},"28":{"start":{"line":29,"column":0},"end":{"line":29,"column":3}},"30":{"start":{"line":31,"column":0},"end":{"line":31,"column":25}},"31":{"start":{"line":32,"column":0},"end":{"line":32,"column":44}},"32":{"start":{"line":33,"column":0},"end":{"line":33,"column":3}},"34":{"start":{"line":35,"column":0},"end":{"line":35,"column":18}},"35":{"start":{"line":36,"column":0},"end":{"line":36,"column":2}}},"s":{"0":1,"8":1,"9":5,"11":5,"12":2,"13":2,"14":2,"15":2,"16":2,"17":2,"18":2,"19":2,"20":2,"22":2,"23":2,"24":2,"25":2,"26":2,"28":2,"30":4,"31":2,"32":2,"34":1,"35":1},"branchMap":{"0":{"type":"branch","line":9,"loc":{"start":{"line":9,"column":57},"end":{"line":36,"column":2}},"locations":[{"start":{"line":9,"column":57},"end":{"line":36,"column":2}}]},"1":{"type":"branch","line":12,"loc":{"start":{"line":12,"column":15},"end":{"line":33,"column":3}},"locations":[{"start":{"line":12,"column":15},"end":{"line":33,"column":3}}]},"2":{"type":"branch","line":12,"loc":{"start":{"line":12,"column":15},"end":{"line":29,"column":3}},"locations":[{"start":{"line":12,"column":15},"end":{"line":29,"column":3}}]},"3":{"type":"branch","line":29,"loc":{"start":{"line":29,"column":2},"end":{"line":31,"column":24}},"locations":[{"start":{"line":29,"column":2},"end":{"line":31,"column":24}}]},"4":{"type":"branch","line":31,"loc":{"start":{"line":31,"column":24},"end":{"line":33,"column":3}},"locations":[{"start":{"line":31,"column":24},"end":{"line":33,"column":3}}]},"5":{"type":"branch","line":33,"loc":{"start":{"line":33,"column":2},"end":{"line":36,"column":2}},"locations":[{"start":{"line":33,"column":2},"end":{"line":36,"column":2}}]}},"b":{"0":[5],"1":[4],"2":[2],"3":[3],"4":[2],"5":[1]},"fnMap":{"0":{"name":"PrivateRoute","decl":{"start":{"line":9,"column":57},"end":{"line":36,"column":2}},"loc":{"start":{"line":9,"column":57},"end":{"line":36,"column":2}},"line":9}},"f":{"0":5}}
,"D:\\projetos-particular\\PetLife\\apps\\web\\src\\components\\molecules\\FormField\\index.tsx": {"path":"D:\\projetos-particular\\PetLife\\apps\\web\\src\\components\\molecules\\FormField\\index.tsx","all":false,"statementMap":{"0":{"start":{"line":1,"column":0},"end":{"line":1,"column":26}},"12":{"start":{"line":13,"column":0},"end":{"line":13,"column":53}},"13":{"start":{"line":14,"column":0},"end":{"line":14,"column":8}},"14":{"start":{"line":15,"column":0},"end":{"line":15,"column":8}},"15":{"start":{"line":16,"column":0},"end":{"line":16,"column":19}},"16":{"start":{"line":17,"column":0},"end":{"line":17,"column":5}},"17":{"start":{"line":18,"column":0},"end":{"line":18,"column":10}},"18":{"start":{"line":19,"column":0},"end":{"line":19,"column":7}},"19":{"start":{"line":20,"column":0},"end":{"line":20,"column":10}},"20":{"start":{"line":21,"column":0},"end":{"line":21,"column":41}},"21":{"start":{"line":22,"column":0},"end":{"line":22,"column":46}},"22":{"start":{"line":23,"column":0},"end":{"line":23,"column":15}},"23":{"start":{"line":24,"column":0},"end":{"line":24,"column":14}},"24":{"start":{"line":25,"column":0},"end":{"line":25,"column":12}},"25":{"start":{"line":26,"column":0},"end":{"line":26,"column":15}},"26":{"start":{"line":27,"column":0},"end":{"line":27,"column":26}},"27":{"start":{"line":28,"column":0},"end":{"line":28,"column":18}},"28":{"start":{"line":29,"column":0},"end":{"line":29,"column":8}},"29":{"start":{"line":30,"column":0},"end":{"line":30,"column":76}},"30":{"start":{"line":31,"column":0},"end":{"line":31,"column":10}},"32":{"start":{"line":33,"column":0},"end":{"line":33,"column":2}}},"s":{"0":1,"12":1,"13":175,"14":175,"15":175,"16":175,"17":175,"18":175,"19":175,"20":175,"21":175,"22":175,"23":175,"24":175,"25":175,"26":175,"27":175,"28":175,"29":175,"30":175,"32":175},"branchMap":{"0":{"type":"branch","line":13,"loc":{"start":{"line":13,"column":51},"end":{"line":33,"column":2}},"locations":[{"start":{"line":13,"column":51},"end":{"line":33,"column":2}}]},"1":{"type":"branch","line":30,"loc":{"start":{"line":30,"column":7},"end":{"line":30,"column":76}},"locations":[{"start":{"line":30,"column":7},"end":{"line":30,"column":76}}]}},"b":{"0":[175],"1":[9]},"fnMap":{"0":{"name":"FormField","decl":{"start":{"line":13,"column":51},"end":{"line":33,"column":2}},"loc":{"start":{"line":13,"column":51},"end":{"line":33,"column":2}},"line":13}},"f":{"0":175}}
,"D:\\projetos-particular\\PetLife\\apps\\web\\src\\components\\molecules\\Toast\\index.tsx": {"path":"D:\\projetos-particular\\PetLife\\apps\\web\\src\\components\\molecules\\Toast\\index.tsx","all":false,"statementMap":{"0":{"start":{"line":1,"column":0},"end":{"line":1,"column":80}},"14":{"start":{"line":15,"column":0},"end":{"line":15,"column":76}},"15":{"start":{"line":16,"column":0},"end":{"line":16,"column":89}},"16":{"start":{"line":17,"column":0},"end":{"line":17,"column":59}},"18":{"start":{"line":19,"column":0},"end":{"line":19,"column":71}},"19":{"start":{"line":20,"column":0},"end":{"line":20,"column":22}},"20":{"start":{"line":21,"column":0},"end":{"line":21,"column":58}},"23":{"start":{"line":24,"column":0},"end":{"line":24,"column":22}},"24":{"start":{"line":25,"column":0},"end":{"line":25,"column":59}},"25":{"start":{"line":26,"column":0},"end":{"line":26,"column":13}},"26":{"start":{"line":27,"column":0},"end":{"line":27,"column":9}},"29":{"start":{"line":30,"column":0},"end":{"line":30,"column":22}},"30":{"start":{"line":31,"column":0},"end":{"line":31,"column":54}},"31":{"start":{"line":32,"column":0},"end":{"line":32,"column":4}},"33":{"start":{"line":34,"column":0},"end":{"line":34,"column":10}},"34":{"start":{"line":35,"column":0},"end":{"line":35,"column":49}},"35":{"start":{"line":36,"column":0},"end":{"line":36,"column":16}},"36":{"start":{"line":37,"column":0},"end":{"line":37,"column":68}},"37":{"start":{"line":38,"column":0},"end":{"line":38,"column":32}},"38":{"start":{"line":39,"column":0},"end":{"line":39,"column":14}},"39":{"start":{"line":40,"column":0},"end":{"line":40,"column":26}},"40":{"start":{"line":41,"column":0},"end":{"line":41,"column":82}},"41":{"start":{"line":42,"column":0},"end":{"line":42,"column":47}},"43":{"start":{"line":44,"column":0},"end":{"line":44,"column":51}},"44":{"start":{"line":45,"column":0},"end":{"line":45,"column":52}},"45":{"start":{"line":46,"column":0},"end":{"line":46,"column":19}},"46":{"start":{"line":47,"column":0},"end":{"line":47,"column":76}},"47":{"start":{"line":48,"column":0},"end":{"line":48,"column":16}},"48":{"start":{"line":49,"column":0},"end":{"line":49,"column":11}},"49":{"start":{"line":50,"column":0},"end":{"line":50,"column":12}},"50":{"start":{"line":51,"column":0},"end":{"line":51,"column":28}},"52":{"start":{"line":53,"column":0},"end":{"line":53,"column":2}},"54":{"start":{"line":55,"column":0},"end":{"line":55,"column":31}},"55":{"start":{"line":56,"column":0},"end":{"line":56,"column":43}},"56":{"start":{"line":57,"column":0},"end":{"line":57,"column":17}},"57":{"start":{"line":58,"column":0},"end":{"line":58,"column":68}},"58":{"start":{"line":59,"column":0},"end":{"line":59,"column":3}},"59":{"start":{"line":60,"column":0},"end":{"line":60,"column":17}},"60":{"start":{"line":61,"column":0},"end":{"line":61,"column":2}}},"s":{"0":1,"14":1,"15":1,"16":7,"18":7,"19":3,"20":3,"23":3,"24":1,"25":3,"26":7,"29":7,"30":3,"31":3,"33":7,"34":7,"35":7,"36":7,"37":7,"38":4,"39":4,"40":4,"41":4,"43":4,"44":4,"45":4,"46":4,"47":4,"48":7,"49":7,"50":7,"52":7,"54":1,"55":10,"56":10,"57":2,"58":2,"59":7,"60":7},"branchMap":{"0":{"type":"branch","line":16,"loc":{"start":{"line":16,"column":70},"end":{"line":53,"column":2}},"locations":[{"start":{"line":16,"column":70},"end":{"line":53,"column":2}}]},"1":{"type":"branch","line":19,"loc":{"start":{"line":19,"column":32},"end":{"line":27,"column":5}},"locations":[{"start":{"line":19,"column":32},"end":{"line":27,"column":5}}]},"2":{"type":"branch","line":21,"loc":{"start":{"line":21,"column":14},"end":{"line":21,"column":56}},"locations":[{"start":{"line":21,"column":14},"end":{"line":21,"column":56}}]},"3":{"type":"branch","line":24,"loc":{"start":{"line":24,"column":15},"end":{"line":26,"column":7}},"locations":[{"start":{"line":24,"column":15},"end":{"line":26,"column":7}}]},"4":{"type":"branch","line":25,"loc":{"start":{"line":25,"column":16},"end":{"line":25,"column":57}},"locations":[{"start":{"line":25,"column":16},"end":{"line":25,"column":57}}]},"5":{"type":"branch","line":25,"loc":{"start":{"line":25,"column":38},"end":{"line":25,"column":56}},"locations":[{"start":{"line":25,"column":38},"end":{"line":25,"column":56}}]},"6":{"type":"branch","line":30,"loc":{"start":{"line":30,"column":15},"end":{"line":32,"column":4}},"locations":[{"start":{"line":30,"column":15},"end":{"line":32,"column":4}}]},"7":{"type":"branch","line":38,"loc":{"start":{"line":38,"column":20},"end":{"line":48,"column":16}},"locations":[{"start":{"line":38,"column":20},"end":{"line":48,"column":16}}]},"8":{"type":"branch","line":45,"loc":{"start":{"line":45,"column":30},"end":{"line":45,"column":48}},"locations":[{"start":{"line":45,"column":30},"end":{"line":45,"column":48}}]},"9":{"type":"branch","line":45,"loc":{"start":{"line":45,"column":42},"end":{"line":45,"column":52}},"locations":[{"start":{"line":45,"column":42},"end":{"line":45,"column":52}}]},"10":{"type":"branch","line":55,"loc":{"start":{"line":55,"column":24},"end":{"line":61,"column":2}},"locations":[{"start":{"line":55,"column":24},"end":{"line":61,"column":2}}]},"11":{"type":"branch","line":57,"loc":{"start":{"line":57,"column":16},"end":{"line":59,"column":3}},"locations":[{"start":{"line":57,"column":16},"end":{"line":59,"column":3}}]},"12":{"type":"branch","line":59,"loc":{"start":{"line":59,"column":2},"end":{"line":61,"column":2}},"locations":[{"start":{"line":59,"column":2},"end":{"line":61,"column":2}}]}},"b":{"0":[7],"1":[3],"2":[3],"3":[1],"4":[1],"5":[1],"6":[3],"7":[4],"8":[3],"9":[1],"10":[10],"11":[2],"12":[7]},"fnMap":{"0":{"name":"ToastProvider","decl":{"start":{"line":16,"column":70},"end":{"line":53,"column":2}},"loc":{"start":{"line":16,"column":70},"end":{"line":53,"column":2}},"line":16},"1":{"name":"UUID","decl":{"start":{"line":30,"column":15},"end":{"line":32,"column":4}},"loc":{"start":{"line":30,"column":15},"end":{"line":32,"column":4}},"line":30},"2":{"name":"useToast","decl":{"start":{"line":55,"column":24},"end":{"line":61,"column":2}},"loc":{"start":{"line":55,"column":24},"end":{"line":61,"column":2}},"line":55}},"f":{"0":7,"1":3,"2":10}}
,"D:\\projetos-particular\\PetLife\\apps\\web\\src\\components\\organisms\\ForgotPasswordForm\\index.tsx": {"path":"D:\\projetos-particular\\PetLife\\apps\\web\\src\\components\\organisms\\ForgotPasswordForm\\index.tsx","all":false,"statementMap":{"0":{"start":{"line":1,"column":0},"end":{"line":1,"column":40}},"9":{"start":{"line":10,"column":0},"end":{"line":10,"column":51}},"10":{"start":{"line":11,"column":0},"end":{"line":11,"column":41}},"11":{"start":{"line":12,"column":0},"end":{"line":12,"column":41}},"12":{"start":{"line":13,"column":0},"end":{"line":13,"column":52}},"13":{"start":{"line":14,"column":0},"end":{"line":14,"column":52}},"15":{"start":{"line":16,"column":0},"end":{"line":16,"column":35}},"17":{"start":{"line":18,"column":0},"end":{"line":18,"column":26}},"18":{"start":{"line":19,"column":0},"end":{"line":19,"column":17}},"19":{"start":{"line":20,"column":0},"end":{"line":20,"column":42}},"20":{"start":{"line":21,"column":0},"end":{"line":21,"column":19}},"21":{"start":{"line":22,"column":0},"end":{"line":22,"column":38}},"22":{"start":{"line":23,"column":0},"end":{"line":23,"column":46}},"23":{"start":{"line":24,"column":0},"end":{"line":24,"column":19}},"24":{"start":{"line":25,"column":0},"end":{"line":25,"column":5}},"25":{"start":{"line":26,"column":0},"end":{"line":26,"column":17}},"26":{"start":{"line":27,"column":0},"end":{"line":27,"column":16}},"27":{"start":{"line":28,"column":0},"end":{"line":28,"column":4}},"29":{"start":{"line":30,"column":0},"end":{"line":30,"column":54}},"30":{"start":{"line":31,"column":0},"end":{"line":31,"column":23}},"32":{"start":{"line":33,"column":0},"end":{"line":33,"column":28}},"34":{"start":{"line":35,"column":0},"end":{"line":35,"column":23}},"35":{"start":{"line":36,"column":0},"end":{"line":36,"column":9}},"36":{"start":{"line":37,"column":0},"end":{"line":37,"column":42}},"37":{"start":{"line":38,"column":0},"end":{"line":38,"column":25}},"38":{"start":{"line":39,"column":0},"end":{"line":39,"column":68}},"39":{"start":{"line":40,"column":0},"end":{"line":40,"column":24}},"40":{"start":{"line":41,"column":0},"end":{"line":41,"column":25}},"41":{"start":{"line":42,"column":0},"end":{"line":42,"column":75}},"42":{"start":{"line":43,"column":0},"end":{"line":43,"column":15}},"43":{"start":{"line":44,"column":0},"end":{"line":44,"column":26}},"44":{"start":{"line":45,"column":0},"end":{"line":45,"column":5}},"45":{"start":{"line":46,"column":0},"end":{"line":46,"column":4}},"47":{"start":{"line":48,"column":0},"end":{"line":48,"column":18}},"48":{"start":{"line":49,"column":0},"end":{"line":49,"column":12}},"49":{"start":{"line":50,"column":0},"end":{"line":50,"column":80}},"50":{"start":{"line":51,"column":0},"end":{"line":51,"column":75}},"51":{"start":{"line":52,"column":0},"end":{"line":52,"column":53}},"52":{"start":{"line":53,"column":0},"end":{"line":53,"column":150}},"53":{"start":{"line":54,"column":0},"end":{"line":54,"column":12}},"54":{"start":{"line":55,"column":0},"end":{"line":55,"column":72}},"56":{"start":{"line":57,"column":0},"end":{"line":57,"column":15}},"57":{"start":{"line":58,"column":0},"end":{"line":58,"column":12}},"59":{"start":{"line":60,"column":0},"end":{"line":60,"column":3}},"61":{"start":{"line":62,"column":0},"end":{"line":62,"column":10}},"62":{"start":{"line":63,"column":0},"end":{"line":63,"column":117}},"63":{"start":{"line":64,"column":0},"end":{"line":64,"column":73}},"64":{"start":{"line":65,"column":0},"end":{"line":65,"column":51}},"66":{"start":{"line":67,"column":0},"end":{"line":67,"column":10}},"68":{"start":{"line":69,"column":0},"end":{"line":69,"column":16}},"69":{"start":{"line":70,"column":0},"end":{"line":70,"column":34}},"70":{"start":{"line":71,"column":0},"end":{"line":71,"column":20}},"71":{"start":{"line":72,"column":0},"end":{"line":72,"column":18}},"72":{"start":{"line":73,"column":0},"end":{"line":73,"column":43}},"73":{"start":{"line":74,"column":0},"end":{"line":74,"column":21}},"74":{"start":{"line":75,"column":0},"end":{"line":75,"column":50}},"75":{"start":{"line":76,"column":0},"end":{"line":76,"column":21}},"76":{"start":{"line":77,"column":0},"end":{"line":77,"column":16}},"77":{"start":{"line":78,"column":0},"end":{"line":78,"column":8}},"79":{"start":{"line":80,"column":0},"end":{"line":80,"column":50}},"81":{"start":{"line":82,"column":0},"end":{"line":82,"column":15}},"83":{"start":{"line":84,"column":0},"end":{"line":84,"column":55}},"84":{"start":{"line":85,"column":0},"end":{"line":85,"column":14}},"85":{"start":{"line":86,"column":0},"end":{"line":86,"column":31}},"86":{"start":{"line":87,"column":0},"end":{"line":87,"column":70}},"88":{"start":{"line":89,"column":0},"end":{"line":89,"column":17}},"89":{"start":{"line":90,"column":0},"end":{"line":90,"column":15}},"90":{"start":{"line":91,"column":0},"end":{"line":91,"column":12}},"91":{"start":{"line":92,"column":0},"end":{"line":92,"column":11}},"93":{"start":{"line":94,"column":0},"end":{"line":94,"column":2}}},"s":{"0":1,"9":1,"10":11,"11":11,"12":11,"13":11,"15":11,"17":11,"18":3,"19":1,"20":1,"21":3,"22":0,"23":0,"24":0,"25":2,"26":2,"27":3,"29":11,"30":3,"32":3,"34":2,"35":2,"36":2,"37":1,"38":1,"39":1,"40":1,"41":1,"42":3,"43":2,"44":2,"45":3,"47":11,"48":1,"49":1,"50":1,"51":1,"52":1,"53":1,"54":1,"56":1,"57":1,"59":1,"61":10,"62":10,"63":10,"64":10,"66":10,"68":10,"69":10,"70":10,"71":10,"72":10,"73":10,"74":10,"75":10,"76":10,"77":10,"79":10,"81":10,"83":10,"84":10,"85":10,"86":10,"88":10,"89":10,"90":10,"91":10,"93":10},"branchMap":{"0":{"type":"branch","line":10,"loc":{"start":{"line":10,"column":44},"end":{"line":94,"column":2}},"locations":[{"start":{"line":10,"column":44},"end":{"line":94,"column":2}}]},"1":{"type":"branch","line":48,"loc":{"start":{"line":48,"column":17},"end":{"line":60,"column":3}},"locations":[{"start":{"line":48,"column":17},"end":{"line":60,"column":3}}]},"2":{"type":"branch","line":60,"loc":{"start":{"line":60,"column":2},"end":{"line":94,"column":2}},"locations":[{"start":{"line":60,"column":2},"end":{"line":94,"column":2}}]},"3":{"type":"branch","line":18,"loc":{"start":{"line":18,"column":19},"end":{"line":28,"column":4}},"locations":[{"start":{"line":18,"column":19},"end":{"line":28,"column":4}}]},"4":{"type":"branch","line":19,"loc":{"start":{"line":19,"column":16},"end":{"line":22,"column":15}},"locations":[{"start":{"line":19,"column":16},"end":{"line":22,"column":15}}]},"5":{"type":"branch","line":22,"loc":{"start":{"line":22,"column":4},"end":{"line":27,"column":16}},"locations":[{"start":{"line":22,"column":4},"end":{"line":27,"column":16}}]},"6":{"type":"branch","line":22,"loc":{"start":{"line":22,"column":37},"end":{"line":25,"column":5}},"locations":[{"start":{"line":22,"column":37},"end":{"line":25,"column":5}}]},"7":{"type":"branch","line":30,"loc":{"start":{"line":30,"column":23},"end":{"line":46,"column":4}},"locations":[{"start":{"line":30,"column":23},"end":{"line":46,"column":4}}]},"8":{"type":"branch","line":33,"loc":{"start":{"line":33,"column":21},"end":{"line":33,"column":28}},"locations":[{"start":{"line":33,"column":21},"end":{"line":33,"column":28}}]},"9":{"type":"branch","line":33,"loc":{"start":{"line":33,"column":21},"end":{"line":37,"column":42}},"locations":[{"start":{"line":33,"column":21},"end":{"line":37,"column":42}}]},"10":{"type":"branch","line":37,"loc":{"start":{"line":37,"column":40},"end":{"line":43,"column":6}},"locations":[{"start":{"line":37,"column":40},"end":{"line":43,"column":6}}]},"11":{"type":"branch","line":43,"loc":{"start":{"line":43,"column":4},"end":{"line":45,"column":5}},"locations":[{"start":{"line":43,"column":4},"end":{"line":45,"column":5}}]},"12":{"type":"branch","line":75,"loc":{"start":{"line":75,"column":18},"end":{"line":75,"column":50}},"locations":[{"start":{"line":75,"column":18},"end":{"line":75,"column":50}}]}},"b":{"0":[11],"1":[1],"2":[10],"3":[3],"4":[1],"5":[2],"6":[0],"7":[3],"8":[1],"9":[2],"10":[1],"11":[2],"12":[2]},"fnMap":{"0":{"name":"ForgotPasswordForm","decl":{"start":{"line":10,"column":44},"end":{"line":94,"column":2}},"loc":{"start":{"line":10,"column":44},"end":{"line":94,"column":2}},"line":10},"1":{"name":"validate","decl":{"start":{"line":18,"column":19},"end":{"line":28,"column":4}},"loc":{"start":{"line":18,"column":19},"end":{"line":28,"column":4}},"line":18},"2":{"name":"handleSubmit","decl":{"start":{"line":30,"column":23},"end":{"line":46,"column":4}},"loc":{"start":{"line":30,"column":23},"end":{"line":46,"column":4}},"line":30},"3":{"name":"onChange","decl":{"start":{"line":75,"column":18},"end":{"line":75,"column":50}},"loc":{"start":{"line":75,"column":18},"end":{"line":75,"column":50}},"line":75}},"f":{"0":11,"1":3,"2":3,"3":2}}
,"D:\\projetos-particular\\PetLife\\apps\\web\\src\\components\\organisms\\LoginForm\\index.tsx": {"path":"D:\\projetos-particular\\PetLife\\apps\\web\\src\\components\\organisms\\LoginForm\\index.tsx","all":false,"statementMap":{"0":{"start":{"line":1,"column":0},"end":{"line":1,"column":40}},"9":{"start":{"line":10,"column":0},"end":{"line":10,"column":42}},"10":{"start":{"line":11,"column":0},"end":{"line":11,"column":41}},"11":{"start":{"line":12,"column":0},"end":{"line":12,"column":47}},"12":{"start":{"line":13,"column":0},"end":{"line":13,"column":58}},"13":{"start":{"line":14,"column":0},"end":{"line":14,"column":82}},"14":{"start":{"line":15,"column":0},"end":{"line":15,"column":52}},"16":{"start":{"line":17,"column":0},"end":{"line":17,"column":30}},"17":{"start":{"line":18,"column":0},"end":{"line":18,"column":35}},"18":{"start":{"line":19,"column":0},"end":{"line":19,"column":33}},"20":{"start":{"line":21,"column":0},"end":{"line":21,"column":41}},"23":{"start":{"line":24,"column":0},"end":{"line":24,"column":105}},"24":{"start":{"line":25,"column":0},"end":{"line":25,"column":4}},"26":{"start":{"line":27,"column":0},"end":{"line":27,"column":26}},"27":{"start":{"line":28,"column":0},"end":{"line":28,"column":64}},"29":{"start":{"line":30,"column":0},"end":{"line":30,"column":17}},"30":{"start":{"line":31,"column":0},"end":{"line":31,"column":50}},"31":{"start":{"line":32,"column":0},"end":{"line":32,"column":38}},"32":{"start":{"line":33,"column":0},"end":{"line":33,"column":54}},"33":{"start":{"line":34,"column":0},"end":{"line":34,"column":5}},"35":{"start":{"line":36,"column":0},"end":{"line":36,"column":20}},"36":{"start":{"line":37,"column":0},"end":{"line":37,"column":52}},"37":{"start":{"line":38,"column":0},"end":{"line":38,"column":5}},"39":{"start":{"line":40,"column":0},"end":{"line":40,"column":25}},"40":{"start":{"line":41,"column":0},"end":{"line":41,"column":47}},"41":{"start":{"line":42,"column":0},"end":{"line":42,"column":4}},"43":{"start":{"line":44,"column":0},"end":{"line":44,"column":54}},"44":{"start":{"line":45,"column":0},"end":{"line":45,"column":23}},"46":{"start":{"line":47,"column":0},"end":{"line":47,"column":28}},"48":{"start":{"line":49,"column":0},"end":{"line":49,"column":23}},"49":{"start":{"line":50,"column":0},"end":{"line":50,"column":9}},"50":{"start":{"line":51,"column":0},"end":{"line":51,"column":35}},"51":{"start":{"line":52,"column":0},"end":{"line":52,"column":61}},"52":{"start":{"line":53,"column":0},"end":{"line":53,"column":20}},"53":{"start":{"line":54,"column":0},"end":{"line":54,"column":26}},"54":{"start":{"line":55,"column":0},"end":{"line":55,"column":27}},"55":{"start":{"line":56,"column":0},"end":{"line":56,"column":92}},"56":{"start":{"line":57,"column":0},"end":{"line":57,"column":34}},"57":{"start":{"line":58,"column":0},"end":{"line":58,"column":15}},"58":{"start":{"line":59,"column":0},"end":{"line":59,"column":26}},"59":{"start":{"line":60,"column":0},"end":{"line":60,"column":5}},"60":{"start":{"line":61,"column":0},"end":{"line":61,"column":4}},"62":{"start":{"line":63,"column":0},"end":{"line":63,"column":10}},"63":{"start":{"line":64,"column":0},"end":{"line":64,"column":46}},"65":{"start":{"line":66,"column":0},"end":{"line":66,"column":45}},"66":{"start":{"line":67,"column":0},"end":{"line":67,"column":61}},"67":{"start":{"line":68,"column":0},"end":{"line":68,"column":72}},"68":{"start":{"line":69,"column":0},"end":{"line":69,"column":14}},"69":{"start":{"line":70,"column":0},"end":{"line":70,"column":77}},"70":{"start":{"line":71,"column":0},"end":{"line":71,"column":94}},"71":{"start":{"line":72,"column":0},"end":{"line":72,"column":12}},"73":{"start":{"line":74,"column":0},"end":{"line":74,"column":51}},"74":{"start":{"line":75,"column":0},"end":{"line":75,"column":45}},"76":{"start":{"line":77,"column":0},"end":{"line":77,"column":61}},"78":{"start":{"line":79,"column":0},"end":{"line":79,"column":122}},"79":{"start":{"line":80,"column":0},"end":{"line":80,"column":22}},"80":{"start":{"line":81,"column":0},"end":{"line":81,"column":28}},"81":{"start":{"line":82,"column":0},"end":{"line":82,"column":26}},"82":{"start":{"line":83,"column":0},"end":{"line":83,"column":24}},"83":{"start":{"line":84,"column":0},"end":{"line":84,"column":41}},"84":{"start":{"line":85,"column":0},"end":{"line":85,"column":27}},"85":{"start":{"line":86,"column":0},"end":{"line":86,"column":56}},"86":{"start":{"line":87,"column":0},"end":{"line":87,"column":34}},"87":{"start":{"line":88,"column":0},"end":{"line":88,"column":29}},"88":{"start":{"line":89,"column":0},"end":{"line":89,"column":22}},"89":{"start":{"line":90,"column":0},"end":{"line":90,"column":14}},"91":{"start":{"line":92,"column":0},"end":{"line":92,"column":22}},"92":{"start":{"line":93,"column":0},"end":{"line":93,"column":27}},"93":{"start":{"line":94,"column":0},"end":{"line":94,"column":55}},"94":{"start":{"line":95,"column":0},"end":{"line":95,"column":27}},"95":{"start":{"line":96,"column":0},"end":{"line":96,"column":36}},"96":{"start":{"line":97,"column":0},"end":{"line":97,"column":30}},"97":{"start":{"line":98,"column":0},"end":{"line":98,"column":59}},"98":{"start":{"line":99,"column":0},"end":{"line":99,"column":37}},"99":{"start":{"line":100,"column":0},"end":{"line":100,"column":29}},"100":{"start":{"line":101,"column":0},"end":{"line":101,"column":28}},"101":{"start":{"line":102,"column":0},"end":{"line":102,"column":23}},"102":{"start":{"line":103,"column":0},"end":{"line":103,"column":31}},"103":{"start":{"line":104,"column":0},"end":{"line":104,"column":64}},"104":{"start":{"line":105,"column":0},"end":{"line":105,"column":66}},"106":{"start":{"line":107,"column":0},"end":{"line":107,"column":62}},"107":{"start":{"line":108,"column":0},"end":{"line":108,"column":68}},"108":{"start":{"line":109,"column":0},"end":{"line":109,"column":25}},"109":{"start":{"line":110,"column":0},"end":{"line":110,"column":25}},"111":{"start":{"line":112,"column":0},"end":{"line":112,"column":22}},"112":{"start":{"line":113,"column":0},"end":{"line":113,"column":14}},"114":{"start":{"line":115,"column":0},"end":{"line":115,"column":66}},"115":{"start":{"line":116,"column":0},"end":{"line":116,"column":68}},"116":{"start":{"line":117,"column":0},"end":{"line":117,"column":18}},"118":{"start":{"line":119,"column":0},"end":{"line":119,"column":96}},"120":{"start":{"line":121,"column":0},"end":{"line":121,"column":21}},"121":{"start":{"line":122,"column":0},"end":{"line":122,"column":17}},"123":{"start":{"line":124,"column":0},"end":{"line":124,"column":64}},"124":{"start":{"line":125,"column":0},"end":{"line":125,"column":60}},"125":{"start":{"line":126,"column":0},"end":{"line":126,"column":81}},"126":{"start":{"line":127,"column":0},"end":{"line":127,"column":16}},"128":{"start":{"line":129,"column":0},"end":{"line":129,"column":63}},"129":{"start":{"line":130,"column":0},"end":{"line":130,"column":19}},"130":{"start":{"line":131,"column":0},"end":{"line":131,"column":27}},"131":{"start":{"line":132,"column":0},"end":{"line":132,"column":41}},"132":{"start":{"line":133,"column":0},"end":{"line":133,"column":52}},"133":{"start":{"line":134,"column":0},"end":{"line":134,"column":22}},"134":{"start":{"line":135,"column":0},"end":{"line":135,"column":55}},"136":{"start":{"line":137,"column":0},"end":{"line":137,"column":78}},"137":{"start":{"line":138,"column":0},"end":{"line":138,"column":249}},"138":{"start":{"line":139,"column":0},"end":{"line":139,"column":194}},"139":{"start":{"line":140,"column":0},"end":{"line":140,"column":260}},"140":{"start":{"line":141,"column":0},"end":{"line":141,"column":274}},"141":{"start":{"line":142,"column":0},"end":{"line":142,"column":20}},"143":{"start":{"line":144,"column":0},"end":{"line":144,"column":21}},"144":{"start":{"line":145,"column":0},"end":{"line":145,"column":19}},"145":{"start":{"line":146,"column":0},"end":{"line":146,"column":27}},"146":{"start":{"line":147,"column":0},"end":{"line":147,"column":52}},"147":{"start":{"line":148,"column":0},"end":{"line":148,"column":22}},"148":{"start":{"line":149,"column":0},"end":{"line":149,"column":54}},"150":{"start":{"line":151,"column":0},"end":{"line":151,"column":91}},"151":{"start":{"line":152,"column":0},"end":{"line":152,"column":1034}},"152":{"start":{"line":153,"column":0},"end":{"line":153,"column":20}},"154":{"start":{"line":155,"column":0},"end":{"line":155,"column":21}},"155":{"start":{"line":156,"column":0},"end":{"line":156,"column":16}},"157":{"start":{"line":158,"column":0},"end":{"line":158,"column":63}},"158":{"start":{"line":159,"column":0},"end":{"line":159,"column":15}},"160":{"start":{"line":161,"column":0},"end":{"line":161,"column":53}},"161":{"start":{"line":162,"column":0},"end":{"line":162,"column":16}},"162":{"start":{"line":163,"column":0},"end":{"line":163,"column":16}},"163":{"start":{"line":164,"column":0},"end":{"line":164,"column":14}},"164":{"start":{"line":165,"column":0},"end":{"line":165,"column":12}},"165":{"start":{"line":166,"column":0},"end":{"line":166,"column":10}},"167":{"start":{"line":168,"column":0},"end":{"line":168,"column":2}}},"s":{"0":1,"9":1,"10":17,"11":17,"12":17,"13":17,"14":17,"16":17,"17":17,"18":17,"20":17,"23":0,"24":0,"26":17,"27":4,"29":4,"30":1,"31":4,"32":1,"33":1,"35":4,"36":2,"37":2,"39":4,"40":4
[...]
,"D:\\projetos-particular\\PetLife\\apps\\web\\src\\pages\\LoginPage.tsx": {"path":"D:\\projetos-particular\\PetLife\\apps\\web\\src\\pages\\LoginPage.tsx","all":false,"statementMap":{"0":{"start":{"line":1,"column":0},"end":{"line":1,"column":26}},"4":{"start":{"line":5,"column":0},"end":{"line":5,"column":42}},"5":{"start":{"line":6,"column":0},"end":{"line":6,"column":10}},"6":{"start":{"line":7,"column":0},"end":{"line":7,"column":16}},"7":{"start":{"line":8,"column":0},"end":{"line":8,"column":19}},"8":{"start":{"line":9,"column":0},"end":{"line":9,"column":17}},"10":{"start":{"line":11,"column":0},"end":{"line":11,"column":2}}},"s":{"0":1,"4":1,"5":1,"6":1,"7":1,"8":1,"10":1},"branchMap":{"0":{"type":"branch","line":5,"loc":{"start":{"line":5,"column":35},"end":{"line":11,"column":2}},"locations":[{"start":{"line":5,"column":35},"end":{"line":11,"column":2}}]}},"b":{"0":[1]},"fnMap":{"0":{"name":"LoginPage","decl":{"start":{"line":5,"column":35},"end":{"line":11,"column":2}},"loc":{"start":{"line":5,"column":35},"end":{"line":11,"column":2}},"line":5}},"f":{"0":1}}
,"D:\\projetos-particular\\PetLife\\apps\\web\\src\\pages\\MedicationsPage.tsx": {"path":"D:\\projetos-particular\\PetLife\\apps\\web\\src\\pages\\MedicationsPage.tsx","all":false,"statementMap":{"0":{"start":{"line":1,"column":0},"end":{"line":1,"column":26}},"4":{"start":{"line":5,"column":0},"end":{"line":5,"column":48}},"5":{"start":{"line":6,"column":0},"end":{"line":6,"column":10}},"6":{"start":{"line":7,"column":0},"end":{"line":7,"column":21}},"7":{"start":{"line":8,"column":0},"end":{"line":8,"column":32}},"8":{"start":{"line":9,"column":0},"end":{"line":9,"column":22}},"10":{"start":{"line":11,"column":0},"end":{"line":11,"column":2}}},"s":{"0":1,"4":1,"5":2,"6":2,"7":2,"8":2,"10":2},"branchMap":{"0":{"type":"branch","line":5,"loc":{"start":{"line":5,"column":41},"end":{"line":11,"column":2}},"locations":[{"start":{"line":5,"column":41},"end":{"line":11,"column":2}}]}},"b":{"0":[2]},"fnMap":{"0":{"name":"MedicationsPage","decl":{"start":{"line":5,"column":41},"end":{"line":11,"column":2}},"loc":{"start":{"line":5,"column":41},"end":{"line":11,"column":2}},"line":5}},"f":{"0":2}}
,"D:\\projetos-particular\\PetLife\\apps\\web\\src\\pages\\MemoriesPage.tsx": {"path":"D:\\projetos-particular\\PetLife\\apps\\web\\src\\pages\\MemoriesPage.tsx","all":false,"statementMap":{"0":{"start":{"line":1,"column":0},"end":{"line":1,"column":26}},"4":{"start":{"line":5,"column":0},"end":{"line":5,"column":45}},"5":{"start":{"line":6,"column":0},"end":{"line":6,"column":10}},"6":{"start":{"line":7,"column":0},"end":{"line":7,"column":21}},"7":{"start":{"line":8,"column":0},"end":{"line":8,"column":29}},"8":{"start":{"line":9,"column":0},"end":{"line":9,"column":22}},"10":{"start":{"line":11,"column":0},"end":{"line":11,"column":2}}},"s":{"0":1,"4":1,"5":3,"6":3,"7":3,"8":3,"10":3},"branchMap":{"0":{"type":"branch","line":5,"loc":{"start":{"line":5,"column":38},"end":{"line":11,"column":2}},"locations":[{"start":{"line":5,"column":38},"end":{"line":11,"column":2}}]}},"b":{"0":[3]},"fnMap":{"0":{"name":"MemoriesPage","decl":{"start":{"line":5,"column":38},"end":{"line":11,"column":2}},"loc":{"start":{"line":5,"column":38},"end":{"line":11,"column":2}},"line":5}},"f":{"0":3}}
,"D:\\projetos-particular\\PetLife\\apps\\web\\src\\pages\\OnboardingPage.tsx": {"path":"D:\\projetos-particular\\PetLife\\apps\\web\\src\\pages\\OnboardingPage.tsx","all":false,"statementMap":{"0":{"start":{"line":1,"column":0},"end":{"line":1,"column":26}},"3":{"start":{"line":4,"column":0},"end":{"line":4,"column":47}},"4":{"start":{"line":5,"column":0},"end":{"line":5,"column":10}},"5":{"start":{"line":6,"column":0},"end":{"line":6,"column":29}},"7":{"start":{"line":8,"column":0},"end":{"line":8,"column":2}}},"s":{"0":1,"3":1,"4":2,"5":2,"7":2},"branchMap":{"0":{"type":"branch","line":4,"loc":{"start":{"line":4,"column":40},"end":{"line":8,"column":2}},"locations":[{"start":{"line":4,"column":40},"end":{"line":8,"column":2}}]}},"b":{"0":[2]},"fnMap":{"0":{"name":"OnboardingPage","decl":{"start":{"line":4,"column":40},"end":{"line":8,"column":2}},"loc":{"start":{"line":4,"column":40},"end":{"line":8,"column":2}},"line":4}},"f":{"0":2}}
,"D:\\projetos-particular\\PetLife\\apps\\web\\src\\pages\\PetProfilePage.tsx": {"path":"D:\\projetos-particular\\PetLife\\apps\\web\\src\\pages\\PetProfilePage.tsx","all":false,"statementMap":{"0":{"start":{"line":1,"column":0},"end":{"line":1,"column":26}},"4":{"start":{"line":5,"column":0},"end":{"line":5,"column":47}},"5":{"start":{"line":6,"column":0},"end":{"line":6,"column":10}},"6":{"start":{"line":7,"column":0},"end":{"line":7,"column":21}},"7":{"start":{"line":8,"column":0},"end":{"line":8,"column":31}},"8":{"start":{"line":9,"column":0},"end":{"line":9,"column":22}},"10":{"start":{"line":11,"column":0},"end":{"line":11,"column":2}}},"s":{"0":1,"4":1,"5":1,"6":1,"7":1,"8":1,"10":1},"branchMap":{"0":{"type":"branch","line":5,"loc":{"start":{"line":5,"column":40},"end":{"line":11,"column":2}},"locations":[{"start":{"line":5,"column":40},"end":{"line":11,"column":2}}]}},"b":{"0":[1]},"fnMap":{"0":{"name":"PetProfilePage","decl":{"start":{"line":5,"column":40},"end":{"line":11,"column":2}},"loc":{"start":{"line":5,"column":40},"end":{"line":11,"column":2}},"line":5}},"f":{"0":1}}
,"D:\\projetos-particular\\PetLife\\apps\\web\\src\\pages\\ProfilePage.tsx": {"path":"D:\\projetos-particular\\PetLife\\apps\\web\\src\\pages\\ProfilePage.tsx","all":false,"statementMap":{"0":{"start":{"line":1,"column":0},"end":{"line":1,"column":26}},"4":{"start":{"line":5,"column":0},"end":{"line":5,"column":44}},"5":{"start":{"line":6,"column":0},"end":{"line":6,"column":10}},"6":{"start":{"line":7,"column":0},"end":{"line":7,"column":21}},"7":{"start":{"line":8,"column":0},"end":{"line":8,"column":21}},"8":{"start":{"line":9,"column":0},"end":{"line":9,"column":22}},"10":{"start":{"line":11,"column":0},"end":{"line":11,"column":2}}},"s":{"0":1,"4":1,"5":0,"6":0,"7":0,"8":0,"10":0},"branchMap":{},"b":{},"fnMap":{"0":{"name":"ProfilePage","decl":{"start":{"line":5,"column":37},"end":{"line":11,"column":2}},"loc":{"start":{"line":5,"column":37},"end":{"line":11,"column":2}},"line":5}},"f":{"0":0}}
,"D:\\projetos-particular\\PetLife\\apps\\web\\src\\pages\\RegisterPage.tsx": {"path":"D:\\projetos-particular\\PetLife\\apps\\web\\src\\pages\\RegisterPage.tsx","all":false,"statementMap":{"0":{"start":{"line":1,"column":0},"end":{"line":1,"column":26}},"4":{"start":{"line":5,"column":0},"end":{"line":5,"column":45}},"5":{"start":{"line":6,"column":0},"end":{"line":6,"column":10}},"6":{"start":{"line":7,"column":0},"end":{"line":7,"column":16}},"7":{"start":{"line":8,"column":0},"end":{"line":8,"column":22}},"8":{"start":{"line":9,"column":0},"end":{"line":9,"column":17}},"10":{"start":{"line":11,"column":0},"end":{"line":11,"column":2}}},"s":{"0":1,"4":1,"5":0,"6":0,"7":0,"8":0,"10":0},"branchMap":{},"b":{},"fnMap":{"0":{"name":"RegisterPage","decl":{"start":{"line":5,"column":38},"end":{"line":11,"column":2}},"loc":{"start":{"line":5,"column":38},"end":{"line":11,"column":2}},"line":5}},"f":{"0":0}}
,"D:\\projetos-particular\\PetLife\\apps\\web\\src\\pages\\ResetPasswordPage.tsx": {"path":"D:\\projetos-particular\\PetLife\\apps\\web\\src\\pages\\ResetPasswordPage.tsx","all":false,"statementMap":{"0":{"start":{"line":1,"column":0},"end":{"line":1,"column":26}},"4":{"start":{"line":5,"column":0},"end":{"line":5,"column":50}},"5":{"start":{"line":6,"column":0},"end":{"line":6,"column":10}},"6":{"start":{"line":7,"column":0},"end":{"line":7,"column":16}},"7":{"start":{"line":8,"column":0},"end":{"line":8,"column":27}},"8":{"start":{"line":9,"column":0},"end":{"line":9,"column":17}},"10":{"start":{"line":11,"column":0},"end":{"line":11,"column":2}}},"s":{"0":1,"4":1,"5":0,"6":0,"7":0,"8":0,"10":0},"branchMap":{},"b":{},"fnMap":{"0":{"name":"ResetPasswordPage","decl":{"start":{"line":5,"column":43},"end":{"line":11,"column":2}},"loc":{"start":{"line":5,"column":43},"end":{"line":11,"column":2}},"line":5}},"f":{"0":0}}
,"D:\\projetos-particular\\PetLife\\apps\\web\\src\\pages\\RoutinePage.tsx": {"path":"D:\\projetos-particular\\PetLife\\apps\\web\\src\\pages\\RoutinePage.tsx","all":false,"statementMap":{"0":{"start":{"line":1,"column":0},"end":{"line":1,"column":26}},"4":{"start":{"line":5,"column":0},"end":{"line":5,"column":44}},"5":{"start":{"line":6,"column":0},"end":{"line":6,"column":10}},"6":{"start":{"line":7,"column":0},"end":{"line":7,"column":21}},"7":{"start":{"line":8,"column":0},"end":{"line":8,"column":28}},"8":{"start":{"line":9,"column":0},"end":{"line":9,"column":22}},"10":{"start":{"line":11,"column":0},"end":{"line":11,"column":2}}},"s":{"0":1,"4":1,"5":2,"6":2,"7":2,"8":2,"10":2},"branchMap":{"0":{"type":"branch","line":5,"loc":{"start":{"line":5,"column":37},"end":{"line":11,"column":2}},"locations":[{"start":{"line":5,"column":37},"end":{"line":11,"column":2}}]}},"b":{"0":[2]},"fnMap":{"0":{"name":"RoutinePage","decl":{"start":{"line":5,"column":37},"end":{"line":11,"column":2}},"loc":{"start":{"line":5,"column":37},"end":{"line":11,"column":2}},"line":5}},"f":{"0":2}}
,"D:\\projetos-particular\\PetLife\\apps\\web\\src\\services\\api.ts": {"path":"D:\\projetos-particular\\PetLife\\apps\\web\\src\\services\\api.ts","all":false,"statementMap":{"0":{"start":{"line":1,"column":0},"end":{"line":1,"column":26}},"11":{"start":{"line":12,"column":0},"end":{"line":12,"column":26}},"12":{"start":{"line":13,"column":0},"end":{"line":13,"column":74}},"13":{"start":{"line":14,"column":0},"end":{"line":14,"column":12}},"14":{"start":{"line":15,"column":0},"end":{"line":15,"column":39}},"15":{"start":{"line":16,"column":0},"end":{"line":16,"column":4}},"16":{"start":{"line":17,"column":0},"end":{"line":17,"column":3}},"19":{"start":{"line":20,"column":0},"end":{"line":20,"column":55}},"21":{"start":{"line":22,"column":0},"end":{"line":22,"column":69}},"22":{"start":{"line":23,"column":0},"end":{"line":23,"column":36}},"23":{"start":{"line":24,"column":0},"end":{"line":24,"column":1}},"26":{"start":{"line":27,"column":0},"end":{"line":27,"column":42}},"27":{"start":{"line":28,"column":0},"end":{"line":28,"column":46}},"28":{"start":{"line":29,"column":0},"end":{"line":29,"column":14}},"29":{"start":{"line":30,"column":0},"end":{"line":30,"column":53}},"30":{"start":{"line":31,"column":0},"end":{"line":31,"column":3}},"31":{"start":{"line":32,"column":0},"end":{"line":32,"column":16}},"32":{"start":{"line":33,"column":0},"end":{"line":33,"column":3}},"35":{"start":{"line":36,"column":0},"end":{"line":36,"column":30}},"36":{"start":{"line":37,"column":0},"end":{"line":37,"column":25}},"37":{"start":{"line":38,"column":0},"end":{"line":38,"column":14}},"38":{"start":{"line":39,"column":0},"end":{"line":39,"column":41}},"39":{"start":{"line":40,"column":0},"end":{"line":40,"column":33}},"40":{"start":{"line":41,"column":0},"end":{"line":41,"column":33}},"41":{"start":{"line":42,"column":0},"end":{"line":42,"column":5}},"42":{"start":{"line":43,"column":0},"end":{"line":43,"column":33}},"43":{"start":{"line":44,"column":0},"end":{"line":44,"column":3}},"44":{"start":{"line":45,"column":0},"end":{"line":45,"column":2}},"46":{"start":{"line":47,"column":0},"end":{"line":47,"column":19}}},"s":{"0":1,"11":1,"12":1,"13":1,"14":1,"15":1,"16":1,"19":1,"21":1,"22":0,"23":0,"26":1,"27":3,"28":3,"29":0,"30":0,"31":3,"32":3,"35":1,"36":1,"37":1,"38":3,"39":0,"40":0,"41":0,"42":3,"43":3,"44":1,"46":1},"branchMap":{"0":{"type":"branch","line":13,"loc":{"start":{"line":13,"column":27},"end":{"line":13,"column":74}},"locations":[{"start":{"line":13,"column":27},"end":{"line":13,"column":74}}]},"1":{"type":"branch","line":27,"loc":{"start":{"line":27,"column":29},"end":{"line":33,"column":3}},"locations":[{"start":{"line":27,"column":29},"end":{"line":33,"column":3}}]},"2":{"type":"branch","line":29,"loc":{"start":{"line":29,"column":13},"end":{"line":31,"column":3}},"locations":[{"start":{"line":29,"column":13},"end":{"line":31,"column":3}}]},"3":{"type":"branch","line":38,"loc":{"start":{"line":38,"column":2},"end":{"line":44,"column":3}},"locations":[{"start":{"line":38,"column":2},"end":{"line":44,"column":3}}]},"4":{"type":"branch","line":39,"loc":{"start":{"line":39,"column":14},"end":{"line":39,"column":35}},"locations":[{"start":{"line":39,"column":14},"end":{"line":39,"column":35}}]},"5":{"type":"branch","line":39,"loc":{"start":{"line":39,"column":40},"end":{"line":42,"column":5}},"locations":[{"start":{"line":39,"column":40},"end":{"line":42,"column":5}}]}},"b":{"0":[0],"1":[3],"2":[0],"3":[3],"4":[0],"5":[0]},"fnMap":{"0":{"name":"setUnauthorizedCallback","decl":{"start":{"line":22,"column":7},"end":{"line":24,"column":1}},"loc":{"start":{"line":22,"column":7},"end":{"line":24,"column":1}},"line":22}},"f":{"0":0}}
,"D:\\projetos-particular\\PetLife\\apps\\web\\src\\utils\\imageCompressor.ts": {"path":"D:\\projetos-particular\\PetLife\\apps\\web\\src\\utils\\imageCompressor.ts","all":false,"statementMap":{"4":{"start":{"line":5,"column":0},"end":{"line":5,"column":81}},"5":{"start":{"line":6,"column":0},"end":{"line":6,"column":40}},"7":{"start":{"line":8,"column":0},"end":{"line":8,"column":34}},"8":{"start":{"line":9,"column":0},"end":{"line":9,"column":16}},"9":{"start":{"line":10,"column":0},"end":{"line":10,"column":3}},"11":{"start":{"line":12,"column":0},"end":{"line":12,"column":43}},"12":{"start":{"line":13,"column":0},"end":{"line":13,"column":36}},"13":{"start":{"line":14,"column":0},"end":{"line":14,"column":31}},"14":{"start":{"line":15,"column":0},"end":{"line":15,"column":32}},"15":{"start":{"line":16,"column":0},"end":{"line":16,"column":30}},"16":{"start":{"line":17,"column":0},"end":{"line":17,"column":47}},"17":{"start":{"line":18,"column":0},"end":{"line":18,"column":26}},"18":{"start":{"line":19,"column":0},"end":{"line":19,"column":56}},"19":{"start":{"line":20,"column":0},"end":{"line":20,"column":30}},"20":{"start":{"line":21,"column":0},"end":{"line":21,"column":32}},"23":{"start":{"line":24,"column":0},"end":{"line":24,"column":34}},"24":{"start":{"line":25,"column":0},"end":{"line":25,"column":60}},"25":{"start":{"line":26,"column":0},"end":{"line":26,"column":31}},"26":{"start":{"line":27,"column":0},"end":{"line":27,"column":65}},"27":{"start":{"line":28,"column":0},"end":{"line":28,"column":33}},"28":{"start":{"line":29,"column":0},"end":{"line":29,"column":18}},"29":{"start":{"line":30,"column":0},"end":{"line":30,"column":64}},"30":{"start":{"line":31,"column":0},"end":{"line":31,"column":34}},"31":{"start":{"line":32,"column":0},"end":{"line":32,"column":11}},"32":{"start":{"line":33,"column":0},"end":{"line":33,"column":9}},"34":{"start":{"line":35,"column":0},"end":{"line":35,"column":29}},"35":{"start":{"line":36,"column":0},"end":{"line":36,"column":31}},"37":{"start":{"line":38,"column":0},"end":{"line":38,"column":44}},"38":{"start":{"line":39,"column":0},"end":{"line":39,"column":19}},"39":{"start":{"line":40,"column":0},"end":{"line":40,"column":86}},"40":{"start":{"line":41,"column":0},"end":{"line":41,"column":9}},"42":{"start":{"line":43,"column":0},"end":{"line":43,"column":48}},"45":{"start":{"line":46,"column":0},"end":{"line":46,"column":27}},"46":{"start":{"line":47,"column":0},"end":{"line":47,"column":48}},"47":{"start":{"line":48,"column":0},"end":{"line":48,"column":24}},"48":{"start":{"line":49,"column":0},"end":{"line":49,"column":23}},"49":{"start":{"line":50,"column":0},"end":{"line":50,"column":26}},"50":{"start":{"line":51,"column":0},"end":{"line":51,"column":81}},"51":{"start":{"line":52,"column":0},"end":{"line":52,"column":15}},"53":{"start":{"line":54,"column":0},"end":{"line":54,"column":58}},"54":{"start":{"line":55,"column":0},"end":{"line":55,"column":68}},"55":{"start":{"line":56,"column":0},"end":{"line":56,"column":37}},"56":{"start":{"line":57,"column":0},"end":{"line":57,"column":43}},"57":{"start":{"line":58,"column":0},"end":{"line":58,"column":19}},"58":{"start":{"line":59,"column":0},"end":{"line":59,"column":40}},"59":{"start":{"line":60,"column":0},"end":{"line":60,"column":22}},"61":{"start":{"line":62,"column":0},"end":{"line":62,"column":42}},"62":{"start":{"line":63,"column":0},"end":{"line":63,"column":15}},"63":{"start":{"line":64,"column":0},"end":{"line":64,"column":14}},"64":{"start":{"line":65,"column":0},"end":{"line":65,"column":25}},"65":{"start":{"line":66,"column":0},"end":{"line":66,"column":13}},"66":{"start":{"line":67,"column":0},"end":{"line":67,"column":12}},"67":{"start":{"line":68,"column":0},"end":{"line":68,"column":10}},"69":{"start":{"line":70,"column":0},"end":{"line":70,"column":33}},"70":{"start":{"line":71,"column":0},"end":{"line":71,"column":8}},"71":{"start":{"line":72,"column":0},"end":{"line":72,"column":41}},"72":{"start":{"line":73,"column":0},"end":{"line":73,"column":6}},"73":{"start":{"line":74,"column":0},"end":{"line":74,"column":42}},"74":{"start":{"line":75,"column":0},"end":{"line":75,"column":5}},"75":{"start":{"line":76,"column":0},"end":{"line":76,"column":1}}},"s":{"4":0,"5":0,"7":0,"8":0,"9":0,"11":0,"12":0,"13":0,"14":0,"15":0,"16":0,"17":0,"18":0,"19":0,"20":0,"23":0,"24":0,"25":0,"26":0,"27":0,"28":0,"29":0,"30":0,"31":0,"32":0,"34":0,"35":0,"37":0,"38":0,"39":0,"40":0,"42":0,"45":0,"46":0,"47":0,"48":0,"49":0,"50":0,"51":0,"53":0,"54":0,"55":0,"56":0,"57":0,"58":0,"59":0,"61":0,"62":0,"63":0,"64":0,"65":0,"66":0,"67":0,"69":0,"70":0,"71":0,"72":0,"73":0,"74":0,"75":0},"branchMap":{},"b":{},"fnMap":{"0":{"name":"compressImage","decl":{"start":{"line":5,"column":0},"end":{"line":76,"column":1}},"loc":{"start":{"line":5,"column":0},"end":{"line":76,"column":1}},"line":5}},"f":{"0":0}}
,"D:\\projetos-particular\\PetLife\\apps\\web\\src\\utils\\validators.ts": {"path":"D:\\projetos-particular\\PetLife\\apps\\web\\src\\utils\\validators.ts","all":false,"statementMap":{"7":{"start":{"line":8,"column":0},"end":{"line":8,"column":55}},"8":{"start":{"line":9,"column":0},"end":{"line":9,"column":43}},"16":{"start":{"line":17,"column":0},"end":{"line":17,"column":61}},"17":{"start":{"line":18,"column":0},"end":{"line":18,"column":46}},"20":{"start":{"line":21,"column":0},"end":{"line":21,"column":53}},"21":{"start":{"line":22,"column":0},"end":{"line":22,"column":26}},"24":{"start":{"line":25,"column":0},"end":{"line":25,"column":68}},"25":{"start":{"line":26,"column":0},"end":{"line":26,"column":29}}},"s":{"7":1,"8":6,"16":1,"17":2,"20":1,"21":0,"24":1,"25":0},"branchMap":{"0":{"type":"branch","line":8,"loc":{"start":{"line":8,"column":28},"end":{"line":9,"column":43}},"locations":[{"start":{"line":8,"column":28},"end":{"line":9,"column":43}}]},"1":{"type":"branch","line":17,"loc":{"start":{"line":17,"column":31},"end":{"line":18,"column":46}},"locations":[{"start":{"line":17,"column":31},"end":{"line":18,"column":46}}]}},"b":{"0":[6],"1":[2]},"fnMap":{"0":{"name":"isValidEmail","decl":{"start":{"line":8,"column":28},"end":{"line":9,"column":43}},"loc":{"start":{"line":8,"column":28},"end":{"line":9,"column":43}},"line":8},"1":{"name":"isValidPassword","decl":{"start":{"line":17,"column":31},"end":{"line":18,"column":46}},"loc":{"start":{"line":17,"column":31},"end":{"line":18,"column":46}},"line":17},"2":{"name":"isNotEmpty","decl":{"start":{"line":21,"column":26},"end":{"line":22,"column":26}},"loc":{"start":{"line":21,"column":26},"end":{"line":22,"column":26}},"line":21},"3":{"name":"hasMinLength","decl":{"start":{"line":25,"column":28},"end":{"line":26,"column":29}},"loc":{"start":{"line":25,"column":28},"end":{"line":26,"column":29}},"line":25}},"f":{"0":6,"1":2,"2":0,"3":0}}
}
