{"total": {"lines":{"total":5287,"covered":4545,"skipped":0,"pct":85.96},"statements":{"total":5287,"covered":4545,"skipped":0,"pct":85.96},"functions":{"total":309,"covered":207,"skipped":0,"pct":66.99},"branches":{"total":787,"covered":594,"skipped":0,"pct":75.47},"branchesTrue":{"total":0,"covered":0,"skipped":0,"pct":100}}
,"D:\\projetos-particular\\PetLife\\apps\\web\\playwright.config.ts": {"lines":{"total":19,"covered":0,"skipped":0,"pct":0},"functions":{"total":1,"covered":0,"skipped":0,"pct":0},"statements":{"total":19,"covered":0,"skipped":0,"pct":0},"branches":{"total":1,"covered":0,"skipped":0,"pct":0}}
,"D:\\projetos-particular\\PetLife\\apps\\web\\src\\App.tsx": {"lines":{"total":93,"covered":93,"skipped":0,"pct":100},"functions":{"total":1,"covered":1,"skipped":0,"pct":100},"statements":{"total":93,"covered":93,"skipped":0,"pct":100},"branches":{"total":1,"covered":1,"skipped":0,"pct":100}}
,"D:\\projetos-particular\\PetLife\\apps\\web\\src\\main.tsx": {"lines":{"total":9,"covered":0,"skipped":0,"pct":0},"functions":{"total":1,"covered":0,"skipped":0,"pct":0},"statements":{"total":9,"covered":0,"skipped":0,"pct":0},"branches":{"total":1,"covered":0,"skipped":0,"pct":0}}
,"D:\\projetos-particular\\PetLife\\apps\\web\\src\\application\\auth\\useAuthTokens.ts": {"lines":{"total":10,"covered":10,"skipped":0,"pct":100},"functions":{"total":1,"covered":1,"skipped":0,"pct":100},"statements":{"total":10,"covered":10,"skipped":0,"pct":100},"branches":{"total":1,"covered":1,"skipped":0,"pct":100}}
,"D:\\projetos-particular\\PetLife\\apps\\web\\src\\application\\auth\\useGoogleLogin.ts": {"lines":{"total":20,"covered":20,"skipped":0,"pct":100},"functions":{"total":1,"covered":1,"skipped":0,"pct":100},"statements":{"total":20,"covered":20,"skipped":0,"pct":100},"branches":{"total":2,"covered":2,"skipped":0,"pct":100}}
,"D:\\projetos-particular\\PetLife\\apps\\web\\src\\application\\auth\\useLogin.ts": {"lines":{"total":20,"covered":20,"skipped":0,"pct":100},"functions":{"total":1,"covered":1,"skipped":0,"pct":100},"statements":{"total":20,"covered":20,"skipped":0,"pct":100},"branches":{"total":2,"covered":2,"skipped":0,"pct":100}}
,"D:\\projetos-particular\\PetLife\\apps\\web\\src\\application\\auth\\useLogout.ts": {"lines":{"total":9,"covered":7,"skipped":0,"pct":77.77},"functions":{"total":1,"covered":1,"skipped":0,"pct":100},"statements":{"total":9,"covered":7,"skipped":0,"pct":77.77},"branches":{"total":1,"covered":1,"skipped":0,"pct":100}}
,"D:\\projetos-particular\\PetLife\\apps\\web\\src\\application\\auth\\useRegister.ts": {"lines":{"total":20,"covered":20,"skipped":0,"pct":100},"functions":{"total":1,"covered":1,"skipped":0,"pct":100},"statements":{"total":20,"covered":20,"skipped":0,"pct":100},"branches":{"total":2,"covered":2,"skipped":0,"pct":100}}
,"D:\\projetos-particular\\PetLife\\apps\\web\\src\\application\\auth\\useSession.ts": {"lines":{"total":25,"covered":25,"skipped":0,"pct":100},"functions":{"total":2,"covered":2,"skipped":0,"pct":100},"statements":{"total":25,"covered":25,"skipped":0,"pct":100},"branches":{"total":9,"covered":9,"skipped":0,"pct":100}}
,"D:\\projetos-particular\\PetLife\\apps\\web\\src\\application\\consultation\\useConsultations.ts": {"lines":{"total":63,"covered":59,"skipped":0,"pct":93.65},"functions":{"total":4,"covered":4,"skipped":0,"pct":100},"statements":{"total":63,"covered":59,"skipped":0,"pct":93.65},"branches":{"total":21,"covered":13,"skipped":0,"pct":61.9}}
,"D:\\projetos-particular\\PetLife\\apps\\web\\src\\application\\grooming\\useGrooming.ts": {"lines":{"total":71,"covered":67,"skipped":0,"pct":94.36},"functions":{"total":4,"covered":4,"skipped":0,"pct":100},"statements":{"total":71,"covered":67,"skipped":0,"pct":94.36},"branches":{"total":14,"covered":8,"skipped":0,"pct":57.14}}
,"D:\\projetos-particular\\PetLife\\apps\\web\\src\\application\\grooming\\useGroomingForm.ts": {"lines":{"total":69,"covered":63,"skipped":0,"pct":91.3},"functions":{"total":3,"covered":3,"skipped":0,"pct":100},"statements":{"total":69,"covered":63,"skipped":0,"pct":91.3},"branches":{"total":36,"covered":32,"skipped":0,"pct":88.88}}
,"D:\\projetos-particular\\PetLife\\apps\\web\\src\\application\\medications\\useMedications.ts": {"lines":{"total":44,"covered":38,"skipped":0,"pct":86.36},"functions":{"total":5,"covered":3,"skipped":0,"pct":60},"statements":{"total":44,"covered":38,"skipped":0,"pct":86.36},"branches":{"total":11,"covered":6,"skipped":0,"pct":54.54}}
,"D:\\projetos-particular\\PetLife\\apps\\web\\src\\application\\pet\\useCreatePet.ts": {"lines":{"total":30,"covered":30,"skipped":0,"pct":100},"functions":{"total":2,"covered":2,"skipped":0,"pct":100},"statements":{"total":30,"covered":30,"skipped":0,"pct":100},"branches":{"total":9,"covered":7,"skipped":0,"pct":77.77}}
,"D:\\projetos-particular\\PetLife\\apps\\web\\src\\application\\pet\\useGetPets.ts": {"lines":{"total":31,"covered":31,"skipped":0,"pct":100},"functions":{"total":1,"covered":1,"skipped":0,"pct":100},"statements":{"total":31,"covered":31,"skipped":0,"pct":100},"branches":{"total":6,"covered":4,"skipped":0,"pct":66.66}}
,"D:\\projetos-particular\\PetLife\\apps\\web\\src\\application\\pet\\usePetWeightHistory.ts": {"lines":{"total":33,"covered":3,"skipped":0,"pct":9.09},"functions":{"total":1,"covered":0,"skipped":0,"pct":0},"statements":{"total":33,"covered":3,"skipped":0,"pct":9.09},"branches":{"total":0,"covered":0,"skipped":0,"pct":100}}
,"D:\\projetos-particular\\PetLife\\apps\\web\\src\\application\\pet\\useUpdatePet.ts": {"lines":{"total":25,"covered":25,"skipped":0,"pct":100},"functions":{"total":2,"covered":2,"skipped":0,"pct":100},"statements":{"total":25,"covered":25,"skipped":0,"pct":100},"branches":{"total":5,"covered":3,"skipped":0,"pct":60}}
,"D:\\projetos-particular\\PetLife\\apps\\web\\src\\application\\pet\\useUpdatePetStatus.ts": {"lines":{"total":25,"covered":25,"skipped":0,"pct":100},"functions":{"total":2,"covered":2,"skipped":0,"pct":100},"statements":{"total":25,"covered":25,"skipped":0,"pct":100},"branches":{"total":5,"covered":3,"skipped":0,"pct":60}}
,"D:\\projetos-particular\\PetLife\\apps\\web\\src\\application\\user\\useDeleteAccount.ts": {"lines":{"total":11,"covered":11,"skipped":0,"pct":100},"functions":{"total":1,"covered":1,"skipped":0,"pct":100},"statements":{"total":11,"covered":11,"skipped":0,"pct":100},"branches":{"total":2,"covered":2,"skipped":0,"pct":100}}
,"D:\\projetos-particular\\PetLife\\apps\\web\\src\\application\\user\\useUpdateProfile.ts": {"lines":{"total":12,"covered":12,"skipped":0,"pct":100},"functions":{"total":1,"covered":1,"skipped":0,"pct":100},"statements":{"total":12,"covered":12,"skipped":0,"pct":100},"branches":{"total":2,"covered":2,"skipped":0,"pct":100}}
,"D:\\projetos-particular\\PetLife\\apps\\web\\src\\application\\vaccination\\useVaccinations.ts": {"lines":{"total":71,"covered":71,"skipped":0,"pct":100},"functions":{"total":4,"covered":4,"skipped":0,"pct":100},"statements":{"total":71,"covered":71,"skipped":0,"pct":100},"branches":{"total":18,"covered":10,"skipped":0,"pct":55.55}}
,"D:\\projetos-particular\\PetLife\\apps\\web\\src\\application\\vaccination\\useVaccineSuggestions.ts": {"lines":{"total":23,"covered":23,"skipped":0,"pct":100},"functions":{"total":1,"covered":1,"skipped":0,"pct":100},"statements":{"total":23,"covered":23,"skipped":0,"pct":100},"branches":{"total":6,"covered":6,"skipped":0,"pct":100}}
,"D:\\projetos-particular\\PetLife\\apps\\web\\src\\components\\atoms\\Button\\index.tsx": {"lines":{"total":20,"covered":20,"skipped":0,"pct":100},"functions":{"total":1,"covered":1,"skipped":0,"pct":100},"statements":{"total":20,"covered":20,"skipped":0,"pct":100},"branches":{"total":3,"covered":3,"skipped":0,"pct":100}}
,"D:\\projetos-particular\\PetLife\\apps\\web\\src\\components\\atoms\\Input\\index.tsx": {"lines":{"total":23,"covered":23,"skipped":0,"pct":100},"functions":{"total":1,"covered":1,"skipped":0,"pct":100},"statements":{"total":23,"covered":23,"skipped":0,"pct":100},"branches":{"total":9,"covered":9,"skipped":0,"pct":100}}
,"D:\\projetos-particular\\PetLife\\apps\\web\\src\\components\\atoms\\Label\\index.tsx": {"lines":{"total":14,"covered":14,"skipped":0,"pct":100},"functions":{"total":1,"covered":1,"skipped":0,"pct":100},"statements":{"total":14,"covered":14,"skipped":0,"pct":100},"branches":{"total":3,"covered":3,"skipped":0,"pct":100}}
,"D:\\projetos-particular\\PetLife\\apps\\web\\src\\components\\atoms\\PrivateRoute\\index.tsx": {"lines":{"total":26,"covered":26,"skipped":0,"pct":100},"functions":{"total":1,"covered":1,"skipped":0,"pct":100},"statements":{"total":26,"covered":26,"skipped":0,"pct":100},"branches":{"total":6,"covered":6,"skipped":0,"pct":100}}
,"D:\\projetos-particular\\PetLife\\apps\\web\\src\\components\\molecules\\AttachmentManager\\index.tsx": {"lines":{"total":138,"covered":48,"skipped":0,"pct":34.78},"functions":{"total":9,"covered":1,"skipped":0,"pct":11.11},"statements":{"total":138,"covered":48,"skipped":0,"pct":34.78},"branches":{"total":4,"covered":1,"skipped":0,"pct":25}}
,"D:\\projetos-particular\\PetLife\\apps\\web\\src\\components\\molecules\\BeforeAfterViewer\\index.tsx": {"lines":{"total":42,"covered":42,"skipped":0,"pct":100},"functions":{"total":2,"covered":2,"skipped":0,"pct":100},"statements":{"total":42,"covered":42,"skipped":0,"pct":100},"branches":{"total":2,"covered":2,"skipped":0,"pct":100}}
,"D:\\projetos-particular\\PetLife\\apps\\web\\src\\components\\molecules\\FormField\\index.tsx": {"lines":{"total":24,"covered":24,"skipped":0,"pct":100},"functions":{"total":1,"covered":1,"skipped":0,"pct":100},"statements":{"total":24,"covered":24,"skipped":0,"pct":100},"branches":{"total":2,"covered":2,"skipped":0,"pct":100}}
,"D:\\projetos-particular\\PetLife\\apps\\web\\src\\components\\molecules\\Modal\\index.tsx": {"lines":{"total":32,"covered":30,"skipped":0,"pct":93.75},"functions":{"total":3,"covered":2,"skipped":0,"pct":66.66},"statements":{"total":32,"covered":30,"skipped":0,"pct":93.75},"branches":{"total":7,"covered":7,"skipped":0,"pct":100}}
,"D:\\projetos-particular\\PetLife\\apps\\web\\src\\components\\molecules\\PetCard\\index.tsx": {"lines":{"total":33,"covered":30,"skipped":0,"pct":90.9},"functions":{"total":3,"covered":1,"skipped":0,"pct":33.33},"statements":{"total":33,"covered":30,"skipped":0,"pct":90.9},"branches":{"total":8,"covered":4,"skipped":0,"pct":50}}
,"D:\\projetos-particular\\PetLife\\apps\\web\\src\\components\\molecules\\ProofUploader\\index.tsx": {"lines":{"total":38,"covered":38,"skipped":0,"pct":100},"functions":{"total":2,"covered":2,"skipped":0,"pct":100},"statements":{"total":38,"covered":38,"skipped":0,"pct":100},"branches":{"total":7,"covered":7,"skipped":0,"pct":100}}
,"D:\\projetos-particular\\PetLife\\apps\\web\\src\\components\\molecules\\Toast\\index.tsx": {"lines":{"total":40,"covered":40,"skipped":0,"pct":100},"functions":{"total":3,"covered":3,"skipped":0,"pct":100},"statements":{"total":40,"covered":40,"skipped":0,"pct":100},"branches":{"total":13,"covered":13,"skipped":0,"pct":100}}
,"D:\\projetos-particular\\PetLife\\apps\\web\\src\\components\\molecules\\UploadButton\\index.tsx": {"lines":{"total":38,"covered":38,"skipped":0,"pct":100},"functions":{"total":2,"covered":2,"skipped":0,"pct":100},"statements":{"total":38,"covered":38,"skipped":0,"pct":100},"branches":{"total":7,"covered":7,"skipped":0,"pct":100}}
,"D:\\projetos-particular\\PetLife\\apps\\web\\src\\components\\organisms\\ConsultationForm\\index.tsx": {"lines":{"total":106,"covered":95,"skipped":0,"pct":89.62},"functions":{"total":14,"covered":6,"skipped":0,"pct":42.85},"statements":{"total":106,"covered":95,"skipped":0,"pct":89.62},"branches":{"total":31,"covered":20,"skipped":0,"pct":64.51}}
,"D:\\projetos-particular\\PetLife\\apps\\web\\src\\components\\organisms\\ForgotPasswordForm\\index.tsx": {"lines":{"total":77,"covered":74,"skipped":0,"pct":96.1},"functions":{"total":4,"covered":4,"skipped":0,"pct":100},"statements":{"total":77,"covered":74,"skipped":0,"pct":96.1},"branches":{"total":13,"covered":12,"skipped":0,"pct":92.3}}
,"D:\\projetos-particular\\PetLife\\apps\\web\\src\\components\\organisms\\GroomingForm\\index.tsx": {"lines":{"total":239,"covered":215,"skipped":0,"pct":89.95},"functions":{"total":10,"covered":4,"skipped":0,"pct":40},"statements":{"total":239,"covered":215,"skipped":0,"pct":89.95},"branches":{"total":37,"covered":17,"skipped":0,"pct":45.94}}
,"D:\\projetos-particular\\PetLife\\apps\\web\\src\\components\\organisms\\LoginForm\\index.tsx": {"lines":{"total":136,"covered":134,"skipped":0,"pct":98.52},"functions":{"total":7,"covered":5,"skipped":0,"pct":71.42},"statements":{"total":136,"covered":134,"skipped":0,"pct":98.52},"branches":{"total":15,"covered":12,"skipped":0,"pct":80}}
,"D:\\projetos-particular\\PetLife\\apps\\web\\src\\components\\organisms\\PetForm\\index.tsx": {"lines":{"total":326,"covered":291,"skipped":0,"pct":89.26},"functions":{"total":15,"covered":6,"skipped":0,"pct":40},"statements":{"total":326,"covered":291,"skipped":0,"pct":89.26},"branches":{"total":49,"covered":35,"skipped":0,"pct":71.42}}
,"D:\\projetos-particular\\PetLife\\apps\\web\\src\\components\\organisms\\ProfileForm\\index.tsx": {"lines":{"total":140,"covered":107,"skipped":0,"pct":76.42},"functions":{"total":10,"covered":4,"skipped":0,"pct":40},"statements":{"total":140,"covered":107,"skipped":0,"pct":76.42},"branches":{"total":15,"covered":6,"skipped":0,"pct":40}}
,"D:\\projetos-particular\\PetLife\\apps\\web\\src\\components\\organisms\\RegisterForm\\index.tsx": {"lines":{"total":138,"covered":129,"skipped":0,"pct":93.47},"functions":{"total":8,"covered":7,"skipped":0,"pct":87.5},"statements":{"total":138,"covered":129,"skipped":0,"pct":93.47},"branches":{"total":20,"covered":14,"skipped":0,"pct":70}}
,"D:\\projetos-particular\\PetLife\\apps\\web\\src\\components\\organisms\\ResetPasswordForm\\index.tsx": {"lines":{"total":70,"covered":59,"skipped":0,"pct":84.28},"functions":{"total":4,"covered":4,"skipped":0,"pct":100},"statements":{"total":70,"covered":59,"skipped":0,"pct":84.28},"branches":{"total":10,"covered":5,"skipped":0,"pct":50}}
,"D:\\projetos-particular\\PetLife\\apps\\web\\src\\components\\organisms\\VaccinationsTab\\index.tsx": {"lines":{"total":90,"covered":88,"skipped":0,"pct":97.77},"functions":{"total":7,"covered":5,"skipped":0,"pct":71.42},"statements":{"total":90,"covered":88,"skipped":0,"pct":97.77},"branches":{"total":18,"covered":13,"skipped":0,"pct":72.22}}
,"D:\\projetos-particular\\PetLife\\apps\\web\\src\\components\\organisms\\VaccineForm\\index.tsx": {"lines":{"total":149,"covered":129,"skipped":0,"pct":86.57},"functions":{"total":6,"covered":3,"skipped":0,"pct":50},"statements":{"total":149,"covered":129,"skipped":0,"pct":86.57},"branches":{"total":25,"covered":21,"skipped":0,"pct":84}}
,"D:\\projetos-particular\\PetLife\\apps\\web\\src\\components\\organisms\\VaccineList\\index.tsx": {"lines":{"total":48,"covered":39,"skipped":0,"pct":81.25},"functions":{"total":2,"covered":2,"skipped":0,"pct":100},"statements":{"total":48,"covered":39,"skipped":0,"pct":81.25},"branches":{"total":5,"covered":3,"skipped":0,"pct":60}}
,"D:\\projetos-particular\\PetLife\\apps\\web\\src\\components\\organisms\\WeightChart\\index.tsx": {"lines":{"total":58,"covered":12,"skipped":0,"pct":20.68},"functions":{"total":2,"covered":1,"skipped":0,"pct":50},"statements":{"total":58,"covered":12,"skipped":0,"pct":20.68},"branches":{"total":4,"covered":2,"skipped":0,"pct":50}}
,"D:\\projetos-particular\\PetLife\\apps\\web\\src\\components\\pages\\AppointmentsPage\\index.tsx": {"lines":{"total":159,"covered":154,"skipped":0,"pct":96.85},"functions":{"total":7,"covered":4,"skipped":0,"pct":57.14},"statements":{"total":159,"covered":154,"skipped":0,"pct":96.85},"branches":{"total":18,"covered":13,"skipped":0,"pct":72.22}}
,"D:\\projetos-particular\\PetLife\\apps\\web\\src\\components\\pages\\DashboardPage\\index.tsx": {"lines":{"total":226,"covered":195,"skipped":0,"pct":86.28},"functions":{"total":9,"covered":2,"skipped":0,"pct":22.22},"statements":{"total":226,"covered":195,"skipped":0,"pct":86.28},"branches":{"total":35,"covered":23,"skipped":0,"pct":65.71}}
,"D:\\projetos-particular\\PetLife\\apps\\web\\src\\components\\pages\\GroomingPage\\index.tsx": {"lines":{"total":228,"covered":206,"skipped":0,"pct":90.35},"functions":{"total":8,"covered":3,"skipped":0,"pct":37.5},"statements":{"total":228,"covered":206,"skipped":0,"pct":90.35},"branches":{"total":40,"covered":27,"skipped":0,"pct":67.5}}
,"D:\\projetos-particular\\PetLife\\apps\\web\\src\\components\\pages\\MedicationsPage\\index.tsx": {"lines":{"total":684,"covered":502,"skipped":0,"pct":73.39},"functions":{"total":30,"covered":15,"skipped":0,"pct":50},"statements":{"total":684,"covered":502,"skipped":0,"pct":73.39},"branches":{"total":57,"covered":40,"skipped":0,"pct":70.17}}
,"D:\\projetos-particular\\PetLife\\apps\\web\\src\\components\\pages\\MemoriesPage\\index.tsx": {"lines":{"total":138,"covered":138,"skipped":0,"pct":100},"functions":{"total":3,"covered":3,"skipped":0,"pct":100},"statements":{"total":138,"covered":138,"skipped":0,"pct":100},"branches":{"total":7,"covered":7,"skipped":0,"pct":100}}
,"D:\\projetos-particular\\PetLife\\apps\\web\\src\\components\\pages\\OnboardingPage\\index.tsx": {"lines":{"total":52,"covered":52,"skipped":0,"pct":100},"functions":{"total":3,"covered":2,"skipped":0,"pct":66.66},"statements":{"total":52,"covered":52,"skipped":0,"pct":100},"branches":{"total":2,"covered":2,"skipped":0,"pct":100}}
,"D:\\projetos-particular\\PetLife\\apps\\web\\src\\components\\pages\\PetProfilePage\\index.tsx": {"lines":{"total":235,"covered":208,"skipped":0,"pct":88.51},"functions":{"total":10,"covered":1,"skipped":0,"pct":10},"statements":{"total":235,"covered":208,"skipped":0,"pct":88.51},"branches":{"total":20,"covered":11,"skipped":0,"pct":55}}
,"D:\\projetos-particular\\PetLife\\apps\\web\\src\\components\\pages\\RoutinePage\\index.tsx": {"lines":{"total":213,"covered":172,"skipped":0,"pct":80.75},"functions":{"total":9,"covered":3,"skipped":0,"pct":33.33},"statements":{"total":213,"covered":172,"skipped":0,"pct":80.75},"branches":{"total":32,"covered":31,"skipped":0,"pct":96.87}}
,"D:\\projetos-particular\\PetLife\\apps\\web\\src\\components\\templates\\AuthLayout\\index.tsx": {"lines":{"total":8,"covered":8,"skipped":0,"pct":100},"functions":{"total":1,"covered":1,"skipped":0,"pct":100},"statements":{"total":8,"covered":8,"skipped":0,"pct":100},"branches":{"total":1,"covered":1,"skipped":0,"pct":100}}
,"D:\\projetos-particular\\PetLife\\apps\\web\\src\\components\\templates\\DashboardLayout\\index.tsx": {"lines":{"total":118,"covered":114,"skipped":0,"pct":96.61},"functions":{"total":3,"covered":2,"skipped":0,"pct":66.66},"statements":{"total":118,"covered":114,"skipped":0,"pct":96.61},"branches":{"total":25,"covered":22,"skipped":0,"pct":88}}
,"D:\\projetos-particular\\PetLife\\apps\\web\\src\\contexts\\AuthContext.tsx": {"lines":{"total":61,"covered":59,"skipped":0,"pct":96.72},"functions":{"total":2,"covered":2,"skipped":0,"pct":100},"statements":{"total":61,"covered":59,"skipped":0,"pct":96.72},"branches":{"total":9,"covered":8,"skipped":0,"pct":88.88}}
,"D:\\projetos-particular\\PetLife\\apps\\web\\src\\domain\\pet\\Consultation.ts": {"lines":{"total":0,"covered":0,"skipped":0,"pct":0},"functions":{"total":1,"covered":1,"skipped":0,"pct":0},"statements":{"total":0,"covered":0,"skipped":0,"pct":0},"branches":{"total":1,"covered":1,"skipped":0,"pct":0}}
,"D:\\projetos-particular\\PetLife\\apps\\web\\src\\domain\\pet\\Grooming.ts": {"lines":{"total":0,"covered":0,"skipped":0,"pct":0},"functions":{"total":1,"covered":1,"skipped":0,"pct":0},"statements":{"total":0,"covered":0,"skipped":0,"pct":0},"branches":{"total":1,"covered":1,"skipped":0,"pct":0}}
,"D:\\projetos-particular\\PetLife\\apps\\web\\src\\domain\\pet\\Medication.ts": {"lines":{"total":0,"covered":0,"skipped":0,"pct":0},"functions":{"total":1,"covered":1,"skipped":0,"pct":0},"statements":{"total":0,"covered":0,"skipped":0,"pct":0},"branches":{"total":1,"covered":1,"skipped":0,"pct":0}}
,"D:\\projetos-particular\\PetLife\\apps\\web\\src\\domain\\pet\\Pet.ts": {"lines":{"total":0,"covered":0,"skipped":0,"pct":0},"functions":{"total":1,"covered":1,"skipped":0,"pct":0},"statements":{"total":0,"covered":0,"skipped":0,"pct":0},"branches":{"total":1,"covered":1,"skipped":0,"pct":0}}
,"D:\\projetos-particular\\PetLife\\apps\\web\\src\\domain\\pet\\Vaccination.ts": {"lines":{"total":0,"covered":0,"skipped":0,"pct":0},"functions":{"total":1,"covered":1,"skipped":0,"pct":0},"statements":{"total":0,"covered":0,"skipped":0,"pct":0},"branches":{"total":1,"covered":1,"skipped":0,"pct":0}}
,"D:\\projetos-particular\\PetLife\\apps\\web\\src\\infrastructure\\dto\\WeightRecordResponse.ts": {"lines":{"total":0,"covered":0,"skipped":0,"pct":0},"functions":{"total":1,"covered":1,"skipped":0,"pct":0},"statements":{"total":0,"covered":0,"skipped":0,"pct":0},"branches":{"total":1,"covered":1,"skipped":0,"pct":0}}
,"D:\\projetos-particular\\PetLife\\apps\\web\\src\\infrastructure\\http\\api.ts": {"lines":{"total":30,"covered":30,"skipped":0,"pct":100},"functions":{"total":1,"covered":1,"skipped":0,"pct":100},"statements":{"total":30,"covered":30,"skipped":0,"pct":100},"branches":{"total":6,"covered":5,"skipped":0,"pct":83.33}}
,"D:\\projetos-particular\\PetLife\\apps\\web\\src\\infrastructure\\http\\auth.api.ts": {"lines":{"total":19,"covered":19,"skipped":0,"pct":100},"functions":{"total":8,"covered":8,"skipped":0,"pct":100},"statements":{"total":19,"covered":19,"skipped":0,"pct":100},"branches":{"total":8,"covered":8,"skipped":0,"pct":100}}
,"D:\\projetos-particular\\PetLife\\apps\\web\\src\\infrastructure\\http\\consultation.api.ts": {"lines":{"total":31,"covered":31,"skipped":0,"pct":100},"functions":{"total":4,"covered":4,"skipped":0,"pct":100},"statements":{"total":31,"covered":31,"skipped":0,"pct":100},"branches":{"total":5,"covered":5,"skipped":0,"pct":100}}
,"D:\\projetos-particular\\PetLife\\apps\\web\\src\\infrastructure\\http\\grooming.api.ts": {"lines":{"total":26,"covered":26,"skipped":0,"pct":100},"functions":{"total":4,"covered":4,"skipped":0,"pct":100},"statements":{"total":26,"covered":26,"skipped":0,"pct":100},"branches":{"total":4,"covered":4,"skipped":0,"pct":100}}
,"D:\\projetos-particular\\PetLife\\apps\\web\\src\\infrastructure\\http\\medication.api.ts": {"lines":{"total":23,"covered":23,"skipped":0,"pct":100},"functions":{"total":5,"covered":5,"skipped":0,"pct":100},"statements":{"total":23,"covered":23,"skipped":0,"pct":100},"branches":{"total":5,"covered":5,"skipped":0,"pct":100}}
,"D:\\projetos-particular\\PetLife\\apps\\web\\src\\infrastructure\\http\\pet.api.ts": {"lines":{"total":26,"covered":26,"skipped":0,"pct":100},"functions":{"total":7,"covered":7,"skipped":0,"pct":100},"statements":{"total":26,"covered":26,"skipped":0,"pct":100},"branches":{"total":8,"covered":7,"skipped":0,"pct":87.5}}
,"D:\\projetos-particular\\PetLife\\apps\\web\\src\\infrastructure\\http\\vaccination.api.ts": {"lines":{"total":31,"covered":31,"skipped":0,"pct":100},"functions":{"total":5,"covered":5,"skipped":0,"pct":100},"statements":{"total":31,"covered":31,"skipped":0,"pct":100},"branches":{"total":5,"covered":5,"skipped":0,"pct":100}}
,"D:\\projetos-particular\\PetLife\\apps\\web\\src\\infrastructure\\storage\\tokenStorage.ts": {"lines":{"total":18,"covered":18,"skipped":0,"pct":100},"functions":{"total":5,"covered":5,"skipped":0,"pct":100},"statements":{"total":18,"covered":18,"skipped":0,"pct":100},"branches":{"total":5,"covered":5,"skipped":0,"pct":100}}
,"D:\\projetos-particular\\PetLife\\apps\\web\\src\\pages\\AppointmentsPage.tsx": {"lines":{"total":9,"covered":9,"skipped":0,"pct":100},"functions":{"total":1,"covered":1,"skipped":0,"pct":100},"statements":{"total":9,"covered":9,"skipped":0,"pct":100},"branches":{"total":1,"covered":1,"skipped":0,"pct":100}}
,"D:\\projetos-particular\\PetLife\\apps\\web\\src\\pages\\DashboardPage.tsx": {"lines":{"total":9,"covered":9,"skipped":0,"pct":100},"functions":{"total":1,"covered":1,"skipped":0,"pct":100},"statements":{"total":9,"covered":9,"skipped":0,"pct":100},"branches":{"total":1,"covered":1,"skipped":0,"pct":100}}
,"D:\\projetos-particular\\PetLife\\apps\\web\\src\\pages\\ForgotPasswordPage.tsx": {"lines":{"total":9,"covered":9,"skipped":0,"pct":100},"functions":{"total":1,"covered":1,"skipped":0,"pct":100},"statements":{"total":9,"covered":9,"skipped":0,"pct":100},"branches":{"total":1,"covered":1,"skipped":0,"pct":100}}
,"D:\\projetos-particular\\PetLife\\apps\\web\\src\\pages\\GroomingPage.tsx": {"lines":{"total":10,"covered":10,"skipped":0,"pct":100},"functions":{"total":1,"covered":1,"skipped":0,"pct":100},"statements":{"total":10,"covered":10,"skipped":0,"pct":100},"branches":{"total":1,"covered":1,"skipped":0,"pct":100}}
,"D:\\projetos-particular\\PetLife\\apps\\web\\src\\pages\\LoginPage.tsx": {"lines":{"total":9,"covered":9,"skipped":0,"pct":100},"functions":{"total":1,"covered":1,"skipped":0,"pct":100},"statements":{"total":9,"covered":9,"skipped":0,"pct":100},"branches":{"total":1,"covered":1,"skipped":0,"pct":100}}
,"D:\\projetos-particular\\PetLife\\apps\\web\\src\\pages\\MedicationsPage.tsx": {"lines":{"total":9,"covered":9,"skipped":0,"pct":100},"functions":{"total":1,"covered":1,"skipped":0,"pct":100},"statements":{"total":9,"covered":9,"skipped":0,"pct":100},"branches":{"total":1,"covered":1,"skipped":0,"pct":100}}
,"D:\\projetos-particular\\PetLife\\apps\\web\\src\\pages\\MemoriesPage.tsx": {"lines":{"total":9,"covered":9,"skipped":0,"pct":100},"functions":{"total":1,"covered":1,"skipped":0,"pct":100},"statements":{"total":9,"covered":9,"skipped":0,"pct":100},"branches":{"total":1,"covered":1,"skipped":0,"pct":100}}
,"D:\\projetos-particular\\PetLife\\apps\\web\\src\\pages\\OnboardingPage.tsx": {"lines":{"total":6,"covered":6,"skipped":0,"pct":100},"functions":{"total":1,"covered":1,"skipped":0,"pct":100},"statements":{"total":6,"covered":6,"skipped":0,"pct":100},"branches":{"total":1,"covered":1,"skipped":0,"pct":100}}
,"D:\\projetos-particular\\PetLife\\apps\\web\\src\\pages\\PetProfilePage.tsx": {"lines":{"total":9,"covered":9,"skipped":0,"pct":100},"functions":{"total":1,"covered":1,"skipped":0,"pct":100},"statements":{"total":9,"covered":9,"skipped":0,"pct":100},"branches":{"total":1,"covered":1,"skipped":0,"pct":100}}
,"D:\\projetos-particular\\PetLife\\apps\\web\\src\\pages\\ProfilePage.tsx": {"lines":{"total":9,"covered":9,"skipped":0,"pct":100},"functions":{"total":1,"covered":1,"skipped":0,"pct":100},"statements":{"total":9,"covered":9,"skipped":0,"pct":100},"branches":{"total":1,"covered":1,"skipped":0,"pct":100}}
,"D:\\projetos-particular\\PetLife\\apps\\web\\src\\pages\\RegisterPage.tsx": {"lines":{"total":9,"covered":9,"skipped":0,"pct":100},"functions":{"total":1,"covered":1,"skipped":0,"pct":100},"statements":{"total":9,"covered":9,"skipped":0,"pct":100},"branches":{"total":1,"covered":1,"skipped":0,"pct":100}}
,"D:\\projetos-particular\\PetLife\\apps\\web\\src\\pages\\ResetPasswordPage.tsx": {"lines":{"total":9,"covered":9,"skipped":0,"pct":100},"functions":{"total":1,"covered":1,"skipped":0,"pct":100},"statements":{"total":9,"covered":9,"skipped":0,"pct":100},"branches":{"total":1,"covered":1,"skipped":0,"pct":100}}
,"D:\\projetos-particular\\PetLife\\apps\\web\\src\\pages\\RoutinePage.tsx": {"lines":{"total":9,"covered":9,"skipped":0,"pct":100},"functions":{"total":1,"covered":1,"skipped":0,"pct":100},"statements":{"total":9,"covered":9,"skipped":0,"pct":100},"branches":{"total":1,"covered":1,"skipped":0,"pct":100}}
,"D:\\projetos-particular\\PetLife\\apps\\web\\src\\utils\\imageCompressor.ts": {"lines":{"total":60,"covered":12,"skipped":0,"pct":20},"functions":{"total":3,"covered":2,"skipped":0,"pct":66.66},"statements":{"total":60,"covered":12,"skipped":0,"pct":20},"branches":{"total":4,"covered":4,"skipped":0,"pct":100}}
,"D:\\projetos-particular\\PetLife\\apps\\web\\src\\utils\\validators.ts": {"lines":{"total":8,"covered":8,"skipped":0,"pct":100},"functions":{"total":4,"covered":4,"skipped":0,"pct":100},"statements":{"total":8,"covered":8,"skipped":0,"pct":100},"branches":{"total":4,"covered":4,"skipped":0,"pct":100}}
}
